              :-) GROMACS - gmx mdrun, 2021.4-Ubuntu-2021.4-2 (-:

                            GROMACS is written by:
     Andrey Alekseenko              Emile Apol              Rossen Apostolov     
         Paul Bauer           Herman J.C. Berendsen           Par Bjelkmar       
       Christian Blau           Viacheslav Bolnykh             Kevin Boyd        
     Aldert van Buuren           Rudi van Drunen             Anton Feenstra      
    Gilles Gouaillardet             Alan Gray               Gerrit Groenhof      
       Anca Hamuraru            Vincent Hindriksen          M. Eric Irrgang      
      Aleksei Iupinov           Christoph Junghans             Joe Jordan        
    Dimitrios Karkoulis            Peter Kasson                Jiri Kraus        
      Carsten Kutzner              Per Larsson              Justin A. Lemkul     
       Viveca Lindahl            Magnus Lundborg             Erik Marklund       
        Pascal Merz             Pieter Meulenhoff            Teemu Murtola       
        Szilard Pall               Sander Pronk              Roland Schulz       
       Michael Shirts            Alexey Shvetsov             Alfons Sijbers      
       Peter Tieleman              Jon Vincent              Teemu Virolainen     
     Christian Wennberg            Maarten Wolf              Artem Zhmurov       
                           and the project leaders:
        Mark Abraham, Berk Hess, Erik Lindahl, and David van der Spoel

Copyright (c) 1991-2000, University of Groningen, The Netherlands.
Copyright (c) 2001-2019, The GROMACS development team at
Uppsala University, Stockholm University and
the Royal Institute of Technology, Sweden.
check out http://www.gromacs.org for more information.

GROMACS is free software; you can redistribute it and/or modify it
under the terms of the GNU Lesser General Public License
as published by the Free Software Foundation; either version 2.1
of the License, or (at your option) any later version.

GROMACS:      gmx mdrun, version 2021.4-Ubuntu-2021.4-2
Executable:   /usr/bin/gmx
Data prefix:  /usr
Working dir:  /home/labo_pj/labo_app/gmxapp/user_id/3
Process ID:   1691
Command line:
  gmx mdrun -s ./output/md.tpr -deffnm ./output/md -v

GROMACS version:    2021.4-Ubuntu-2021.4-2
Precision:          mixed
Memory model:       64 bit
MPI library:        thread_mpi
OpenMP support:     enabled (GMX_OPENMP_MAX_THREADS = 64)
GPU support:        disabled
SIMD instructions:  SSE4.1
FFT library:        fftw-3.3.8-sse2-avx
RDTSCP usage:       enabled
TNG support:        enabled
Hwloc support:      hwloc-2.5.0
Tracing support:    disabled
C compiler:         /usr/bin/cc GNU 11.2.0
C compiler flags:   -msse4.1 -Wno-missing-field-initializers -fexcess-precision=fast -funroll-all-loops -O3 -DNDEBUG
C++ compiler:       /usr/bin/c++ GNU 11.2.0
C++ compiler flags: -msse4.1 -Wno-missing-field-initializers -fexcess-precision=fast -funroll-all-loops -fopenmp -O3 -DNDEBUG


Running on 1 node with total 16 cores, 32 logical cores
Hardware detected:
  CPU info:
    Vendor: AMD
    Brand:  AMD EPYC 7R32
    Family: 23   Model: 49   Stepping: 0
    Features: aes amd apic avx avx2 clfsh cmov cx8 cx16 f16c fma htt lahf misalignsse mmx msr nonstop_tsc pclmuldq pdpe1gb popcnt pse rdrnd rdtscp sha sse2 sse3 sse4a sse4.1 sse4.2 ssse3
  Hardware topology: Full, with devices
    Sockets, cores, and logical processors:
      Socket  0: [   0  16] [   1  17] [   2  18] [   3  19] [   4  20] [   5  21] [   6  22] [   7  23] [   8  24] [   9  25] [  10  26] [  11  27] [  12  28] [  13  29] [  14  30] [  15  31]
    Numa nodes:
      Node  0 (66689581056 bytes mem):   0  16   1  17   2  18   3  19   4  20   5  21   6  22   7  23   8  24   9  25  10  26  11  27  12  28  13  29  14  30  15  31
      Latency:
               0
         0  1.00
    Caches:
      L1: 32768 bytes, linesize 64 bytes, assoc. 8, shared 2 ways
      L2: 524288 bytes, linesize 64 bytes, assoc. 8, shared 2 ways
      L3: 16777216 bytes, linesize 64 bytes, assoc. 16, shared 8 ways
    PCI devices:
      0000:00:01.3  Id: 8086:7113  Class: 0x0000  Numa: 0
      0000:00:03.0  Id: 1d0f:1111  Class: 0x0300  Numa: 0
      0000:00:04.0  Id: 1d0f:8061  Class: 0x0108  Numa: 0
      0000:00:05.0  Id: 1d0f:ec20  Class: 0x0200  Numa: 0

Highest SIMD level supported by all nodes in run: AVX2_256
SIMD instructions selected at compile time:       SSE4.1
This program was compiled for different hardware than you are running on,
which could influence performance.

++++ PLEASE READ AND CITE THE FOLLOWING REFERENCE ++++
M. J. Abraham, T. Murtola, R. Schulz, S. Páll, J. C. Smith, B. Hess, E.
Lindahl
GROMACS: High performance molecular simulations through multi-level
parallelism from laptops to supercomputers
SoftwareX 1 (2015) pp. 19-25
-------- -------- --- Thank You --- -------- --------


++++ PLEASE READ AND CITE THE FOLLOWING REFERENCE ++++
S. Páll, M. J. Abraham, C. Kutzner, B. Hess, E. Lindahl
Tackling Exascale Software Challenges in Molecular Dynamics Simulations with
GROMACS
In S. Markidis & E. Laure (Eds.), Solving Software Challenges for Exascale 8759 (2015) pp. 3-27
-------- -------- --- Thank You --- -------- --------


++++ PLEASE READ AND CITE THE FOLLOWING REFERENCE ++++
S. Pronk, S. Páll, R. Schulz, P. Larsson, P. Bjelkmar, R. Apostolov, M. R.
Shirts, J. C. Smith, P. M. Kasson, D. van der Spoel, B. Hess, and E. Lindahl
GROMACS 4.5: a high-throughput and highly parallel open source molecular
simulation toolkit
Bioinformatics 29 (2013) pp. 845-54
-------- -------- --- Thank You --- -------- --------


++++ PLEASE READ AND CITE THE FOLLOWING REFERENCE ++++
B. Hess and C. Kutzner and D. van der Spoel and E. Lindahl
GROMACS 4: Algorithms for highly efficient, load-balanced, and scalable
molecular simulation
J. Chem. Theory Comput. 4 (2008) pp. 435-447
-------- -------- --- Thank You --- -------- --------


++++ PLEASE READ AND CITE THE FOLLOWING REFERENCE ++++
D. van der Spoel, E. Lindahl, B. Hess, G. Groenhof, A. E. Mark and H. J. C.
Berendsen
GROMACS: Fast, Flexible and Free
J. Comp. Chem. 26 (2005) pp. 1701-1719
-------- -------- --- Thank You --- -------- --------


++++ PLEASE READ AND CITE THE FOLLOWING REFERENCE ++++
E. Lindahl and B. Hess and D. van der Spoel
GROMACS 3.0: A package for molecular simulation and trajectory analysis
J. Mol. Mod. 7 (2001) pp. 306-317
-------- -------- --- Thank You --- -------- --------


++++ PLEASE READ AND CITE THE FOLLOWING REFERENCE ++++
H. J. C. Berendsen, D. van der Spoel and R. van Drunen
GROMACS: A message-passing parallel molecular dynamics implementation
Comp. Phys. Comm. 91 (1995) pp. 43-56
-------- -------- --- Thank You --- -------- --------

Input Parameters:
   integrator                     = md
   tinit                          = 0
   dt                             = 0.002
   nsteps                         = 500000
   init-step                      = 0
   simulation-part                = 1
   mts                            = false
   comm-mode                      = Linear
   nstcomm                        = 100
   bd-fric                        = 0
   ld-seed                        = -134363671
   emtol                          = 10
   emstep                         = 0.01
   niter                          = 20
   fcstep                         = 0
   nstcgsteep                     = 1000
   nbfgscorr                      = 10
   rtpi                           = 0.05
   nstxout                        = 0
   nstvout                        = 0
   nstfout                        = 0
   nstlog                         = 10000
   nstcalcenergy                  = 100
   nstenergy                      = 10000
   nstxout-compressed             = 1000
   compressed-x-precision         = 1000
   cutoff-scheme                  = Verlet
   nstlist                        = 10
   pbc                            = xyz
   periodic-molecules             = false
   verlet-buffer-tolerance        = 0.005
   rlist                          = 1.118
   coulombtype                    = Cut-off
   coulomb-modifier               = Potential-shift
   rcoulomb-switch                = 0
   rcoulomb                       = 1
   epsilon-r                      = 1
   epsilon-rf                     = inf
   vdw-type                       = Cut-off
   vdw-modifier                   = Potential-shift
   rvdw-switch                    = 0
   rvdw                           = 1
   DispCorr                       = EnerPres
   table-extension                = 1
   fourierspacing                 = 0.12
   fourier-nx                     = 0
   fourier-ny                     = 0
   fourier-nz                     = 0
   pme-order                      = 4
   ewald-rtol                     = 1e-05
   ewald-rtol-lj                  = 0.001
   lj-pme-comb-rule               = Geometric
   ewald-geometry                 = 0
   epsilon-surface                = 0
   tcoupl                         = Nose-Hoover
   nsttcouple                     = 10
   nh-chain-length                = 1
   print-nose-hoover-chain-variables = false
   pcoupl                         = No
   pcoupltype                     = Isotropic
   nstpcouple                     = -1
   tau-p                          = 1
   compressibility (3x3):
      compressibility[    0]={ 0.00000e+00,  0.00000e+00,  0.00000e+00}
      compressibility[    1]={ 0.00000e+00,  0.00000e+00,  0.00000e+00}
      compressibility[    2]={ 0.00000e+00,  0.00000e+00,  0.00000e+00}
   ref-p (3x3):
      ref-p[    0]={ 0.00000e+00,  0.00000e+00,  0.00000e+00}
      ref-p[    1]={ 0.00000e+00,  0.00000e+00,  0.00000e+00}
      ref-p[    2]={ 0.00000e+00,  0.00000e+00,  0.00000e+00}
   refcoord-scaling               = No
   posres-com (3):
      posres-com[0]= 0.00000e+00
      posres-com[1]= 0.00000e+00
      posres-com[2]= 0.00000e+00
   posres-comB (3):
      posres-comB[0]= 0.00000e+00
      posres-comB[1]= 0.00000e+00
      posres-comB[2]= 0.00000e+00
   QMMM                           = false
qm-opts:
   ngQM                           = 0
   constraint-algorithm           = Lincs
   continuation                   = false
   Shake-SOR                      = false
   shake-tol                      = 0.0001
   lincs-order                    = 4
   lincs-iter                     = 1
   lincs-warnangle                = 30
   nwall                          = 0
   wall-type                      = 9-3
   wall-r-linpot                  = -1
   wall-atomtype[0]               = -1
   wall-atomtype[1]               = -1
   wall-density[0]                = 0
   wall-density[1]                = 0
   wall-ewald-zfac                = 3
   pull                           = false
   awh                            = false
   rotation                       = false
   interactiveMD                  = false
   disre                          = No
   disre-weighting                = Conservative
   disre-mixed                    = false
   dr-fc                          = 1000
   dr-tau                         = 0
   nstdisreout                    = 100
   orire-fc                       = 0
   orire-tau                      = 0
   nstorireout                    = 100
   free-energy                    = no
   cos-acceleration               = 0
   deform (3x3):
      deform[    0]={ 0.00000e+00,  0.00000e+00,  0.00000e+00}
      deform[    1]={ 0.00000e+00,  0.00000e+00,  0.00000e+00}
      deform[    2]={ 0.00000e+00,  0.00000e+00,  0.00000e+00}
   simulated-tempering            = false
   swapcoords                     = no
   userint1                       = 0
   userint2                       = 0
   userint3                       = 0
   userint4                       = 0
   userreal1                      = 0
   userreal2                      = 0
   userreal3                      = 0
   userreal4                      = 0
   applied-forces:
     electric-field:
       x:
         E0                       = 0
         omega                    = 0
         t0                       = 0
         sigma                    = 0
       y:
         E0                       = 0
         omega                    = 0
         t0                       = 0
         sigma                    = 0
       z:
         E0                       = 0
         omega                    = 0
         t0                       = 0
         sigma                    = 0
     density-guided-simulation:
       active                     = false
       group                      = protein
       similarity-measure         = inner-product
       atom-spreading-weight      = unity
       force-constant             = 1e+09
       gaussian-transform-spreading-width = 0.2
       gaussian-transform-spreading-range-in-multiples-of-width = 4
       reference-density-filename = reference.mrc
       nst                        = 1
       normalize-densities        = true
       adaptive-force-scaling     = false
       adaptive-force-scaling-time-constant = 4
       shift-vector               = 
       transformation-matrix      = 
grpopts:
   nrdf:        5997
   ref-t:      523.15
   tau-t:         0.5
annealing:          No
annealing-npoints:           0
   acc:	           0           0           0
   nfreeze:           N           N           N
   energygrp-flags[  0]: 0

Changing nstlist from 10 to 20, rlist from 1.118 to 1.251


Initializing Domain Decomposition on 32 ranks
Dynamic load balancing: auto
Using update groups, nr 1000, average size 3.0 atoms, max. radius 0.078 nm
Minimum cell size due to atom displacement: 0.186 nm
Scaling the initial minimum size with 1/0.8 (option -dds) = 1.25
Optimizing the DD grid for 32 cells with a minimum initial size of 0.233 nm
The maximum allowed number of cells is: X 30 Y 30 Z 30
Domain decomposition grid 4 x 4 x 2, separate PME ranks 0
Domain decomposition rank 0, coordinates 0 0 0

The initial number of communication pulses is: X 1 Y 1 Z 1
The initial domain decomposition cell size is: X 1.75 nm Y 1.75 nm Z 3.50 nm

When dynamic load balancing gets turned on, these settings will change to:
The maximum number of communication pulses is: X 2 Y 2 Z 1
The minimum size for domain decomposition cells is 0.704 nm
The requested allowed shrink of DD cells (option -dds) is: 0.80
The allowed shrink of domain decomposition cells is: X 0.40 Y 0.40 Z 0.40

Using 32 MPI threads
Using 1 OpenMP thread per tMPI thread

Pinning threads with an auto-selected logical core stride of 1
System total charge: 0.000
Potential shift: LJ r^-12: -1.000e+00 r^-6: -1.000e+00, Coulomb -1e+00
Long Range LJ corr.: <C6> 2.7653e-04


Using SIMD 4x4 nonbonded short-range kernels

Using a dual 4x4 pair-list setup updated with dynamic pruning:
  outer list: updated every 20 steps, buffer 0.251 nm, rlist 1.251 nm
  inner list: updated every  4 steps, buffer 0.033 nm, rlist 1.033 nm
At tolerance 0.005 kJ/mol/ps per atom, equivalent classical 1x1 list would be:
  outer list: updated every 20 steps, buffer 0.305 nm, rlist 1.305 nm
  inner list: updated every  4 steps, buffer 0.043 nm, rlist 1.043 nm

Using geometric Lennard-Jones combination rule
Removing pbc first time

++++ PLEASE READ AND CITE THE FOLLOWING REFERENCE ++++
S. Miyamoto and P. A. Kollman
SETTLE: An Analytical Version of the SHAKE and RATTLE Algorithms for Rigid
Water Models
J. Comp. Chem. 13 (1992) pp. 952-962
-------- -------- --- Thank You --- -------- --------


Linking all bonded interactions to atoms


Intra-simulation communication will occur every 10 steps.
There are: 3000 Atoms
Atom distribution over 32 domains: av 93 stddev 18 min 69 max 126

Constraining the starting coordinates (step 0)

Constraining the coordinates at t0-dt (step 0)
Center of mass motion removal mode is Linear
We have the following groups for center of mass motion removal:
  0:  rest
RMS relative constraint deviation after constraining: 0.00e+00
Initial temperature: 2.98375e-07 K

Started mdrun on rank 0 Tue Jan 23 17:54:15 2024

           Step           Time
              0        0.00000

   Energies (kJ/mol)
        LJ (SR)  Disper. corr.   Coulomb (SR)      Potential    Kinetic En.
    1.24664e+02   -2.99782e+01   -2.98752e+03   -2.89283e+03    1.48988e+01
   Total Energy  Conserved En.    Temperature Pres. DC (bar) Pressure (bar)
   -2.87794e+03   -2.87794e+03    5.97602e-01   -1.47139e+00   -3.42222e+01


DD  step 19 load imb.: force  9.0%

step 40 Turning on dynamic load balancing, because the performance loss due to load imbalance is 3.9 %.

DD  load balancing is limited by minimum cell size in dimension Y Z
DD  step 9999  vol min/aver 0.159! load imb.: force 19.0%
           Step           Time
          10000       20.00000

   Energies (kJ/mol)
        LJ (SR)  Disper. corr.   Coulomb (SR)      Potential    Kinetic En.
    1.97814e+03   -2.99782e+01   -1.68467e+04   -1.48985e+04    1.33648e+04
   Total Energy  Conserved En.    Temperature Pres. DC (bar) Pressure (bar)
   -1.53367e+03    1.48743e+03    5.36075e+02   -1.47139e+00    2.48007e+01


step 11200 Turning off dynamic load balancing, because it is degrading performance.
Atom distribution over 32 domains: av 93 stddev 42 min 18 max 213
step 14000 Turning on dynamic load balancing, because the performance loss due to load imbalance is 3.7 %.
step 14400 Turning off dynamic load balancing, because it is degrading performance.
Atom distribution over 32 domains: av 93 stddev 46 min 33 max 225
step 16000 Will no longer try dynamic load balancing, as it degraded performance.

DD  step 19999 load imb.: force 81.1%
           Step           Time
          20000       40.00000

   Energies (kJ/mol)
        LJ (SR)  Disper. corr.   Coulomb (SR)      Potential    Kinetic En.
    1.81490e+03   -2.99782e+01   -1.81680e+04   -1.63831e+04    1.32593e+04
   Total Energy  Conserved En.    Temperature Pres. DC (bar) Pressure (bar)
   -3.12376e+03    4.25557e+03    5.31843e+02   -1.47139e+00   -7.96162e+01


DD  step 29999 load imb.: force 120.9%
           Step           Time
          30000       60.00000

   Energies (kJ/mol)
        LJ (SR)  Disper. corr.   Coulomb (SR)      Potential    Kinetic En.
    2.06199e+03   -2.99782e+01   -2.10742e+04   -1.90422e+04    1.29665e+04
   Total Energy  Conserved En.    Temperature Pres. DC (bar) Pressure (bar)
   -6.07570e+03    7.77941e+03    5.20097e+02   -1.47139e+00   -2.28768e+00


DD  step 39999 load imb.: force 149.9%
           Step           Time
          40000       80.00000

   Energies (kJ/mol)
        LJ (SR)  Disper. corr.   Coulomb (SR)      Potential    Kinetic En.
    2.60419e+03   -2.99782e+01   -2.30181e+04   -2.04439e+04    1.29103e+04
   Total Energy  Conserved En.    Temperature Pres. DC (bar) Pressure (bar)
   -7.53358e+03    1.22339e+04    5.17845e+02   -1.47139e+00   -1.01548e+01


DD  step 49999 load imb.: force 169.0%
           Step           Time
          50000      100.00000

   Energies (kJ/mol)
        LJ (SR)  Disper. corr.   Coulomb (SR)      Potential    Kinetic En.
    2.49573e+03   -2.99782e+01   -2.29977e+04   -2.05320e+04    1.33021e+04
   Total Energy  Conserved En.    Temperature Pres. DC (bar) Pressure (bar)
   -7.22984e+03    1.72590e+04    5.33559e+02   -1.47139e+00   -1.58773e+01


DD  step 59999 load imb.: force 168.3%
           Step           Time
          60000      120.00000

   Energies (kJ/mol)
        LJ (SR)  Disper. corr.   Coulomb (SR)      Potential    Kinetic En.
    2.35278e+03   -2.99782e+01   -2.25099e+04   -2.01871e+04    1.25886e+04
   Total Energy  Conserved En.    Temperature Pres. DC (bar) Pressure (bar)
   -7.59855e+03    2.23756e+04    5.04938e+02   -1.47139e+00    4.42841e+01


DD  step 69999 load imb.: force 148.6%
           Step           Time
          70000      140.00000

   Energies (kJ/mol)
        LJ (SR)  Disper. corr.   Coulomb (SR)      Potential    Kinetic En.
    2.62360e+03   -2.99782e+01   -2.40320e+04   -2.14384e+04    1.30585e+04
   Total Energy  Conserved En.    Temperature Pres. DC (bar) Pressure (bar)
   -8.37992e+03    2.81073e+04    5.23786e+02   -1.47139e+00    2.82605e+02


DD  step 79999 load imb.: force 151.1%
           Step           Time
          80000      160.00000

   Energies (kJ/mol)
        LJ (SR)  Disper. corr.   Coulomb (SR)      Potential    Kinetic En.
    2.55927e+03   -2.99782e+01   -2.53628e+04   -2.28335e+04    1.27824e+04
   Total Energy  Conserved En.    Temperature Pres. DC (bar) Pressure (bar)
   -1.00511e+04    3.38265e+04    5.12714e+02   -1.47139e+00   -5.80821e+00


DD  step 89999 load imb.: force 140.8%
           Step           Time
          90000      180.00000

   Energies (kJ/mol)
        LJ (SR)  Disper. corr.   Coulomb (SR)      Potential    Kinetic En.
    3.05379e+03   -2.99782e+01   -2.58882e+04   -2.28644e+04    1.28732e+04
   Total Energy  Conserved En.    Temperature Pres. DC (bar) Pressure (bar)
   -9.99121e+03    4.06039e+04    5.16353e+02   -1.47139e+00    8.43616e+01


DD  step 99999 load imb.: force 149.1%
           Step           Time
         100000      200.00000

   Energies (kJ/mol)
        LJ (SR)  Disper. corr.   Coulomb (SR)      Potential    Kinetic En.
    2.49596e+03   -2.99782e+01   -2.52168e+04   -2.27508e+04    1.27317e+04
   Total Energy  Conserved En.    Temperature Pres. DC (bar) Pressure (bar)
   -1.00191e+04    4.73371e+04    5.10680e+02   -1.47139e+00    3.07043e+01


DD  step 109999 load imb.: force 156.7%
           Step           Time
         110000      220.00000

   Energies (kJ/mol)
        LJ (SR)  Disper. corr.   Coulomb (SR)      Potential    Kinetic En.
    2.65064e+03   -2.99782e+01   -2.58422e+04   -2.32215e+04    1.32724e+04
   Total Energy  Conserved En.    Temperature Pres. DC (bar) Pressure (bar)
   -9.94907e+03    5.41346e+04    5.32369e+02   -1.47139e+00    3.33412e+01


DD  step 119999 load imb.: force 172.4%
           Step           Time
         120000      240.00000

   Energies (kJ/mol)
        LJ (SR)  Disper. corr.   Coulomb (SR)      Potential    Kinetic En.
    2.79953e+03   -2.99782e+01   -2.75519e+04   -2.47823e+04    1.31284e+04
   Total Energy  Conserved En.    Temperature Pres. DC (bar) Pressure (bar)
   -1.16539e+04    6.11945e+04    5.26593e+02   -1.47139e+00   -5.48987e+00


DD  step 129999 load imb.: force 182.1%
           Step           Time
         130000      260.00000

   Energies (kJ/mol)
        LJ (SR)  Disper. corr.   Coulomb (SR)      Potential    Kinetic En.
    2.78134e+03   -2.99782e+01   -2.63712e+04   -2.36198e+04    1.31742e+04
   Total Energy  Conserved En.    Temperature Pres. DC (bar) Pressure (bar)
   -1.04456e+04    6.80256e+04    5.28428e+02   -1.47139e+00    2.40738e+02


DD  step 139999 load imb.: force 189.3%
           Step           Time
         140000      280.00000

   Energies (kJ/mol)
        LJ (SR)  Disper. corr.   Coulomb (SR)      Potential    Kinetic En.
    2.83533e+03   -2.99782e+01   -2.67396e+04   -2.39342e+04    1.28936e+04
   Total Energy  Conserved En.    Temperature Pres. DC (bar) Pressure (bar)
   -1.10406e+04    7.52155e+04    5.17173e+02   -1.47139e+00   -2.48115e+01


DD  step 149999 load imb.: force 201.3%
           Step           Time
         150000      300.00000

   Energies (kJ/mol)
        LJ (SR)  Disper. corr.   Coulomb (SR)      Potential    Kinetic En.
    3.18466e+03   -2.99782e+01   -2.61570e+04   -2.30024e+04    1.30389e+04
   Total Energy  Conserved En.    Temperature Pres. DC (bar) Pressure (bar)
   -9.96349e+03    8.23348e+04    5.23000e+02   -1.47139e+00    1.02828e+02


DD  step 159999 load imb.: force 182.6%
           Step           Time
         160000      320.00000

   Energies (kJ/mol)
        LJ (SR)  Disper. corr.   Coulomb (SR)      Potential    Kinetic En.
    2.79636e+03   -2.99782e+01   -2.43485e+04   -2.15821e+04    1.38754e+04
   Total Energy  Conserved En.    Temperature Pres. DC (bar) Pressure (bar)
   -7.70669e+03    8.89854e+04    5.56555e+02   -1.47139e+00    1.32660e+02


DD  step 169999 load imb.: force 191.8%
           Step           Time
         170000      340.00000

   Energies (kJ/mol)
        LJ (SR)  Disper. corr.   Coulomb (SR)      Potential    Kinetic En.
    2.67482e+03   -2.99782e+01   -2.49684e+04   -2.23235e+04    1.32305e+04
   Total Energy  Conserved En.    Temperature Pres. DC (bar) Pressure (bar)
   -9.09308e+03    9.59486e+04    5.30685e+02   -1.47139e+00    7.76592e+01


DD  step 179999 load imb.: force 183.3%
           Step           Time
         180000      360.00000

   Energies (kJ/mol)
        LJ (SR)  Disper. corr.   Coulomb (SR)      Potential    Kinetic En.
    2.91485e+03   -2.99782e+01   -2.61875e+04   -2.33026e+04    1.31806e+04
   Total Energy  Conserved En.    Temperature Pres. DC (bar) Pressure (bar)
   -1.01221e+04    1.02768e+05    5.28684e+02   -1.47139e+00    1.22316e+02


DD  step 189999 load imb.: force 169.9%
           Step           Time
         190000      380.00000

   Energies (kJ/mol)
        LJ (SR)  Disper. corr.   Coulomb (SR)      Potential    Kinetic En.
    2.52587e+03   -2.99782e+01   -2.60538e+04   -2.35579e+04    1.27139e+04
   Total Energy  Conserved En.    Temperature Pres. DC (bar) Pressure (bar)
   -1.08440e+04    1.09882e+05    5.09966e+02   -1.47139e+00    1.64491e+00


DD  step 199999 load imb.: force 149.2%
           Step           Time
         200000      400.00000

   Energies (kJ/mol)
        LJ (SR)  Disper. corr.   Coulomb (SR)      Potential    Kinetic En.
    2.94847e+03   -2.99782e+01   -2.56621e+04   -2.27436e+04    1.29822e+04
   Total Energy  Conserved En.    Temperature Pres. DC (bar) Pressure (bar)
   -9.76137e+03    1.16785e+05    5.20728e+02   -1.47139e+00    2.07125e+02


DD  step 209999 load imb.: force 153.6%
           Step           Time
         210000      420.00000

   Energies (kJ/mol)
        LJ (SR)  Disper. corr.   Coulomb (SR)      Potential    Kinetic En.
    2.66532e+03   -2.99782e+01   -2.44724e+04   -2.18371e+04    1.30731e+04
   Total Energy  Conserved En.    Temperature Pres. DC (bar) Pressure (bar)
   -8.76404e+03    1.23240e+05    5.24371e+02   -1.47139e+00    1.74782e+01


DD  step 219999 load imb.: force 179.9%
           Step           Time
         220000      440.00000

   Energies (kJ/mol)
        LJ (SR)  Disper. corr.   Coulomb (SR)      Potential    Kinetic En.
    2.36247e+03   -2.99782e+01   -2.37537e+04   -2.14212e+04    1.28217e+04
   Total Energy  Conserved En.    Temperature Pres. DC (bar) Pressure (bar)
   -8.59954e+03    1.29313e+05    5.14289e+02   -1.47139e+00    2.79524e+01


DD  step 229999 load imb.: force 166.2%
           Step           Time
         230000      460.00000

   Energies (kJ/mol)
        LJ (SR)  Disper. corr.   Coulomb (SR)      Potential    Kinetic En.
    2.68951e+03   -2.99782e+01   -2.57344e+04   -2.30748e+04    1.31833e+04
   Total Energy  Conserved En.    Temperature Pres. DC (bar) Pressure (bar)
   -9.89159e+03    1.35801e+05    5.28792e+02   -1.47139e+00   -6.60372e+01


DD  step 239999 load imb.: force 152.9%
           Step           Time
         240000      480.00000

   Energies (kJ/mol)
        LJ (SR)  Disper. corr.   Coulomb (SR)      Potential    Kinetic En.
    2.67315e+03   -2.99782e+01   -2.46338e+04   -2.19907e+04    1.34468e+04
   Total Energy  Conserved En.    Temperature Pres. DC (bar) Pressure (bar)
   -8.54384e+03    1.41831e+05    5.39363e+02   -1.47139e+00    2.07690e+02


DD  step 249999 load imb.: force 133.7%
           Step           Time
         250000      500.00000

   Energies (kJ/mol)
        LJ (SR)  Disper. corr.   Coulomb (SR)      Potential    Kinetic En.
    2.57884e+03   -2.99782e+01   -2.40041e+04   -2.14552e+04    1.30851e+04
   Total Energy  Conserved En.    Temperature Pres. DC (bar) Pressure (bar)
   -8.37016e+03    1.47699e+05    5.24854e+02   -1.47139e+00    1.43232e+01


DD  step 259999 load imb.: force 135.4%
           Step           Time
         260000      520.00000

   Energies (kJ/mol)
        LJ (SR)  Disper. corr.   Coulomb (SR)      Potential    Kinetic En.
    2.49788e+03   -2.99782e+01   -2.51991e+04   -2.27312e+04    1.28481e+04
   Total Energy  Conserved En.    Temperature Pres. DC (bar) Pressure (bar)
   -9.88307e+03    1.53706e+05    5.15349e+02   -1.47139e+00   -2.98026e+01


DD  step 269999 load imb.: force 160.1%
           Step           Time
         270000      540.00000

   Energies (kJ/mol)
        LJ (SR)  Disper. corr.   Coulomb (SR)      Potential    Kinetic En.
    2.72402e+03   -2.99782e+01   -2.62693e+04   -2.35753e+04    1.32875e+04
   Total Energy  Conserved En.    Temperature Pres. DC (bar) Pressure (bar)
   -1.02878e+04    1.60653e+05    5.32973e+02   -1.47139e+00    1.24344e+02


DD  step 279999 load imb.: force 158.0%
           Step           Time
         280000      560.00000

   Energies (kJ/mol)
        LJ (SR)  Disper. corr.   Coulomb (SR)      Potential    Kinetic En.
    2.77424e+03   -2.99782e+01   -2.52092e+04   -2.24649e+04    1.29787e+04
   Total Energy  Conserved En.    Temperature Pres. DC (bar) Pressure (bar)
   -9.48623e+03    1.67356e+05    5.20587e+02   -1.47139e+00    1.14559e+02


DD  step 289999 load imb.: force 154.5%
           Step           Time
         290000      580.00000

   Energies (kJ/mol)
        LJ (SR)  Disper. corr.   Coulomb (SR)      Potential    Kinetic En.
    2.37961e+03   -2.99782e+01   -2.44845e+04   -2.21349e+04    1.30060e+04
   Total Energy  Conserved En.    Temperature Pres. DC (bar) Pressure (bar)
   -9.12888e+03    1.73786e+05    5.21681e+02   -1.47139e+00    1.02002e+02


DD  step 299999 load imb.: force 168.2%
           Step           Time
         300000      600.00000

   Energies (kJ/mol)
        LJ (SR)  Disper. corr.   Coulomb (SR)      Potential    Kinetic En.
    2.69813e+03   -2.99782e+01   -2.45562e+04   -2.18880e+04    1.30892e+04
   Total Energy  Conserved En.    Temperature Pres. DC (bar) Pressure (bar)
   -8.79886e+03    1.80028e+05    5.25018e+02   -1.47139e+00    1.40080e+02


DD  step 309999 load imb.: force 187.3%
           Step           Time
         310000      620.00000

   Energies (kJ/mol)
        LJ (SR)  Disper. corr.   Coulomb (SR)      Potential    Kinetic En.
    2.42804e+03   -2.99782e+01   -2.54889e+04   -2.30909e+04    1.32268e+04
   Total Energy  Conserved En.    Temperature Pres. DC (bar) Pressure (bar)
   -9.86409e+03    1.86917e+05    5.30537e+02   -1.47139e+00   -8.61315e+01


DD  step 319999 load imb.: force 191.1%
           Step           Time
         320000      640.00000

   Energies (kJ/mol)
        LJ (SR)  Disper. corr.   Coulomb (SR)      Potential    Kinetic En.
    2.49586e+03   -2.99782e+01   -2.57027e+04   -2.32369e+04    1.29625e+04
   Total Energy  Conserved En.    Temperature Pres. DC (bar) Pressure (bar)
   -1.02744e+04    1.93690e+05    5.19935e+02   -1.47139e+00    1.12191e+02


DD  step 329999 load imb.: force 180.7%
           Step           Time
         330000      660.00000

   Energies (kJ/mol)
        LJ (SR)  Disper. corr.   Coulomb (SR)      Potential    Kinetic En.
    2.63089e+03   -2.99782e+01   -2.58772e+04   -2.32763e+04    1.28641e+04
   Total Energy  Conserved En.    Temperature Pres. DC (bar) Pressure (bar)
   -1.04122e+04    2.00324e+05    5.15989e+02   -1.47139e+00   -2.31734e+01


DD  step 339999 load imb.: force 233.3%
           Step           Time
         340000      680.00000

   Energies (kJ/mol)
        LJ (SR)  Disper. corr.   Coulomb (SR)      Potential    Kinetic En.
    3.11224e+03   -2.99782e+01   -2.61400e+04   -2.30577e+04    1.29112e+04
   Total Energy  Conserved En.    Temperature Pres. DC (bar) Pressure (bar)
   -1.01465e+04    2.07259e+05    5.17879e+02   -1.47139e+00    1.48125e+02


DD  step 349999 load imb.: force 202.2%
           Step           Time
         350000      700.00000

   Energies (kJ/mol)
        LJ (SR)  Disper. corr.   Coulomb (SR)      Potential    Kinetic En.
    2.47844e+03   -2.99782e+01   -2.59174e+04   -2.34689e+04    1.29503e+04
   Total Energy  Conserved En.    Temperature Pres. DC (bar) Pressure (bar)
   -1.05186e+04    2.13811e+05    5.19449e+02   -1.47139e+00    2.06984e+00


DD  step 359999 load imb.: force 175.3%
           Step           Time
         360000      720.00000

   Energies (kJ/mol)
        LJ (SR)  Disper. corr.   Coulomb (SR)      Potential    Kinetic En.
    2.49936e+03   -2.99782e+01   -2.55811e+04   -2.31117e+04    1.27419e+04
   Total Energy  Conserved En.    Temperature Pres. DC (bar) Pressure (bar)
   -1.03698e+04    2.20788e+05    5.11088e+02   -1.47139e+00   -5.16298e+01


DD  step 369999 load imb.: force 155.3%
           Step           Time
         370000      740.00000

   Energies (kJ/mol)
        LJ (SR)  Disper. corr.   Coulomb (SR)      Potential    Kinetic En.
    2.53820e+03   -2.99782e+01   -2.51717e+04   -2.26635e+04    1.40035e+04
   Total Energy  Conserved En.    Temperature Pres. DC (bar) Pressure (bar)
   -8.65997e+03    2.27560e+05    5.61693e+02   -1.47139e+00    1.05617e+02


DD  step 379999 load imb.: force 214.7%
           Step           Time
         380000      760.00000

   Energies (kJ/mol)
        LJ (SR)  Disper. corr.   Coulomb (SR)      Potential    Kinetic En.
    2.34503e+03   -2.99782e+01   -2.53801e+04   -2.30650e+04    1.31991e+04
   Total Energy  Conserved En.    Temperature Pres. DC (bar) Pressure (bar)
   -9.86589e+03    2.34878e+05    5.29429e+02   -1.47139e+00    4.64594e+01


DD  step 389999 load imb.: force 199.9%
           Step           Time
         390000      780.00000

   Energies (kJ/mol)
        LJ (SR)  Disper. corr.   Coulomb (SR)      Potential    Kinetic En.
    2.67341e+03   -2.99782e+01   -2.47903e+04   -2.21469e+04    1.32737e+04
   Total Energy  Conserved En.    Temperature Pres. DC (bar) Pressure (bar)
   -8.87314e+03    2.41401e+05    5.32421e+02   -1.47139e+00    2.01840e+02


DD  step 399999 load imb.: force 175.1%
           Step           Time
         400000      800.00000

   Energies (kJ/mol)
        LJ (SR)  Disper. corr.   Coulomb (SR)      Potential    Kinetic En.
    2.68573e+03   -2.99782e+01   -2.62721e+04   -2.36163e+04    1.31542e+04
   Total Energy  Conserved En.    Temperature Pres. DC (bar) Pressure (bar)
   -1.04621e+04    2.48514e+05    5.27627e+02   -1.47139e+00   -3.44638e+01


DD  step 409999 load imb.: force 203.5%
           Step           Time
         410000      820.00000

   Energies (kJ/mol)
        LJ (SR)  Disper. corr.   Coulomb (SR)      Potential    Kinetic En.
    2.83319e+03   -2.99782e+01   -2.60657e+04   -2.32624e+04    1.30418e+04
   Total Energy  Conserved En.    Temperature Pres. DC (bar) Pressure (bar)
   -1.02206e+04    2.55410e+05    5.23118e+02   -1.47139e+00    2.87208e+01


DD  step 419999 load imb.: force 206.9%
           Step           Time
         420000      840.00000

   Energies (kJ/mol)
        LJ (SR)  Disper. corr.   Coulomb (SR)      Potential    Kinetic En.
    2.82640e+03   -2.99782e+01   -2.64836e+04   -2.36872e+04    1.27602e+04
   Total Energy  Conserved En.    Temperature Pres. DC (bar) Pressure (bar)
   -1.09270e+04    2.62586e+05    5.11821e+02   -1.47139e+00    1.15189e+02


DD  step 429999 load imb.: force 190.1%
           Step           Time
         430000      860.00000

   Energies (kJ/mol)
        LJ (SR)  Disper. corr.   Coulomb (SR)      Potential    Kinetic En.
    2.93759e+03   -2.99782e+01   -2.55215e+04   -2.26139e+04    1.31418e+04
   Total Energy  Conserved En.    Temperature Pres. DC (bar) Pressure (bar)
   -9.47209e+03    2.69377e+05    5.27128e+02   -1.47139e+00    1.08187e+02


DD  step 439999 load imb.: force 210.2%
           Step           Time
         440000      880.00000

   Energies (kJ/mol)
        LJ (SR)  Disper. corr.   Coulomb (SR)      Potential    Kinetic En.
    2.77681e+03   -2.99782e+01   -2.55963e+04   -2.28495e+04    1.31424e+04
   Total Energy  Conserved En.    Temperature Pres. DC (bar) Pressure (bar)
   -9.70708e+03    2.76507e+05    5.27153e+02   -1.47139e+00    7.65676e+01


DD  step 449999 load imb.: force 165.3%
           Step           Time
         450000      900.00000

   Energies (kJ/mol)
        LJ (SR)  Disper. corr.   Coulomb (SR)      Potential    Kinetic En.
    2.27430e+03   -2.99782e+01   -2.36277e+04   -2.13833e+04    1.32845e+04
   Total Energy  Conserved En.    Temperature Pres. DC (bar) Pressure (bar)
   -8.09882e+03    2.83122e+05    5.32853e+02   -1.47139e+00    3.11434e+01


DD  step 459999 load imb.: force 160.6%
           Step           Time
         460000      920.00000

   Energies (kJ/mol)
        LJ (SR)  Disper. corr.   Coulomb (SR)      Potential    Kinetic En.
    2.45400e+03   -2.99782e+01   -2.52657e+04   -2.28417e+04    1.32049e+04
   Total Energy  Conserved En.    Temperature Pres. DC (bar) Pressure (bar)
   -9.63678e+03    2.89928e+05    5.29659e+02   -1.47139e+00   -1.94986e+01


DD  step 469999 load imb.: force 144.8%
           Step           Time
         470000      940.00000

   Energies (kJ/mol)
        LJ (SR)  Disper. corr.   Coulomb (SR)      Potential    Kinetic En.
    2.50176e+03   -2.99782e+01   -2.44976e+04   -2.20258e+04    1.30336e+04
   Total Energy  Conserved En.    Temperature Pres. DC (bar) Pressure (bar)
   -8.99221e+03    2.96441e+05    5.22788e+02   -1.47139e+00    5.35798e+01


DD  step 479999 load imb.: force 127.8%
           Step           Time
         480000      960.00000

   Energies (kJ/mol)
        LJ (SR)  Disper. corr.   Coulomb (SR)      Potential    Kinetic En.
    2.91135e+03   -2.99782e+01   -2.58078e+04   -2.29264e+04    1.30640e+04
   Total Energy  Conserved En.    Temperature Pres. DC (bar) Pressure (bar)
   -9.86233e+03    3.03132e+05    5.24010e+02   -1.47139e+00   -1.53123e+02


DD  step 489999 load imb.: force 135.5%
           Step           Time
         490000      980.00000

   Energies (kJ/mol)
        LJ (SR)  Disper. corr.   Coulomb (SR)      Potential    Kinetic En.
    2.72065e+03   -2.99782e+01   -2.61468e+04   -2.34561e+04    1.31827e+04
   Total Energy  Conserved En.    Temperature Pres. DC (bar) Pressure (bar)
   -1.02735e+04    3.09216e+05    5.28768e+02   -1.47139e+00   -1.39055e+02


DD  step 499999 load imb.: force 118.7%
           Step           Time
         500000     1000.00000

Writing checkpoint, step 500000 at Tue Jan 23 17:57:34 2024


   Energies (kJ/mol)
        LJ (SR)  Disper. corr.   Coulomb (SR)      Potential    Kinetic En.
    2.30809e+03   -2.99782e+01   -2.42199e+04   -2.19418e+04    1.28686e+04
   Total Energy  Conserved En.    Temperature Pres. DC (bar) Pressure (bar)
   -9.07315e+03    3.16094e+05    5.16172e+02   -1.47139e+00   -1.40758e+02


Energy conservation over simulation part #1 of length 1000 ns, time 0 to 1000 ns
  Conserved energy drift: 1.06e-01 kJ/mol/ps per atom


	<======  ###############  ==>
	<====  A V E R A G E S  ====>
	<==  ###############  ======>

	Statistics over 500001 steps using 5001 frames

   Energies (kJ/mol)
        LJ (SR)  Disper. corr.   Coulomb (SR)      Potential    Kinetic En.
    2.58886e+03   -2.99782e+01   -2.47078e+04   -2.21489e+04    1.30479e+04
   Total Energy  Conserved En.    Temperature Pres. DC (bar) Pressure (bar)
   -9.10101e+03    1.49250e+05    5.23362e+02   -1.47139e+00    2.73786e+01

   Total Virial (kJ/mol)
    4.08552e+03   -4.72567e+00   -2.12325e+01
   -4.73007e+00    4.05217e+03    1.45821e+00
   -2.12402e+01    1.45996e+00    4.06192e+03

   Pressure (bar)
    2.53939e+01    6.61283e-01    1.99671e+00
    6.61708e-01    2.86661e+01   -1.05543e-01
    1.99745e+00   -1.05712e-01    2.80758e+01


	M E G A - F L O P S   A C C O U N T I N G

 NB=Group-cutoff nonbonded kernels    NxN=N-by-N cluster Verlet kernels
 RF=Reaction-Field  VdW=Van der Waals  QSTab=quadratic-spline table
 W3=SPC/TIP3p  W4=TIP4p (single or pairs)
 V&F=Potential and force  V=Potential only  F=Force only

 Computing:                               M-Number         M-Flops  % Flops
-----------------------------------------------------------------------------
 Pair Search distance check            9891.475824       89023.282     0.7
 NxN RF Elec. + LJ [F]               188427.015512     7160226.589    53.9
 NxN RF Elec. + LJ [V&F]               1903.803144      102805.370     0.8
 NxN RF Electrostatics [F]           182405.799416     5654579.782    42.6
 NxN RF Electrostatics [V&F]           1842.906664       66344.640     0.5
 Reset In Box                            74.997000         224.991     0.0
 CG-CoM                                  75.006000         225.018     0.0
 Virial                                  22.204440         399.680     0.0
 Stop-CM                                 15.006000         150.060     0.0
 Calc-Ekin                              300.006000        8100.162     0.1
 Constraint-V                          1500.006000       13500.054     0.1
 Constraint-Vir                          15.003000         360.072     0.0
 Settle                                 500.003000      185001.110     1.4
-----------------------------------------------------------------------------
 Total                                                13280940.810   100.0
-----------------------------------------------------------------------------


    D O M A I N   D E C O M P O S I T I O N   S T A T I S T I C S

 av. #atoms communicated per step for force:  2 x 8861.6


Dynamic load balancing report:
 DLB got disabled because it was unsuitable to use.
 Average load imbalance: 160.1%.
 The balanceable part of the MD step is 29%, load imbalance is computed from this.
 Part of the total run time spent waiting due to load imbalance: 47.2%.

NOTE: 47.2 % of the available CPU time was lost due to load imbalance
      in the domain decomposition.
      You can consider manually changing the decomposition (option -dd);
      e.g. by using fewer domains along the box dimension in which there is
      considerable inhomogeneity in the simulated system.

     R E A L   C Y C L E   A N D   T I M E   A C C O U N T I N G

On 32 MPI ranks

 Computing:          Num   Num      Call    Wall time         Giga-Cycles
                     Ranks Threads  Count      (s)         total sum    %
-----------------------------------------------------------------------------
 Domain decomp.        32    1      25001       5.187        464.712   2.6
 DD comm. load         32    1       5464       0.103          9.269   0.1
 DD comm. bounds       32    1        578       0.005          0.463   0.0
 Neighbor search       32    1      25001       3.969        355.655   2.0
 Comm. coord.          32    1     475000      32.370       2900.283  16.3
 Force                 32    1     500001      20.783       1862.101  10.5
 Wait + Comm. F        32    1     500001     122.303      10958.080  61.6
 NB X/F buffer ops.    32    1    1450001       2.146        192.249   1.1
 Write traj.           32    1        501       0.148         13.260   0.1
 Update                32    1     500001       0.905         81.121   0.5
 Constraints           32    1     500003       1.069         95.750   0.5
 Comm. energies        32    1      50001       8.624        772.649   4.3
 Rest                                           0.864         77.377   0.4
-----------------------------------------------------------------------------
 Total                                        198.475      17782.969 100.0
-----------------------------------------------------------------------------

               Core t (s)   Wall t (s)        (%)
       Time:     6351.211      198.475     3200.0
                 (ns/day)    (hour/ns)
Performance:      435.319        0.055
Finished mdrun on rank 0 Tue Jan 23 17:57:34 2024

