              :-) GROMACS - gmx mdrun, 2021.4-Ubuntu-2021.4-2 (-:

                            GROMACS is written by:
     Andrey Alekseenko              Emile Apol              Rossen Apostolov     
         Paul Bauer           Herman J.C. Berendsen           Par Bjelkmar       
       Christian Blau           Viacheslav Bolnykh             Kevin Boyd        
     Aldert van Buuren           Rudi van Drunen             Anton Feenstra      
    Gilles Gouaillardet             Alan Gray               Gerrit Groenhof      
       Anca Hamuraru            Vincent Hindriksen          M. Eric Irrgang      
      Aleksei Iupinov           Christoph Junghans             Joe Jordan        
    Dimitrios Karkoulis            Peter Kasson                Jiri Kraus        
      Carsten Kutzner              Per Larsson              Justin A. Lemkul     
       Viveca Lindahl            Magnus Lundborg             Erik Marklund       
        Pascal Merz             Pieter Meulenhoff            Teemu Murtola       
        Szilard Pall               Sander Pronk              Roland Schulz       
       Michael Shirts            Alexey Shvetsov             Alfons Sijbers      
       Peter Tieleman              Jon Vincent              Teemu Virolainen     
     Christian Wennberg            Maarten Wolf              Artem Zhmurov       
                           and the project leaders:
        Mark Abraham, Berk Hess, Erik Lindahl, and David van der Spoel

Copyright (c) 1991-2000, University of Groningen, The Netherlands.
Copyright (c) 2001-2019, The GROMACS development team at
Uppsala University, Stockholm University and
the Royal Institute of Technology, Sweden.
check out http://www.gromacs.org for more information.

GROMACS is free software; you can redistribute it and/or modify it
under the terms of the GNU Lesser General Public License
as published by the Free Software Foundation; either version 2.1
of the License, or (at your option) any later version.

GROMACS:      gmx mdrun, version 2021.4-Ubuntu-2021.4-2
Executable:   /usr/bin/gmx
Data prefix:  /usr
Working dir:  /home/labo_pj/labo_app/gmxapp/user_id/5
Process ID:   59
Command line:
  gmx mdrun -s ./output/md.tpr -deffnm ./output/md -v

GROMACS version:    2021.4-Ubuntu-2021.4-2
Precision:          mixed
Memory model:       64 bit
MPI library:        thread_mpi
OpenMP support:     enabled (GMX_OPENMP_MAX_THREADS = 64)
GPU support:        disabled
SIMD instructions:  SSE4.1
FFT library:        fftw-3.3.8-sse2-avx
RDTSCP usage:       enabled
TNG support:        enabled
Hwloc support:      hwloc-2.5.0
Tracing support:    disabled
C compiler:         /usr/bin/cc GNU 11.2.0
C compiler flags:   -msse4.1 -Wno-missing-field-initializers -fexcess-precision=fast -funroll-all-loops -O3 -DNDEBUG
C++ compiler:       /usr/bin/c++ GNU 11.2.0
C++ compiler flags: -msse4.1 -Wno-missing-field-initializers -fexcess-precision=fast -funroll-all-loops -fopenmp -O3 -DNDEBUG


Running on 1 node with total 6 cores, 12 logical cores
Hardware detected:
  CPU info:
    Vendor: Intel
    Brand:  12th Gen Intel(R) Core(TM) i5-1235U
    Family: 6   Model: 154   Stepping: 4
    Features: aes apic avx avx2 clfsh cmov cx8 cx16 f16c fma htt intel lahf mmx msr nonstop_tsc pcid pclmuldq pdpe1gb popcnt pse rdrnd rdtscp sha sse2 sse3 sse4.1 sse4.2 ssse3 tdt x2apic
  Hardware topology: Full, with devices
    Sockets, cores, and logical processors:
      Socket  0: [   0   1] [   2   3] [   4   5] [   6   7] [   8   9] [  10  11]
    Numa nodes:
      Node  0 (4120567808 bytes mem):   0   1   2   3   4   5   6   7   8   9  10  11
      Latency:
               0
         0  1.00
    Caches:
      L1: 49152 bytes, linesize 64 bytes, assoc. 12, shared 2 ways
      L2: 1310720 bytes, linesize 64 bytes, assoc. 10, shared 2 ways
      L3: 12582912 bytes, linesize 64 bytes, assoc. 12, shared 12 ways
    PCI devices:
      0d6a:00:00.0  Id: 1af4:1049  Class: 0x0100  Numa: 0
      14bc:00:00.0  Id: 1af4:1043  Class: 0x0100  Numa: 0
      1ed2:00:00.0  Id: 1af4:1049  Class: 0x0100  Numa: 0
      2781:00:00.0  Id: 1af4:1049  Class: 0x0100  Numa: 0
      43fd:00:00.0  Id: 1af4:1049  Class: 0x0100  Numa: 0
      4a2b:00:00.0  Id: 1414:008e  Class: 0x0302  Numa: 0
      a3f0:00:00.0  Id: 1af4:1049  Class: 0x0100  Numa: 0

Highest SIMD level supported by all nodes in run: AVX2_256
SIMD instructions selected at compile time:       SSE4.1
This program was compiled for different hardware than you are running on,
which could influence performance.

++++ PLEASE READ AND CITE THE FOLLOWING REFERENCE ++++
M. J. Abraham, T. Murtola, R. Schulz, S. Páll, J. C. Smith, B. Hess, E.
Lindahl
GROMACS: High performance molecular simulations through multi-level
parallelism from laptops to supercomputers
SoftwareX 1 (2015) pp. 19-25
-------- -------- --- Thank You --- -------- --------


++++ PLEASE READ AND CITE THE FOLLOWING REFERENCE ++++
S. Páll, M. J. Abraham, C. Kutzner, B. Hess, E. Lindahl
Tackling Exascale Software Challenges in Molecular Dynamics Simulations with
GROMACS
In S. Markidis & E. Laure (Eds.), Solving Software Challenges for Exascale 8759 (2015) pp. 3-27
-------- -------- --- Thank You --- -------- --------


++++ PLEASE READ AND CITE THE FOLLOWING REFERENCE ++++
S. Pronk, S. Páll, R. Schulz, P. Larsson, P. Bjelkmar, R. Apostolov, M. R.
Shirts, J. C. Smith, P. M. Kasson, D. van der Spoel, B. Hess, and E. Lindahl
GROMACS 4.5: a high-throughput and highly parallel open source molecular
simulation toolkit
Bioinformatics 29 (2013) pp. 845-54
-------- -------- --- Thank You --- -------- --------


++++ PLEASE READ AND CITE THE FOLLOWING REFERENCE ++++
B. Hess and C. Kutzner and D. van der Spoel and E. Lindahl
GROMACS 4: Algorithms for highly efficient, load-balanced, and scalable
molecular simulation
J. Chem. Theory Comput. 4 (2008) pp. 435-447
-------- -------- --- Thank You --- -------- --------


++++ PLEASE READ AND CITE THE FOLLOWING REFERENCE ++++
D. van der Spoel, E. Lindahl, B. Hess, G. Groenhof, A. E. Mark and H. J. C.
Berendsen
GROMACS: Fast, Flexible and Free
J. Comp. Chem. 26 (2005) pp. 1701-1719
-------- -------- --- Thank You --- -------- --------


++++ PLEASE READ AND CITE THE FOLLOWING REFERENCE ++++
E. Lindahl and B. Hess and D. van der Spoel
GROMACS 3.0: A package for molecular simulation and trajectory analysis
J. Mol. Mod. 7 (2001) pp. 306-317
-------- -------- --- Thank You --- -------- --------


++++ PLEASE READ AND CITE THE FOLLOWING REFERENCE ++++
H. J. C. Berendsen, D. van der Spoel and R. van Drunen
GROMACS: A message-passing parallel molecular dynamics implementation
Comp. Phys. Comm. 91 (1995) pp. 43-56
-------- -------- --- Thank You --- -------- --------

Input Parameters:
   integrator                     = md
   tinit                          = 0
   dt                             = 0.002
   nsteps                         = 500000
   init-step                      = 0
   simulation-part                = 1
   mts                            = false
   comm-mode                      = Linear
   nstcomm                        = 100
   bd-fric                        = 0
   ld-seed                        = -33703041
   emtol                          = 10
   emstep                         = 0.01
   niter                          = 20
   fcstep                         = 0
   nstcgsteep                     = 1000
   nbfgscorr                      = 10
   rtpi                           = 0.05
   nstxout                        = 0
   nstvout                        = 0
   nstfout                        = 0
   nstlog                         = 10000
   nstcalcenergy                  = 100
   nstenergy                      = 10000
   nstxout-compressed             = 1000
   compressed-x-precision         = 1000
   cutoff-scheme                  = Verlet
   nstlist                        = 10
   pbc                            = xyz
   periodic-molecules             = false
   verlet-buffer-tolerance        = 0.005
   rlist                          = 1.12
   coulombtype                    = Cut-off
   coulomb-modifier               = Potential-shift
   rcoulomb-switch                = 0
   rcoulomb                       = 1
   epsilon-r                      = 1
   epsilon-rf                     = inf
   vdw-type                       = Cut-off
   vdw-modifier                   = Potential-shift
   rvdw-switch                    = 0
   rvdw                           = 1
   DispCorr                       = EnerPres
   table-extension                = 1
   fourierspacing                 = 0.12
   fourier-nx                     = 0
   fourier-ny                     = 0
   fourier-nz                     = 0
   pme-order                      = 4
   ewald-rtol                     = 1e-05
   ewald-rtol-lj                  = 0.001
   lj-pme-comb-rule               = Geometric
   ewald-geometry                 = 0
   epsilon-surface                = 0
   tcoupl                         = Nose-Hoover
   nsttcouple                     = 10
   nh-chain-length                = 1
   print-nose-hoover-chain-variables = false
   pcoupl                         = No
   pcoupltype                     = Isotropic
   nstpcouple                     = -1
   tau-p                          = 1
   compressibility (3x3):
      compressibility[    0]={ 0.00000e+00,  0.00000e+00,  0.00000e+00}
      compressibility[    1]={ 0.00000e+00,  0.00000e+00,  0.00000e+00}
      compressibility[    2]={ 0.00000e+00,  0.00000e+00,  0.00000e+00}
   ref-p (3x3):
      ref-p[    0]={ 0.00000e+00,  0.00000e+00,  0.00000e+00}
      ref-p[    1]={ 0.00000e+00,  0.00000e+00,  0.00000e+00}
      ref-p[    2]={ 0.00000e+00,  0.00000e+00,  0.00000e+00}
   refcoord-scaling               = No
   posres-com (3):
      posres-com[0]= 0.00000e+00
      posres-com[1]= 0.00000e+00
      posres-com[2]= 0.00000e+00
   posres-comB (3):
      posres-comB[0]= 0.00000e+00
      posres-comB[1]= 0.00000e+00
      posres-comB[2]= 0.00000e+00
   QMMM                           = false
qm-opts:
   ngQM                           = 0
   constraint-algorithm           = Lincs
   continuation                   = false
   Shake-SOR                      = false
   shake-tol                      = 0.0001
   lincs-order                    = 4
   lincs-iter                     = 1
   lincs-warnangle                = 30
   nwall                          = 0
   wall-type                      = 9-3
   wall-r-linpot                  = -1
   wall-atomtype[0]               = -1
   wall-atomtype[1]               = -1
   wall-density[0]                = 0
   wall-density[1]                = 0
   wall-ewald-zfac                = 3
   pull                           = false
   awh                            = false
   rotation                       = false
   interactiveMD                  = false
   disre                          = No
   disre-weighting                = Conservative
   disre-mixed                    = false
   dr-fc                          = 1000
   dr-tau                         = 0
   nstdisreout                    = 100
   orire-fc                       = 0
   orire-tau                      = 0
   nstorireout                    = 100
   free-energy                    = no
   cos-acceleration               = 0
   deform (3x3):
      deform[    0]={ 0.00000e+00,  0.00000e+00,  0.00000e+00}
      deform[    1]={ 0.00000e+00,  0.00000e+00,  0.00000e+00}
      deform[    2]={ 0.00000e+00,  0.00000e+00,  0.00000e+00}
   simulated-tempering            = false
   swapcoords                     = no
   userint1                       = 0
   userint2                       = 0
   userint3                       = 0
   userint4                       = 0
   userreal1                      = 0
   userreal2                      = 0
   userreal3                      = 0
   userreal4                      = 0
   applied-forces:
     electric-field:
       x:
         E0                       = 0
         omega                    = 0
         t0                       = 0
         sigma                    = 0
       y:
         E0                       = 0
         omega                    = 0
         t0                       = 0
         sigma                    = 0
       z:
         E0                       = 0
         omega                    = 0
         t0                       = 0
         sigma                    = 0
     density-guided-simulation:
       active                     = false
       group                      = protein
       similarity-measure         = inner-product
       atom-spreading-weight      = unity
       force-constant             = 1e+09
       gaussian-transform-spreading-width = 0.2
       gaussian-transform-spreading-range-in-multiples-of-width = 4
       reference-density-filename = reference.mrc
       nst                        = 1
       normalize-densities        = true
       adaptive-force-scaling     = false
       adaptive-force-scaling-time-constant = 4
       shift-vector               = 
       transformation-matrix      = 
grpopts:
   nrdf:         597
   ref-t:      523.15
   tau-t:         0.5
annealing:          No
annealing-npoints:           0
   acc:	           0           0           0
   nfreeze:           N           N           N
   energygrp-flags[  0]: 0

Changing nstlist from 10 to 20, rlist from 1.12 to 1.256

Using 1 MPI thread
Using 12 OpenMP threads 

Pinning threads with an auto-selected logical core stride of 1
System total charge: 0.000
Potential shift: LJ r^-12: -1.000e+00 r^-6: -1.000e+00, Coulomb -1e+00
Long Range LJ corr.: <C6> 2.7653e-04


Using SIMD 4x4 nonbonded short-range kernels

Using a dual 4x4 pair-list setup updated with dynamic pruning:
  outer list: updated every 20 steps, buffer 0.256 nm, rlist 1.256 nm
  inner list: updated every  4 steps, buffer 0.034 nm, rlist 1.034 nm
At tolerance 0.005 kJ/mol/ps per atom, equivalent classical 1x1 list would be:
  outer list: updated every 20 steps, buffer 0.311 nm, rlist 1.311 nm
  inner list: updated every  4 steps, buffer 0.044 nm, rlist 1.044 nm

Using geometric Lennard-Jones combination rule
Removing pbc first time

++++ PLEASE READ AND CITE THE FOLLOWING REFERENCE ++++
S. Miyamoto and P. A. Kollman
SETTLE: An Analytical Version of the SHAKE and RATTLE Algorithms for Rigid
Water Models
J. Comp. Chem. 13 (1992) pp. 952-962
-------- -------- --- Thank You --- -------- --------

There are: 300 Atoms

Constraining the starting coordinates (step 0)

Constraining the coordinates at t0-dt (step 0)
Center of mass motion removal mode is Linear
We have the following groups for center of mass motion removal:
  0:  rest
RMS relative constraint deviation after constraining: 0.00e+00
Initial temperature: 5.54839e-08 K

Started mdrun on rank 0 Thu Jan 11 05:55:37 2024

           Step           Time
              0        0.00000

   Energies (kJ/mol)
        LJ (SR)  Disper. corr.   Coulomb (SR)      Potential    Kinetic En.
    3.23420e+01   -3.81956e+00   -7.49299e+01   -4.64074e+01    2.94023e+00
   Total Energy  Conserved En.    Temperature Pres. DC (bar) Pressure (bar)
   -4.34672e+01   -4.34672e+01    1.18469e+00   -2.37459e+00    3.98022e+01

           Step           Time
          10000       20.00000

   Energies (kJ/mol)
        LJ (SR)  Disper. corr.   Coulomb (SR)      Potential    Kinetic En.
    9.63126e+01   -3.81956e+00   -1.38124e+03   -1.28875e+03    1.40840e+03
   Total Energy  Conserved En.    Temperature Pres. DC (bar) Pressure (bar)
    1.19649e+02    4.27222e+02    5.67476e+02   -2.37459e+00    2.11069e+02

           Step           Time
          20000       40.00000

   Energies (kJ/mol)
        LJ (SR)  Disper. corr.   Coulomb (SR)      Potential    Kinetic En.
    1.74465e+02   -3.81956e+00   -1.81751e+03   -1.64686e+03    1.35466e+03
   Total Energy  Conserved En.    Temperature Pres. DC (bar) Pressure (bar)
   -2.92203e+02    7.10570e+02    5.45822e+02   -2.37459e+00   -3.02485e+01

           Step           Time
          30000       60.00000

   Energies (kJ/mol)
        LJ (SR)  Disper. corr.   Coulomb (SR)      Potential    Kinetic En.
    1.61409e+02   -3.81956e+00   -1.61046e+03   -1.45287e+03    1.38640e+03
   Total Energy  Conserved En.    Temperature Pres. DC (bar) Pressure (bar)
   -6.64724e+01    9.87899e+02    5.58612e+02   -2.37459e+00    3.70631e+02

           Step           Time
          40000       80.00000

   Energies (kJ/mol)
        LJ (SR)  Disper. corr.   Coulomb (SR)      Potential    Kinetic En.
    1.45367e+02   -3.81956e+00   -1.68739e+03   -1.54585e+03    1.25284e+03
   Total Energy  Conserved En.    Temperature Pres. DC (bar) Pressure (bar)
   -2.93008e+02    1.26884e+03    5.04797e+02   -2.37459e+00   -7.91971e+01

           Step           Time
          50000      100.00000

   Energies (kJ/mol)
        LJ (SR)  Disper. corr.   Coulomb (SR)      Potential    Kinetic En.
    2.42832e+02   -3.81956e+00   -1.75476e+03   -1.51575e+03    1.20356e+03
   Total Energy  Conserved En.    Temperature Pres. DC (bar) Pressure (bar)
   -3.12186e+02    1.54021e+03    4.84942e+02   -2.37459e+00    9.04850e+01

           Step           Time
          60000      120.00000

   Energies (kJ/mol)
        LJ (SR)  Disper. corr.   Coulomb (SR)      Potential    Kinetic En.
    2.82865e+02   -3.81956e+00   -1.94242e+03   -1.66337e+03    1.32330e+03
   Total Energy  Conserved En.    Temperature Pres. DC (bar) Pressure (bar)
   -3.40073e+02    1.80990e+03    5.33187e+02   -2.37459e+00    5.85289e+02

           Step           Time
          70000      140.00000

   Energies (kJ/mol)
        LJ (SR)  Disper. corr.   Coulomb (SR)      Potential    Kinetic En.
    1.42738e+02   -3.81956e+00   -1.58086e+03   -1.44194e+03    1.40428e+03
   Total Energy  Conserved En.    Temperature Pres. DC (bar) Pressure (bar)
   -3.76653e+01    2.11770e+03    5.65815e+02   -2.37459e+00   -4.35474e+02

           Step           Time
          80000      160.00000

   Energies (kJ/mol)
        LJ (SR)  Disper. corr.   Coulomb (SR)      Potential    Kinetic En.
    1.60137e+02   -3.81956e+00   -1.88157e+03   -1.72525e+03    1.29566e+03
   Total Energy  Conserved En.    Temperature Pres. DC (bar) Pressure (bar)
   -4.29587e+02    2.45780e+03    5.22051e+02   -2.37459e+00    1.69408e+01

           Step           Time
          90000      180.00000

   Energies (kJ/mol)
        LJ (SR)  Disper. corr.   Coulomb (SR)      Potential    Kinetic En.
    2.27757e+02   -3.81956e+00   -2.06799e+03   -1.84406e+03    1.37933e+03
   Total Energy  Conserved En.    Temperature Pres. DC (bar) Pressure (bar)
   -4.64730e+02    2.68163e+03    5.55761e+02   -2.37459e+00   -1.96164e+02

           Step           Time
         100000      200.00000

   Energies (kJ/mol)
        LJ (SR)  Disper. corr.   Coulomb (SR)      Potential    Kinetic En.
    2.11734e+02   -3.81956e+00   -1.93559e+03   -1.72768e+03    1.32897e+03
   Total Energy  Conserved En.    Temperature Pres. DC (bar) Pressure (bar)
   -3.98708e+02    2.97528e+03    5.35473e+02   -2.37459e+00   -1.68938e+02

           Step           Time
         110000      220.00000

   Energies (kJ/mol)
        LJ (SR)  Disper. corr.   Coulomb (SR)      Potential    Kinetic En.
    3.05189e+02   -3.81956e+00   -1.89896e+03   -1.59759e+03    1.28371e+03
   Total Energy  Conserved En.    Temperature Pres. DC (bar) Pressure (bar)
   -3.13878e+02    3.24624e+03    5.17237e+02   -2.37459e+00    6.30034e+02

           Step           Time
         120000      240.00000

   Energies (kJ/mol)
        LJ (SR)  Disper. corr.   Coulomb (SR)      Potential    Kinetic En.
    2.11239e+02   -3.81956e+00   -1.77921e+03   -1.57179e+03    1.32849e+03
   Total Energy  Conserved En.    Temperature Pres. DC (bar) Pressure (bar)
   -2.43295e+02    3.46309e+03    5.35280e+02   -2.37459e+00   -2.04553e+02

           Step           Time
         130000      260.00000

   Energies (kJ/mol)
        LJ (SR)  Disper. corr.   Coulomb (SR)      Potential    Kinetic En.
    1.15880e+02   -3.81956e+00   -1.84457e+03   -1.73250e+03    1.09160e+03
   Total Energy  Conserved En.    Temperature Pres. DC (bar) Pressure (bar)
   -6.40907e+02    3.75425e+03    4.39829e+02   -2.37459e+00    7.44913e+01

           Step           Time
         140000      280.00000

   Energies (kJ/mol)
        LJ (SR)  Disper. corr.   Coulomb (SR)      Potential    Kinetic En.
    1.42893e+02   -3.81956e+00   -1.79463e+03   -1.65555e+03    1.40103e+03
   Total Energy  Conserved En.    Temperature Pres. DC (bar) Pressure (bar)
   -2.54525e+02    4.14874e+03    5.64506e+02   -2.37459e+00    1.07872e+01

           Step           Time
         150000      300.00000

   Energies (kJ/mol)
        LJ (SR)  Disper. corr.   Coulomb (SR)      Potential    Kinetic En.
    1.96938e+02   -3.81956e+00   -2.18279e+03   -1.98967e+03    1.20279e+03
   Total Energy  Conserved En.    Temperature Pres. DC (bar) Pressure (bar)
   -7.86876e+02    4.43437e+03    4.84632e+02   -2.37459e+00   -1.73630e+02

           Step           Time
         160000      320.00000

   Energies (kJ/mol)
        LJ (SR)  Disper. corr.   Coulomb (SR)      Potential    Kinetic En.
    1.95521e+02   -3.81956e+00   -1.94879e+03   -1.75708e+03    1.35551e+03
   Total Energy  Conserved En.    Temperature Pres. DC (bar) Pressure (bar)
   -4.01569e+02    4.60104e+03    5.46167e+02   -2.37459e+00    4.08387e+01

           Step           Time
         170000      340.00000

   Energies (kJ/mol)
        LJ (SR)  Disper. corr.   Coulomb (SR)      Potential    Kinetic En.
    2.51914e+02   -3.81956e+00   -1.86445e+03   -1.61635e+03    1.33097e+03
   Total Energy  Conserved En.    Temperature Pres. DC (bar) Pressure (bar)
   -2.85388e+02    4.83257e+03    5.36276e+02   -2.37459e+00    5.09866e+02

           Step           Time
         180000      360.00000

   Energies (kJ/mol)
        LJ (SR)  Disper. corr.   Coulomb (SR)      Potential    Kinetic En.
    1.49531e+02   -3.81956e+00   -1.58082e+03   -1.43511e+03    1.20463e+03
   Total Energy  Conserved En.    Temperature Pres. DC (bar) Pressure (bar)
   -2.30479e+02    5.24372e+03    4.85371e+02   -2.37459e+00    1.10941e+02

           Step           Time
         190000      380.00000

   Energies (kJ/mol)
        LJ (SR)  Disper. corr.   Coulomb (SR)      Potential    Kinetic En.
    2.06042e+02   -3.81956e+00   -1.95239e+03   -1.75016e+03    1.19543e+03
   Total Energy  Conserved En.    Temperature Pres. DC (bar) Pressure (bar)
   -5.54730e+02    5.53583e+03    4.81667e+02   -2.37459e+00   -3.07767e+02

           Step           Time
         200000      400.00000

   Energies (kJ/mol)
        LJ (SR)  Disper. corr.   Coulomb (SR)      Potential    Kinetic En.
    1.14140e+02   -3.81956e+00   -1.66737e+03   -1.55705e+03    1.40860e+03
   Total Energy  Conserved En.    Temperature Pres. DC (bar) Pressure (bar)
   -1.48451e+02    5.82876e+03    5.67555e+02   -2.37459e+00    2.42382e+02

           Step           Time
         210000      420.00000

   Energies (kJ/mol)
        LJ (SR)  Disper. corr.   Coulomb (SR)      Potential    Kinetic En.
    2.50727e+02   -3.81956e+00   -1.97591e+03   -1.72900e+03    1.48109e+03
   Total Energy  Conserved En.    Temperature Pres. DC (bar) Pressure (bar)
   -2.47913e+02    6.22846e+03    5.96763e+02   -2.37459e+00   -1.99484e+02

           Step           Time
         220000      440.00000

   Energies (kJ/mol)
        LJ (SR)  Disper. corr.   Coulomb (SR)      Potential    Kinetic En.
    1.67244e+02   -3.81956e+00   -1.87340e+03   -1.70998e+03    1.47267e+03
   Total Energy  Conserved En.    Temperature Pres. DC (bar) Pressure (bar)
   -2.37309e+02    6.54514e+03    5.93370e+02   -2.37459e+00   -1.11864e+01

           Step           Time
         230000      460.00000

   Energies (kJ/mol)
        LJ (SR)  Disper. corr.   Coulomb (SR)      Potential    Kinetic En.
    3.27295e+02   -3.81956e+00   -2.18060e+03   -1.85713e+03    1.37153e+03
   Total Energy  Conserved En.    Temperature Pres. DC (bar) Pressure (bar)
   -4.85592e+02    6.88744e+03    5.52622e+02   -2.37459e+00    1.31463e+02

           Step           Time
         240000      480.00000

   Energies (kJ/mol)
        LJ (SR)  Disper. corr.   Coulomb (SR)      Potential    Kinetic En.
    2.08117e+02   -3.81956e+00   -1.85873e+03   -1.65443e+03    1.31393e+03
   Total Energy  Conserved En.    Temperature Pres. DC (bar) Pressure (bar)
   -3.40502e+02    7.13427e+03    5.29412e+02   -2.37459e+00   -7.01067e+01

           Step           Time
         250000      500.00000

   Energies (kJ/mol)
        LJ (SR)  Disper. corr.   Coulomb (SR)      Potential    Kinetic En.
    1.85672e+02   -3.81956e+00   -1.61780e+03   -1.43595e+03    1.44399e+03
   Total Energy  Conserved En.    Temperature Pres. DC (bar) Pressure (bar)
    8.03845e+00    7.37826e+03    5.81816e+02   -2.37459e+00    7.22054e+00

           Step           Time
         260000      520.00000

   Energies (kJ/mol)
        LJ (SR)  Disper. corr.   Coulomb (SR)      Potential    Kinetic En.
    1.57105e+02   -3.81956e+00   -1.78294e+03   -1.62966e+03    1.20517e+03
   Total Energy  Conserved En.    Temperature Pres. DC (bar) Pressure (bar)
   -4.24488e+02    7.69419e+03    4.85589e+02   -2.37459e+00   -4.05282e+01

           Step           Time
         270000      540.00000

   Energies (kJ/mol)
        LJ (SR)  Disper. corr.   Coulomb (SR)      Potential    Kinetic En.
    3.36661e+02   -3.81956e+00   -2.17962e+03   -1.84678e+03    1.41739e+03
   Total Energy  Conserved En.    Temperature Pres. DC (bar) Pressure (bar)
   -4.29385e+02    8.14960e+03    5.71100e+02   -2.37459e+00    3.01981e+02

           Step           Time
         280000      560.00000

   Energies (kJ/mol)
        LJ (SR)  Disper. corr.   Coulomb (SR)      Potential    Kinetic En.
    2.48407e+02   -3.81956e+00   -2.18733e+03   -1.94274e+03    1.16103e+03
   Total Energy  Conserved En.    Temperature Pres. DC (bar) Pressure (bar)
   -7.81715e+02    8.51426e+03    4.67804e+02   -2.37459e+00    7.80026e+01

           Step           Time
         290000      580.00000

   Energies (kJ/mol)
        LJ (SR)  Disper. corr.   Coulomb (SR)      Potential    Kinetic En.
    2.30781e+02   -3.81956e+00   -1.89435e+03   -1.66738e+03    1.34447e+03
   Total Energy  Conserved En.    Temperature Pres. DC (bar) Pressure (bar)
   -3.22916e+02    8.82431e+03    5.41716e+02   -2.37459e+00    1.48905e+02

           Step           Time
         300000      600.00000

   Energies (kJ/mol)
        LJ (SR)  Disper. corr.   Coulomb (SR)      Potential    Kinetic En.
    6.66392e+01   -3.81956e+00   -1.53931e+03   -1.47649e+03    1.24266e+03
   Total Energy  Conserved En.    Temperature Pres. DC (bar) Pressure (bar)
   -2.33834e+02    9.12467e+03    5.00694e+02   -2.37459e+00   -5.27776e+02

           Step           Time
         310000      620.00000

   Energies (kJ/mol)
        LJ (SR)  Disper. corr.   Coulomb (SR)      Potential    Kinetic En.
    8.69806e+01   -3.81956e+00   -1.82269e+03   -1.73952e+03    1.19475e+03
   Total Energy  Conserved En.    Temperature Pres. DC (bar) Pressure (bar)
   -5.44773e+02    9.37653e+03    4.81392e+02   -2.37459e+00   -4.39951e+02

           Step           Time
         320000      640.00000

   Energies (kJ/mol)
        LJ (SR)  Disper. corr.   Coulomb (SR)      Potential    Kinetic En.
    2.60035e+02   -3.81956e+00   -1.67374e+03   -1.41752e+03    1.37694e+03
   Total Energy  Conserved En.    Temperature Pres. DC (bar) Pressure (bar)
   -4.05857e+01    9.66584e+03    5.54799e+02   -2.37459e+00    3.13117e+02

           Step           Time
         330000      660.00000

   Energies (kJ/mol)
        LJ (SR)  Disper. corr.   Coulomb (SR)      Potential    Kinetic En.
    2.34148e+02   -3.81956e+00   -1.87427e+03   -1.64394e+03    1.40359e+03
   Total Energy  Conserved En.    Temperature Pres. DC (bar) Pressure (bar)
   -2.40347e+02    9.93422e+03    5.65538e+02   -2.37459e+00    3.65960e+02

           Step           Time
         340000      680.00000

   Energies (kJ/mol)
        LJ (SR)  Disper. corr.   Coulomb (SR)      Potential    Kinetic En.
    1.80935e+02   -3.81956e+00   -1.83106e+03   -1.65394e+03    1.31938e+03
   Total Energy  Conserved En.    Temperature Pres. DC (bar) Pressure (bar)
   -3.34567e+02    1.01728e+04    5.31607e+02   -2.37459e+00   -3.43276e+02

           Step           Time
         350000      700.00000

   Energies (kJ/mol)
        LJ (SR)  Disper. corr.   Coulomb (SR)      Potential    Kinetic En.
    2.22754e+02   -3.81956e+00   -1.96055e+03   -1.74161e+03    1.19701e+03
   Total Energy  Conserved En.    Temperature Pres. DC (bar) Pressure (bar)
   -5.44603e+02    1.04569e+04    4.82302e+02   -2.37459e+00   -2.12698e+02

           Step           Time
         360000      720.00000

   Energies (kJ/mol)
        LJ (SR)  Disper. corr.   Coulomb (SR)      Potential    Kinetic En.
    2.18659e+02   -3.81956e+00   -2.01369e+03   -1.79885e+03    1.31615e+03
   Total Energy  Conserved En.    Temperature Pres. DC (bar) Pressure (bar)
   -4.82695e+02    1.07937e+04    5.30308e+02   -2.37459e+00    1.05786e+02

           Step           Time
         370000      740.00000

   Energies (kJ/mol)
        LJ (SR)  Disper. corr.   Coulomb (SR)      Potential    Kinetic En.
    2.73278e+02   -3.81956e+00   -2.15985e+03   -1.89039e+03    1.23798e+03
   Total Energy  Conserved En.    Temperature Pres. DC (bar) Pressure (bar)
   -6.52411e+02    1.11804e+04    4.98809e+02   -2.37459e+00   -2.04847e+02

           Step           Time
         380000      760.00000

   Energies (kJ/mol)
        LJ (SR)  Disper. corr.   Coulomb (SR)      Potential    Kinetic En.
    1.70923e+02   -3.81956e+00   -2.00782e+03   -1.84072e+03    1.31309e+03
   Total Energy  Conserved En.    Temperature Pres. DC (bar) Pressure (bar)
   -5.27625e+02    1.14649e+04    5.29074e+02   -2.37459e+00   -2.38221e+02

           Step           Time
         390000      780.00000

   Energies (kJ/mol)
        LJ (SR)  Disper. corr.   Coulomb (SR)      Potential    Kinetic En.
    3.12089e+02   -3.81956e+00   -2.26707e+03   -1.95880e+03    1.24837e+03
   Total Energy  Conserved En.    Temperature Pres. DC (bar) Pressure (bar)
   -7.10429e+02    1.17649e+04    5.02997e+02   -2.37459e+00    4.73419e+02

           Step           Time
         400000      800.00000

   Energies (kJ/mol)
        LJ (SR)  Disper. corr.   Coulomb (SR)      Potential    Kinetic En.
    3.26935e+02   -3.81956e+00   -2.19762e+03   -1.87451e+03    1.12667e+03
   Total Energy  Conserved En.    Temperature Pres. DC (bar) Pressure (bar)
   -7.47837e+02    1.21640e+04    4.53961e+02   -2.37459e+00    2.72927e+02

           Step           Time
         410000      820.00000

   Energies (kJ/mol)
        LJ (SR)  Disper. corr.   Coulomb (SR)      Potential    Kinetic En.
    2.10840e+02   -3.81956e+00   -1.88245e+03   -1.67543e+03    1.24971e+03
   Total Energy  Conserved En.    Temperature Pres. DC (bar) Pressure (bar)
   -4.25712e+02    1.25490e+04    5.03538e+02   -2.37459e+00    1.97710e+02

           Step           Time
         420000      840.00000

   Energies (kJ/mol)
        LJ (SR)  Disper. corr.   Coulomb (SR)      Potential    Kinetic En.
    2.76006e+02   -3.81956e+00   -2.48060e+03   -2.20841e+03    1.27786e+03
   Total Energy  Conserved En.    Temperature Pres. DC (bar) Pressure (bar)
   -9.30553e+02    1.28853e+04    5.14878e+02   -2.37459e+00    3.01641e+02

           Step           Time
         430000      860.00000

   Energies (kJ/mol)
        LJ (SR)  Disper. corr.   Coulomb (SR)      Potential    Kinetic En.
    2.16259e+02   -3.81956e+00   -2.10552e+03   -1.89308e+03    1.27540e+03
   Total Energy  Conserved En.    Temperature Pres. DC (bar) Pressure (bar)
   -6.17684e+02    1.32398e+04    5.13886e+02   -2.37459e+00    1.17783e+02

           Step           Time
         440000      880.00000

   Energies (kJ/mol)
        LJ (SR)  Disper. corr.   Coulomb (SR)      Potential    Kinetic En.
    2.67672e+02   -3.81956e+00   -2.21134e+03   -1.94749e+03    1.30636e+03
   Total Energy  Conserved En.    Temperature Pres. DC (bar) Pressure (bar)
   -6.41125e+02    1.35990e+04    5.26362e+02   -2.37459e+00   -8.33822e+00

           Step           Time
         450000      900.00000

   Energies (kJ/mol)
        LJ (SR)  Disper. corr.   Coulomb (SR)      Potential    Kinetic En.
    1.73657e+02   -3.81956e+00   -2.09098e+03   -1.92115e+03    1.40597e+03
   Total Energy  Conserved En.    Temperature Pres. DC (bar) Pressure (bar)
   -5.15177e+02    1.38946e+04    5.66497e+02   -2.37459e+00   -2.45275e+02

           Step           Time
         460000      920.00000

   Energies (kJ/mol)
        LJ (SR)  Disper. corr.   Coulomb (SR)      Potential    Kinetic En.
    2.79752e+02   -3.81956e+00   -1.89665e+03   -1.62072e+03    1.23240e+03
   Total Energy  Conserved En.    Temperature Pres. DC (bar) Pressure (bar)
   -3.88317e+02    1.41984e+04    4.96562e+02   -2.37459e+00   -1.18174e+02

           Step           Time
         470000      940.00000

   Energies (kJ/mol)
        LJ (SR)  Disper. corr.   Coulomb (SR)      Potential    Kinetic En.
    1.89096e+02   -3.81956e+00   -1.82092e+03   -1.63565e+03    1.27052e+03
   Total Energy  Conserved En.    Temperature Pres. DC (bar) Pressure (bar)
   -3.65123e+02    1.44918e+04    5.11922e+02   -2.37459e+00   -3.39279e+02

           Step           Time
         480000      960.00000

   Energies (kJ/mol)
        LJ (SR)  Disper. corr.   Coulomb (SR)      Potential    Kinetic En.
    2.21700e+02   -3.81956e+00   -1.88806e+03   -1.67018e+03    1.39560e+03
   Total Energy  Conserved En.    Temperature Pres. DC (bar) Pressure (bar)
   -2.74574e+02    1.47276e+04    5.62319e+02   -2.37459e+00    2.28008e+01

           Step           Time
         490000      980.00000

   Energies (kJ/mol)
        LJ (SR)  Disper. corr.   Coulomb (SR)      Potential    Kinetic En.
    3.17282e+02   -3.81956e+00   -2.35000e+03   -2.03654e+03    1.25365e+03
   Total Energy  Conserved En.    Temperature Pres. DC (bar) Pressure (bar)
   -7.82893e+02    1.49620e+04    5.05124e+02   -2.37459e+00    4.72097e+02

           Step           Time
         500000     1000.00000

Writing checkpoint, step 500000 at Thu Jan 11 05:55:56 2024


   Energies (kJ/mol)
        LJ (SR)  Disper. corr.   Coulomb (SR)      Potential    Kinetic En.
    2.05318e+02   -3.81956e+00   -1.83920e+03   -1.63770e+03    1.23166e+03
   Total Energy  Conserved En.    Temperature Pres. DC (bar) Pressure (bar)
   -4.06041e+02    1.53756e+04    4.96265e+02   -2.37459e+00   -4.98173e+01


Energy conservation over simulation part #1 of length 1000 ns, time 0 to 1000 ns
  Conserved energy drift: 5.14e-02 kJ/mol/ps per atom


	<======  ###############  ==>
	<====  A V E R A G E S  ====>
	<==  ###############  ======>

	Statistics over 500001 steps using 5001 frames

   Energies (kJ/mol)
        LJ (SR)  Disper. corr.   Coulomb (SR)      Potential    Kinetic En.
    2.16286e+02   -3.81956e+00   -1.92392e+03   -1.71146e+03    1.29769e+03
   Total Energy  Conserved En.    Temperature Pres. DC (bar) Pressure (bar)
   -4.13767e+02    7.56007e+03    5.22868e+02   -2.37459e+00    3.26674e+01

   Total Virial (kJ/mol)
    4.03565e+02   -5.91719e-01   -8.85718e-01
   -5.92734e-01    4.11067e+02    3.26143e-01
   -8.86274e-01    3.25676e-01    4.03383e+02

   Pressure (bar)
    3.54615e+01    2.70343e-01    3.73686e-01
    2.71592e-01    2.64622e+01   -5.05933e-01
    3.74370e-01   -5.05358e-01    3.60785e+01


	M E G A - F L O P S   A C C O U N T I N G

 NB=Group-cutoff nonbonded kernels    NxN=N-by-N cluster Verlet kernels
 RF=Reaction-Field  VdW=Van der Waals  QSTab=quadratic-spline table
 W3=SPC/TIP3p  W4=TIP4p (single or pairs)
 V&F=Potential and force  V=Potential only  F=Force only

 Computing:                               M-Number         M-Flops  % Flops
-----------------------------------------------------------------------------
 Pair Search distance check             643.148558        5788.337     0.9
 NxN RF Elec. + LJ [F]                 9286.036688      352869.394    52.9
 NxN RF Elec. + LJ [V&F]                 93.801256        5065.268     0.8
 NxN RF Electrostatics [F]             9019.099984      279592.100    41.9
 NxN RF Electrostatics [V&F]             91.086760        3279.123     0.5
 Shift-X                                  7.500300          45.002     0.0
 Virial                                   1.725345          31.056     0.0
 Stop-CM                                  1.500600          15.006     0.0
 Calc-Ekin                               30.000600         810.016     0.1
 Constraint-V                           150.000600        1350.005     0.2
 Constraint-Vir                           1.500300          36.007     0.0
 Settle                                  50.000300       18500.111     2.8
-----------------------------------------------------------------------------
 Total                                                  667381.426   100.0
-----------------------------------------------------------------------------


     R E A L   C Y C L E   A N D   T I M E   A C C O U N T I N G

On 1 MPI rank, each using 12 OpenMP threads

 Computing:          Num   Num      Call    Wall time         Giga-Cycles
                     Ranks Threads  Count      (s)         total sum    %
-----------------------------------------------------------------------------
 Neighbor search        1   12      25001       1.573         47.121   8.2
 Force                  1   12     500001       5.791        173.455  30.2
 NB X/F buffer ops.     1   12     975001       5.409        162.006  28.2
 Write traj.            1   12        501       0.042          1.273   0.2
 Update                 1   12     500001       3.291         98.572  17.1
 Constraints            1   12     500003       1.900         56.917   9.9
 Rest                                           1.193         35.732   6.2
-----------------------------------------------------------------------------
 Total                                         19.200        575.075 100.0
-----------------------------------------------------------------------------

               Core t (s)   Wall t (s)        (%)
       Time:      230.398       19.200     1200.0
                 (ns/day)    (hour/ns)
Performance:     4500.041        0.005
Finished mdrun on rank 0 Thu Jan 11 05:55:56 2024

