              :-) GROMACS - gmx mdrun, 2021.4-Ubuntu-2021.4-2 (-:

                            GROMACS is written by:
     Andrey Alekseenko              Emile Apol              Rossen Apostolov     
         Paul Bauer           Herman J.C. Berendsen           Par Bjelkmar       
       Christian Blau           Viacheslav Bolnykh             Kevin Boyd        
     Aldert van Buuren           Rudi van Drunen             Anton Feenstra      
    Gilles Gouaillardet             Alan Gray               Gerrit Groenhof      
       Anca Hamuraru            Vincent Hindriksen          M. Eric Irrgang      
      Aleksei Iupinov           Christoph Junghans             Joe Jordan        
    Dimitrios Karkoulis            Peter Kasson                Jiri Kraus        
      Carsten Kutzner              Per Larsson              Justin A. Lemkul     
       Viveca Lindahl            Magnus Lundborg             Erik Marklund       
        Pascal Merz             Pieter Meulenhoff            Teemu Murtola       
        Szilard Pall               Sander Pronk              Roland Schulz       
       Michael Shirts            Alexey Shvetsov             Alfons Sijbers      
       Peter Tieleman              Jon Vincent              Teemu Virolainen     
     Christian Wennberg            Maarten Wolf              Artem Zhmurov       
                           and the project leaders:
        Mark Abraham, Berk Hess, Erik Lindahl, and David van der Spoel

Copyright (c) 1991-2000, University of Groningen, The Netherlands.
Copyright (c) 2001-2019, The GROMACS development team at
Uppsala University, Stockholm University and
the Royal Institute of Technology, Sweden.
check out http://www.gromacs.org for more information.

GROMACS is free software; you can redistribute it and/or modify it
under the terms of the GNU Lesser General Public License
as published by the Free Software Foundation; either version 2.1
of the License, or (at your option) any later version.

GROMACS:      gmx mdrun, version 2021.4-Ubuntu-2021.4-2
Executable:   /usr/bin/gmx
Data prefix:  /usr
Working dir:  /home/labo_pj/labo_app/gmxapp/user_id/2
Process ID:   2308
Command line:
  gmx mdrun -s ./output/md.tpr -deffnm ./output/md -v

GROMACS version:    2021.4-Ubuntu-2021.4-2
Precision:          mixed
Memory model:       64 bit
MPI library:        thread_mpi
OpenMP support:     enabled (GMX_OPENMP_MAX_THREADS = 64)
GPU support:        disabled
SIMD instructions:  SSE4.1
FFT library:        fftw-3.3.8-sse2-avx
RDTSCP usage:       enabled
TNG support:        enabled
Hwloc support:      hwloc-2.5.0
Tracing support:    disabled
C compiler:         /usr/bin/cc GNU 11.2.0
C compiler flags:   -msse4.1 -Wno-missing-field-initializers -fexcess-precision=fast -funroll-all-loops -O3 -DNDEBUG
C++ compiler:       /usr/bin/c++ GNU 11.2.0
C++ compiler flags: -msse4.1 -Wno-missing-field-initializers -fexcess-precision=fast -funroll-all-loops -fopenmp -O3 -DNDEBUG


Running on 1 node with total 16 cores, 32 logical cores
Hardware detected:
  CPU info:
    Vendor: AMD
    Brand:  AMD EPYC 7R32
    Family: 23   Model: 49   Stepping: 0
    Features: aes amd apic avx avx2 clfsh cmov cx8 cx16 f16c fma htt lahf misalignsse mmx msr nonstop_tsc pclmuldq pdpe1gb popcnt pse rdrnd rdtscp sha sse2 sse3 sse4a sse4.1 sse4.2 ssse3
  Hardware topology: Full, with devices
    Sockets, cores, and logical processors:
      Socket  0: [   0  16] [   1  17] [   2  18] [   3  19] [   4  20] [   5  21] [   6  22] [   7  23] [   8  24] [   9  25] [  10  26] [  11  27] [  12  28] [  13  29] [  14  30] [  15  31]
    Numa nodes:
      Node  0 (66689576960 bytes mem):   0  16   1  17   2  18   3  19   4  20   5  21   6  22   7  23   8  24   9  25  10  26  11  27  12  28  13  29  14  30  15  31
      Latency:
               0
         0  1.00
    Caches:
      L1: 32768 bytes, linesize 64 bytes, assoc. 8, shared 2 ways
      L2: 524288 bytes, linesize 64 bytes, assoc. 8, shared 2 ways
      L3: 16777216 bytes, linesize 64 bytes, assoc. 16, shared 8 ways
    PCI devices:
      0000:00:01.3  Id: 8086:7113  Class: 0x0000  Numa: 0
      0000:00:03.0  Id: 1d0f:1111  Class: 0x0300  Numa: 0
      0000:00:04.0  Id: 1d0f:8061  Class: 0x0108  Numa: 0
      0000:00:05.0  Id: 1d0f:ec20  Class: 0x0200  Numa: 0

Highest SIMD level supported by all nodes in run: AVX2_256
SIMD instructions selected at compile time:       SSE4.1
This program was compiled for different hardware than you are running on,
which could influence performance.

++++ PLEASE READ AND CITE THE FOLLOWING REFERENCE ++++
M. J. Abraham, T. Murtola, R. Schulz, S. Páll, J. C. Smith, B. Hess, E.
Lindahl
GROMACS: High performance molecular simulations through multi-level
parallelism from laptops to supercomputers
SoftwareX 1 (2015) pp. 19-25
-------- -------- --- Thank You --- -------- --------


++++ PLEASE READ AND CITE THE FOLLOWING REFERENCE ++++
S. Páll, M. J. Abraham, C. Kutzner, B. Hess, E. Lindahl
Tackling Exascale Software Challenges in Molecular Dynamics Simulations with
GROMACS
In S. Markidis & E. Laure (Eds.), Solving Software Challenges for Exascale 8759 (2015) pp. 3-27
-------- -------- --- Thank You --- -------- --------


++++ PLEASE READ AND CITE THE FOLLOWING REFERENCE ++++
S. Pronk, S. Páll, R. Schulz, P. Larsson, P. Bjelkmar, R. Apostolov, M. R.
Shirts, J. C. Smith, P. M. Kasson, D. van der Spoel, B. Hess, and E. Lindahl
GROMACS 4.5: a high-throughput and highly parallel open source molecular
simulation toolkit
Bioinformatics 29 (2013) pp. 845-54
-------- -------- --- Thank You --- -------- --------


++++ PLEASE READ AND CITE THE FOLLOWING REFERENCE ++++
B. Hess and C. Kutzner and D. van der Spoel and E. Lindahl
GROMACS 4: Algorithms for highly efficient, load-balanced, and scalable
molecular simulation
J. Chem. Theory Comput. 4 (2008) pp. 435-447
-------- -------- --- Thank You --- -------- --------


++++ PLEASE READ AND CITE THE FOLLOWING REFERENCE ++++
D. van der Spoel, E. Lindahl, B. Hess, G. Groenhof, A. E. Mark and H. J. C.
Berendsen
GROMACS: Fast, Flexible and Free
J. Comp. Chem. 26 (2005) pp. 1701-1719
-------- -------- --- Thank You --- -------- --------


++++ PLEASE READ AND CITE THE FOLLOWING REFERENCE ++++
E. Lindahl and B. Hess and D. van der Spoel
GROMACS 3.0: A package for molecular simulation and trajectory analysis
J. Mol. Mod. 7 (2001) pp. 306-317
-------- -------- --- Thank You --- -------- --------


++++ PLEASE READ AND CITE THE FOLLOWING REFERENCE ++++
H. J. C. Berendsen, D. van der Spoel and R. van Drunen
GROMACS: A message-passing parallel molecular dynamics implementation
Comp. Phys. Comm. 91 (1995) pp. 43-56
-------- -------- --- Thank You --- -------- --------

Input Parameters:
   integrator                     = md
   tinit                          = 0
   dt                             = 0.002
   nsteps                         = 1500000
   init-step                      = 0
   simulation-part                = 1
   mts                            = false
   comm-mode                      = Linear
   nstcomm                        = 100
   bd-fric                        = 0
   ld-seed                        = -343934785
   emtol                          = 10
   emstep                         = 0.01
   niter                          = 20
   fcstep                         = 0
   nstcgsteep                     = 1000
   nbfgscorr                      = 10
   rtpi                           = 0.05
   nstxout                        = 0
   nstvout                        = 0
   nstfout                        = 0
   nstlog                         = 10000
   nstcalcenergy                  = 100
   nstenergy                      = 10000
   nstxout-compressed             = 1000
   compressed-x-precision         = 1000
   cutoff-scheme                  = Verlet
   nstlist                        = 10
   pbc                            = xyz
   periodic-molecules             = false
   verlet-buffer-tolerance        = 0.005
   rlist                          = 1.106
   coulombtype                    = Cut-off
   coulomb-modifier               = Potential-shift
   rcoulomb-switch                = 0
   rcoulomb                       = 1
   epsilon-r                      = 1
   epsilon-rf                     = inf
   vdw-type                       = Cut-off
   vdw-modifier                   = Potential-shift
   rvdw-switch                    = 0
   rvdw                           = 1
   DispCorr                       = EnerPres
   table-extension                = 1
   fourierspacing                 = 0.12
   fourier-nx                     = 0
   fourier-ny                     = 0
   fourier-nz                     = 0
   pme-order                      = 4
   ewald-rtol                     = 1e-05
   ewald-rtol-lj                  = 0.001
   lj-pme-comb-rule               = Geometric
   ewald-geometry                 = 0
   epsilon-surface                = 0
   tcoupl                         = Nose-Hoover
   nsttcouple                     = 10
   nh-chain-length                = 1
   print-nose-hoover-chain-variables = false
   pcoupl                         = Parrinello-Rahman
   pcoupltype                     = Isotropic
   nstpcouple                     = 10
   tau-p                          = 1
   compressibility (3x3):
      compressibility[    0]={ 4.50000e-05,  0.00000e+00,  0.00000e+00}
      compressibility[    1]={ 0.00000e+00,  4.50000e-05,  0.00000e+00}
      compressibility[    2]={ 0.00000e+00,  0.00000e+00,  4.50000e-05}
   ref-p (3x3):
      ref-p[    0]={ 1.01300e+00,  0.00000e+00,  0.00000e+00}
      ref-p[    1]={ 0.00000e+00,  1.01300e+00,  0.00000e+00}
      ref-p[    2]={ 0.00000e+00,  0.00000e+00,  1.01300e+00}
   refcoord-scaling               = No
   posres-com (3):
      posres-com[0]= 0.00000e+00
      posres-com[1]= 0.00000e+00
      posres-com[2]= 0.00000e+00
   posres-comB (3):
      posres-comB[0]= 0.00000e+00
      posres-comB[1]= 0.00000e+00
      posres-comB[2]= 0.00000e+00
   QMMM                           = false
qm-opts:
   ngQM                           = 0
   constraint-algorithm           = Lincs
   continuation                   = false
   Shake-SOR                      = false
   shake-tol                      = 0.0001
   lincs-order                    = 4
   lincs-iter                     = 1
   lincs-warnangle                = 30
   nwall                          = 0
   wall-type                      = 9-3
   wall-r-linpot                  = -1
   wall-atomtype[0]               = -1
   wall-atomtype[1]               = -1
   wall-density[0]                = 0
   wall-density[1]                = 0
   wall-ewald-zfac                = 3
   pull                           = false
   awh                            = false
   rotation                       = false
   interactiveMD                  = false
   disre                          = No
   disre-weighting                = Conservative
   disre-mixed                    = false
   dr-fc                          = 1000
   dr-tau                         = 0
   nstdisreout                    = 100
   orire-fc                       = 0
   orire-tau                      = 0
   nstorireout                    = 100
   free-energy                    = no
   cos-acceleration               = 0
   deform (3x3):
      deform[    0]={ 0.00000e+00,  0.00000e+00,  0.00000e+00}
      deform[    1]={ 0.00000e+00,  0.00000e+00,  0.00000e+00}
      deform[    2]={ 0.00000e+00,  0.00000e+00,  0.00000e+00}
   simulated-tempering            = false
   swapcoords                     = no
   userint1                       = 0
   userint2                       = 0
   userint3                       = 0
   userint4                       = 0
   userreal1                      = 0
   userreal2                      = 0
   userreal3                      = 0
   userreal4                      = 0
   applied-forces:
     electric-field:
       x:
         E0                       = 0
         omega                    = 0
         t0                       = 0
         sigma                    = 0
       y:
         E0                       = 0
         omega                    = 0
         t0                       = 0
         sigma                    = 0
       z:
         E0                       = 0
         omega                    = 0
         t0                       = 0
         sigma                    = 0
     density-guided-simulation:
       active                     = false
       group                      = protein
       similarity-measure         = inner-product
       atom-spreading-weight      = unity
       force-constant             = 1e+09
       gaussian-transform-spreading-width = 0.2
       gaussian-transform-spreading-range-in-multiples-of-width = 4
       reference-density-filename = reference.mrc
       nst                        = 1
       normalize-densities        = true
       adaptive-force-scaling     = false
       adaptive-force-scaling-time-constant = 4
       shift-vector               = 
       transformation-matrix      = 
grpopts:
   nrdf:        5997
   ref-t:      300.15
   tau-t:         0.5
annealing:          No
annealing-npoints:           0
   acc:	           0           0           0
   nfreeze:           N           N           N
   energygrp-flags[  0]: 0

Changing nstlist from 10 to 20, rlist from 1.106 to 1.232


Initializing Domain Decomposition on 32 ranks
Dynamic load balancing: auto
Using update groups, nr 1000, average size 3.0 atoms, max. radius 0.078 nm
Minimum cell size due to atom displacement: 0.156 nm
Scaling the initial minimum size with 1/0.8 (option -dds) = 1.25
Optimizing the DD grid for 32 cells with a minimum initial size of 0.195 nm
The maximum allowed number of cells is: X 15 Y 15 Z 15
Domain decomposition grid 8 x 4 x 1, separate PME ranks 0
Domain decomposition rank 0, coordinates 0 0 0

The initial number of communication pulses is: X 4 Y 2
The initial domain decomposition cell size is: X 0.38 nm Y 0.75 nm

When dynamic load balancing gets turned on, these settings will change to:
The maximum number of communication pulses is: X 5 Y 3
The minimum size for domain decomposition cells is 0.278 nm
The requested allowed shrink of DD cells (option -dds) is: 0.80
The allowed shrink of domain decomposition cells is: X 0.74 Y 0.62

Using 32 MPI threads
Using 1 OpenMP thread per tMPI thread

Pinning threads with an auto-selected logical core stride of 1
System total charge: 0.000
Potential shift: LJ r^-12: -1.000e+00 r^-6: -1.000e+00, Coulomb -1e+00
Long Range LJ corr.: <C6> 2.7653e-04


Using SIMD 4x4 nonbonded short-range kernels

Using a dual 4x4 pair-list setup updated with dynamic pruning:
  outer list: updated every 20 steps, buffer 0.232 nm, rlist 1.232 nm
  inner list: updated every  4 steps, buffer 0.031 nm, rlist 1.031 nm
At tolerance 0.005 kJ/mol/ps per atom, equivalent classical 1x1 list would be:
  outer list: updated every 20 steps, buffer 0.278 nm, rlist 1.278 nm
  inner list: updated every  4 steps, buffer 0.039 nm, rlist 1.039 nm

Using geometric Lennard-Jones combination rule
Removing pbc first time

++++ PLEASE READ AND CITE THE FOLLOWING REFERENCE ++++
S. Miyamoto and P. A. Kollman
SETTLE: An Analytical Version of the SHAKE and RATTLE Algorithms for Rigid
Water Models
J. Comp. Chem. 13 (1992) pp. 952-962
-------- -------- --- Thank You --- -------- --------


Linking all bonded interactions to atoms


Intra-simulation communication will occur every 10 steps.
There are: 3000 Atoms
Atom distribution over 32 domains: av 93 stddev 16 min 75 max 111

Constraining the starting coordinates (step 0)

Constraining the coordinates at t0-dt (step 0)
Center of mass motion removal mode is Linear
We have the following groups for center of mass motion removal:
  0:  rest
RMS relative constraint deviation after constraining: 0.00e+00
Initial temperature: 6.06526e-08 K

Started mdrun on rank 0 Thu Jan 25 12:11:32 2024

           Step           Time
              0        0.00000

   Energies (kJ/mol)
        LJ (SR)  Disper. corr.   Coulomb (SR)      Potential    Kinetic En.
    7.52184e+03   -3.85689e+02   -4.59101e+04   -3.87739e+04    4.21454e+01
   Total Energy  Conserved En.    Temperature Pres. DC (bar) Pressure (bar)
   -3.87318e+04   -3.87301e+04    1.69049e+00   -2.37459e+02    4.14728e+03


DD  step 19 load imb.: force 13.1%

step 40 Turning on dynamic load balancing, because the performance loss due to load imbalance is 4.1 %.

DD  step 9999  vol min/aver 0.873  load imb.: force  5.9%
           Step           Time
          10000       20.00000

   Energies (kJ/mol)
        LJ (SR)  Disper. corr.   Coulomb (SR)      Potential    Kinetic En.
    6.37413e+03   -3.74926e+02   -6.06287e+04   -5.46295e+04    7.22750e+03
   Total Energy  Conserved En.    Temperature Pres. DC (bar) Pressure (bar)
   -4.74020e+04   -1.80812e+04    2.89901e+02   -2.24406e+02    2.32155e+02


DD  step 19999  vol min/aver 0.735  load imb.: force  5.7%
           Step           Time
          20000       40.00000

   Energies (kJ/mol)
        LJ (SR)  Disper. corr.   Coulomb (SR)      Potential    Kinetic En.
    6.40958e+03   -3.77049e+02   -6.06249e+04   -5.45923e+04    7.56400e+03
   Total Energy  Conserved En.    Temperature Pres. DC (bar) Pressure (bar)
   -4.70283e+04   -2.47172e+03    3.03398e+02   -2.26952e+02    1.02879e+03


DD  step 29999  vol min/aver 0.863  load imb.: force  6.4%
           Step           Time
          30000       60.00000

   Energies (kJ/mol)
        LJ (SR)  Disper. corr.   Coulomb (SR)      Potential    Kinetic En.
    6.01471e+03   -3.75645e+02   -6.04179e+04   -5.47788e+04    7.56562e+03
   Total Energy  Conserved En.    Temperature Pres. DC (bar) Pressure (bar)
   -4.72132e+04    1.40147e+04    3.03463e+02   -2.25266e+02   -3.50627e+03


DD  step 39999  vol min/aver 0.767  load imb.: force  5.5%
           Step           Time
          40000       80.00000

   Energies (kJ/mol)
        LJ (SR)  Disper. corr.   Coulomb (SR)      Potential    Kinetic En.
    6.28336e+03   -3.78092e+02   -6.06395e+04   -5.47343e+04    7.67953e+03
   Total Energy  Conserved En.    Temperature Pres. DC (bar) Pressure (bar)
   -4.70547e+04    3.01404e+04    3.08032e+02   -2.28207e+02   -3.46301e+03


DD  step 49999  vol min/aver 0.880  load imb.: force  5.0%
           Step           Time
          50000      100.00000

   Energies (kJ/mol)
        LJ (SR)  Disper. corr.   Coulomb (SR)      Potential    Kinetic En.
    6.34600e+03   -3.79868e+02   -6.19228e+04   -5.59567e+04    7.09462e+03
   Total Energy  Conserved En.    Temperature Pres. DC (bar) Pressure (bar)
   -4.88621e+04    4.68240e+04    2.84571e+02   -2.30354e+02    2.04880e+03


DD  step 59999  vol min/aver 0.874  load imb.: force  7.9%
           Step           Time
          60000      120.00000

   Energies (kJ/mol)
        LJ (SR)  Disper. corr.   Coulomb (SR)      Potential    Kinetic En.
    6.38964e+03   -3.76596e+02   -6.04702e+04   -5.44572e+04    8.13367e+03
   Total Energy  Conserved En.    Temperature Pres. DC (bar) Pressure (bar)
   -4.63235e+04    6.32045e+04    3.26248e+02   -2.26407e+02   -3.40792e+03


DD  step 69999  vol min/aver 0.858  load imb.: force  4.1%
           Step           Time
          70000      140.00000

   Energies (kJ/mol)
        LJ (SR)  Disper. corr.   Coulomb (SR)      Potential    Kinetic En.
    6.49536e+03   -3.78558e+02   -6.05932e+04   -5.44764e+04    8.16212e+03
   Total Energy  Conserved En.    Temperature Pres. DC (bar) Pressure (bar)
   -4.63143e+04    8.05561e+04    3.27389e+02   -2.28769e+02   -8.03209e+02


DD  step 79999  vol min/aver 0.737  load imb.: force  6.0%
           Step           Time
          80000      160.00000

   Energies (kJ/mol)
        LJ (SR)  Disper. corr.   Coulomb (SR)      Potential    Kinetic En.
    6.54210e+03   -3.78693e+02   -6.09338e+04   -5.47704e+04    7.72828e+03
   Total Energy  Conserved En.    Temperature Pres. DC (bar) Pressure (bar)
   -4.70421e+04    9.73444e+04    3.09988e+02   -2.28932e+02    7.07109e+02


DD  step 89999  vol min/aver 0.881  load imb.: force  5.9%
           Step           Time
          90000      180.00000

   Energies (kJ/mol)
        LJ (SR)  Disper. corr.   Coulomb (SR)      Potential    Kinetic En.
    6.76426e+03   -3.79493e+02   -6.14952e+04   -5.51104e+04    7.70918e+03
   Total Energy  Conserved En.    Temperature Pres. DC (bar) Pressure (bar)
   -4.74013e+04    1.14000e+05    3.09222e+02   -2.29899e+02   -1.31535e+03


DD  step 99999  vol min/aver 0.818  load imb.: force  5.0%
           Step           Time
         100000      200.00000

   Energies (kJ/mol)
        LJ (SR)  Disper. corr.   Coulomb (SR)      Potential    Kinetic En.
    6.32422e+03   -3.79579e+02   -6.21748e+04   -5.62302e+04    6.73144e+03
   Total Energy  Conserved En.    Temperature Pres. DC (bar) Pressure (bar)
   -4.94987e+04    1.32009e+05    2.70004e+02   -2.30004e+02    1.06798e+03


DD  step 109999  vol min/aver 0.871  load imb.: force  5.6%
           Step           Time
         110000      220.00000

   Energies (kJ/mol)
        LJ (SR)  Disper. corr.   Coulomb (SR)      Potential    Kinetic En.
    6.88852e+03   -3.81022e+02   -6.18755e+04   -5.53680e+04    7.65115e+03
   Total Energy  Conserved En.    Temperature Pres. DC (bar) Pressure (bar)
   -4.77168e+04    1.49621e+05    3.06894e+02   -2.31753e+02    4.53412e+03


DD  step 119999  vol min/aver 0.839  load imb.: force  4.1%
           Step           Time
         120000      240.00000

   Energies (kJ/mol)
        LJ (SR)  Disper. corr.   Coulomb (SR)      Potential    Kinetic En.
    6.83360e+03   -3.81982e+02   -6.27529e+04   -5.63013e+04    7.04058e+03
   Total Energy  Conserved En.    Temperature Pres. DC (bar) Pressure (bar)
   -4.92607e+04    1.68766e+05    2.82403e+02   -2.32922e+02    2.43460e+03


DD  step 129999  vol min/aver 0.844  load imb.: force  5.4%
           Step           Time
         130000      260.00000

   Energies (kJ/mol)
        LJ (SR)  Disper. corr.   Coulomb (SR)      Potential    Kinetic En.
    6.98429e+03   -3.83103e+02   -6.17447e+04   -5.51435e+04    7.37557e+03
   Total Energy  Conserved En.    Temperature Pres. DC (bar) Pressure (bar)
   -4.77680e+04    1.86993e+05    2.95840e+02   -2.34290e+02    1.99209e+03


DD  step 139999  vol min/aver 0.852  load imb.: force  7.9%
           Step           Time
         140000      280.00000

   Energies (kJ/mol)
        LJ (SR)  Disper. corr.   Coulomb (SR)      Potential    Kinetic En.
    6.40021e+03   -3.83788e+02   -6.19043e+04   -5.58879e+04    7.20815e+03
   Total Energy  Conserved En.    Temperature Pres. DC (bar) Pressure (bar)
   -4.86798e+04    2.03820e+05    2.89125e+02   -2.35127e+02   -7.04443e+02


DD  step 149999  vol min/aver 0.840  load imb.: force  5.6%
           Step           Time
         150000      300.00000

   Energies (kJ/mol)
        LJ (SR)  Disper. corr.   Coulomb (SR)      Potential    Kinetic En.
    6.24145e+03   -3.81535e+02   -6.13796e+04   -5.55197e+04    7.27093e+03
   Total Energy  Conserved En.    Temperature Pres. DC (bar) Pressure (bar)
   -4.82487e+04    2.23718e+05    2.91643e+02   -2.32377e+02   -1.59805e+03


DD  step 159999  vol min/aver 0.791  load imb.: force  7.4%
           Step           Time
         160000      320.00000

   Energies (kJ/mol)
        LJ (SR)  Disper. corr.   Coulomb (SR)      Potential    Kinetic En.
    6.95237e+03   -3.84307e+02   -6.22330e+04   -5.56649e+04    7.40550e+03
   Total Energy  Conserved En.    Temperature Pres. DC (bar) Pressure (bar)
   -4.82595e+04    2.40746e+05    2.97041e+02   -2.35763e+02    3.23906e+03


DD  step 169999  vol min/aver 0.818  load imb.: force  6.6%
           Step           Time
         170000      340.00000

   Energies (kJ/mol)
        LJ (SR)  Disper. corr.   Coulomb (SR)      Potential    Kinetic En.
    6.26418e+03   -3.83618e+02   -6.06028e+04   -5.47222e+04    7.72954e+03
   Total Energy  Conserved En.    Temperature Pres. DC (bar) Pressure (bar)
   -4.69927e+04    2.58371e+05    3.10039e+02   -2.34919e+02    1.11548e+03


DD  step 179999  vol min/aver 0.839  load imb.: force  3.1%
           Step           Time
         180000      360.00000

   Energies (kJ/mol)
        LJ (SR)  Disper. corr.   Coulomb (SR)      Potential    Kinetic En.
    6.11814e+03   -3.83256e+02   -6.05787e+04   -5.48438e+04    7.67093e+03
   Total Energy  Conserved En.    Temperature Pres. DC (bar) Pressure (bar)
   -4.71729e+04    2.75062e+05    3.07687e+02   -2.34476e+02    9.08075e+02


DD  step 189999  vol min/aver 0.787  load imb.: force  6.3%
           Step           Time
         190000      380.00000

   Energies (kJ/mol)
        LJ (SR)  Disper. corr.   Coulomb (SR)      Potential    Kinetic En.
    6.17892e+03   -3.82744e+02   -6.00443e+04   -5.42482e+04    8.03286e+03
   Total Energy  Conserved En.    Temperature Pres. DC (bar) Pressure (bar)
   -4.62153e+04    2.92335e+05    3.22205e+02   -2.33850e+02   -9.54894e+02


DD  step 199999  vol min/aver 0.830  load imb.: force  5.1%
           Step           Time
         200000      400.00000

   Energies (kJ/mol)
        LJ (SR)  Disper. corr.   Coulomb (SR)      Potential    Kinetic En.
    6.31966e+03   -3.83153e+02   -6.08131e+04   -5.48766e+04    7.39590e+03
   Total Energy  Conserved En.    Temperature Pres. DC (bar) Pressure (bar)
   -4.74807e+04    3.09343e+05    2.96656e+02   -2.34350e+02   -2.97883e+03


DD  step 209999  vol min/aver 0.875  load imb.: force  7.1%
           Step           Time
         210000      420.00000

   Energies (kJ/mol)
        LJ (SR)  Disper. corr.   Coulomb (SR)      Potential    Kinetic En.
    6.27558e+03   -3.82372e+02   -6.15629e+04   -5.56697e+04    7.09683e+03
   Total Energy  Conserved En.    Temperature Pres. DC (bar) Pressure (bar)
   -4.85729e+04    3.26327e+05    2.84660e+02   -2.33397e+02   -8.58010e+03


DD  step 219999  vol min/aver 0.785  load imb.: force  7.2%
           Step           Time
         220000      440.00000

   Energies (kJ/mol)
        LJ (SR)  Disper. corr.   Coulomb (SR)      Potential    Kinetic En.
    6.40949e+03   -3.84500e+02   -6.04906e+04   -5.44656e+04    7.71617e+03
   Total Energy  Conserved En.    Temperature Pres. DC (bar) Pressure (bar)
   -4.67495e+04    3.43425e+05    3.09502e+02   -2.36000e+02   -9.90054e+02


DD  step 229999  vol min/aver 0.795  load imb.: force  5.5%
           Step           Time
         230000      460.00000

   Energies (kJ/mol)
        LJ (SR)  Disper. corr.   Coulomb (SR)      Potential    Kinetic En.
    6.30576e+03   -3.85239e+02   -6.02073e+04   -5.42868e+04    8.24273e+03
   Total Energy  Conserved En.    Temperature Pres. DC (bar) Pressure (bar)
   -4.60441e+04    3.59991e+05    3.30623e+02   -2.36906e+02   -1.11581e+03


DD  step 239999  vol min/aver 0.837  load imb.: force  9.7%
           Step           Time
         240000      480.00000

   Energies (kJ/mol)
        LJ (SR)  Disper. corr.   Coulomb (SR)      Potential    Kinetic En.
    6.63688e+03   -3.86705e+02   -6.19333e+04   -5.56832e+04    7.45906e+03
   Total Energy  Conserved En.    Temperature Pres. DC (bar) Pressure (bar)
   -4.82241e+04    3.77458e+05    2.99189e+02   -2.38711e+02   -1.83516e+03


DD  step 249999  vol min/aver 0.836  load imb.: force  6.7%
           Step           Time
         250000      500.00000

   Energies (kJ/mol)
        LJ (SR)  Disper. corr.   Coulomb (SR)      Potential    Kinetic En.
    6.39024e+03   -3.86137e+02   -6.12791e+04   -5.52750e+04    7.78885e+03
   Total Energy  Conserved En.    Temperature Pres. DC (bar) Pressure (bar)
   -4.74861e+04    3.94549e+05    3.12418e+02   -2.38011e+02   -4.58931e+03


DD  step 259999  vol min/aver 0.859  load imb.: force  6.0%
           Step           Time
         260000      520.00000

   Energies (kJ/mol)
        LJ (SR)  Disper. corr.   Coulomb (SR)      Potential    Kinetic En.
    6.42324e+03   -3.87977e+02   -6.24213e+04   -5.63861e+04    6.97649e+03
   Total Energy  Conserved En.    Temperature Pres. DC (bar) Pressure (bar)
   -4.94096e+04    4.12399e+05    2.79833e+02   -2.40282e+02   -6.32387e+02


DD  step 269999  vol min/aver 0.795  load imb.: force  7.5%
           Step           Time
         270000      540.00000

   Energies (kJ/mol)
        LJ (SR)  Disper. corr.   Coulomb (SR)      Potential    Kinetic En.
    6.67084e+03   -3.87460e+02   -6.24894e+04   -5.62061e+04    7.30994e+03
   Total Energy  Conserved En.    Temperature Pres. DC (bar) Pressure (bar)
   -4.88961e+04    4.31905e+05    2.93208e+02   -2.39643e+02   -1.77910e+03


DD  step 279999  vol min/aver 0.859  load imb.: force  8.1%
           Step           Time
         280000      560.00000

   Energies (kJ/mol)
        LJ (SR)  Disper. corr.   Coulomb (SR)      Potential    Kinetic En.
    6.62433e+03   -3.89367e+02   -6.12263e+04   -5.49913e+04    7.79648e+03
   Total Energy  Conserved En.    Temperature Pres. DC (bar) Pressure (bar)
   -4.71949e+04    4.49421e+05    3.12724e+02   -2.42005e+02   -1.99511e+03


DD  step 289999  vol min/aver 0.884  load imb.: force  6.7%
           Step           Time
         290000      580.00000

   Energies (kJ/mol)
        LJ (SR)  Disper. corr.   Coulomb (SR)      Potential    Kinetic En.
    6.42544e+03   -3.89390e+02   -6.13950e+04   -5.53589e+04    7.90202e+03
   Total Energy  Conserved En.    Temperature Pres. DC (bar) Pressure (bar)
   -4.74569e+04    4.66818e+05    3.16957e+02   -2.42034e+02   -1.76629e+02


DD  step 299999  vol min/aver 0.831  load imb.: force  6.3%
           Step           Time
         300000      600.00000

   Energies (kJ/mol)
        LJ (SR)  Disper. corr.   Coulomb (SR)      Potential    Kinetic En.
    6.49091e+03   -3.91270e+02   -6.24307e+04   -5.63310e+04    6.84967e+03
   Total Energy  Conserved En.    Temperature Pres. DC (bar) Pressure (bar)
   -4.94813e+04    4.84412e+05    2.74746e+02   -2.44373e+02    5.31118e+02


DD  step 309999  vol min/aver 0.820  load imb.: force  4.1%
           Step           Time
         310000      620.00000

   Energies (kJ/mol)
        LJ (SR)  Disper. corr.   Coulomb (SR)      Potential    Kinetic En.
    6.54522e+03   -3.91111e+02   -6.22493e+04   -5.60952e+04    7.07885e+03
   Total Energy  Conserved En.    Temperature Pres. DC (bar) Pressure (bar)
   -4.90164e+04    5.02548e+05    2.83938e+02   -2.44176e+02    3.59677e+03


DD  step 319999  vol min/aver 0.863  load imb.: force  5.4%
           Step           Time
         320000      640.00000

   Energies (kJ/mol)
        LJ (SR)  Disper. corr.   Coulomb (SR)      Potential    Kinetic En.
    6.17705e+03   -3.88273e+02   -6.14586e+04   -5.56699e+04    7.31674e+03
   Total Energy  Conserved En.    Temperature Pres. DC (bar) Pressure (bar)
   -4.83531e+04    5.19612e+05    2.93480e+02   -2.40648e+02   -3.51362e+03


DD  step 329999  vol min/aver 0.843  load imb.: force  6.7%
           Step           Time
         330000      660.00000

   Energies (kJ/mol)
        LJ (SR)  Disper. corr.   Coulomb (SR)      Potential    Kinetic En.
    6.19877e+03   -3.91076e+02   -6.17152e+04   -5.59075e+04    7.06951e+03
   Total Energy  Conserved En.    Temperature Pres. DC (bar) Pressure (bar)
   -4.88380e+04    5.37388e+05    2.83564e+02   -2.44132e+02   -1.82105e+03


DD  step 339999  vol min/aver 0.847  load imb.: force  5.8%
           Step           Time
         340000      680.00000

   Energies (kJ/mol)
        LJ (SR)  Disper. corr.   Coulomb (SR)      Potential    Kinetic En.
    6.25226e+03   -3.89801e+02   -6.25802e+04   -5.67178e+04    7.03193e+03
   Total Energy  Conserved En.    Temperature Pres. DC (bar) Pressure (bar)
   -4.96858e+04    5.54811e+05    2.82057e+02   -2.42544e+02   -6.68571e+03


DD  step 349999  vol min/aver 0.823  load imb.: force  9.1%
           Step           Time
         350000      700.00000

   Energies (kJ/mol)
        LJ (SR)  Disper. corr.   Coulomb (SR)      Potential    Kinetic En.
    6.53257e+03   -3.90666e+02   -6.10205e+04   -5.48786e+04    7.78578e+03
   Total Energy  Conserved En.    Temperature Pres. DC (bar) Pressure (bar)
   -4.70928e+04    5.73515e+05    3.12294e+02   -2.43620e+02    5.98076e+02


DD  step 359999  vol min/aver 0.770  load imb.: force  4.2%
           Step           Time
         360000      720.00000

   Energies (kJ/mol)
        LJ (SR)  Disper. corr.   Coulomb (SR)      Potential    Kinetic En.
    6.33622e+03   -3.91610e+02   -6.06905e+04   -5.47459e+04    8.00399e+03
   Total Energy  Conserved En.    Temperature Pres. DC (bar) Pressure (bar)
   -4.67419e+04    5.91394e+05    3.21047e+02   -2.44798e+02   -1.08575e+03


DD  step 369999  vol min/aver 0.859  load imb.: force  4.3%
           Step           Time
         370000      740.00000

   Energies (kJ/mol)
        LJ (SR)  Disper. corr.   Coulomb (SR)      Potential    Kinetic En.
    6.50284e+03   -3.93316e+02   -6.10370e+04   -5.49275e+04    7.78312e+03
   Total Energy  Conserved En.    Temperature Pres. DC (bar) Pressure (bar)
   -4.71444e+04    6.10248e+05    3.12188e+02   -2.46933e+02    1.67605e+03


DD  step 379999  vol min/aver 0.854  load imb.: force  9.8%
           Step           Time
         380000      760.00000

   Energies (kJ/mol)
        LJ (SR)  Disper. corr.   Coulomb (SR)      Potential    Kinetic En.
    6.92966e+03   -3.92831e+02   -6.26511e+04   -5.61143e+04    6.91824e+03
   Total Energy  Conserved En.    Temperature Pres. DC (bar) Pressure (bar)
   -4.91960e+04    6.29923e+05    2.77496e+02   -2.46325e+02    1.50506e+03


DD  step 389999  vol min/aver 0.878  load imb.: force  3.5%
           Step           Time
         390000      780.00000

   Energies (kJ/mol)
        LJ (SR)  Disper. corr.   Coulomb (SR)      Potential    Kinetic En.
    6.64599e+03   -3.93658e+02   -6.11726e+04   -5.49203e+04    7.97051e+03
   Total Energy  Conserved En.    Temperature Pres. DC (bar) Pressure (bar)
   -4.69498e+04    6.47764e+05    3.19704e+02   -2.47362e+02   -2.44623e+03


DD  step 399999  vol min/aver 0.875  load imb.: force  3.8%
           Step           Time
         400000      800.00000

   Energies (kJ/mol)
        LJ (SR)  Disper. corr.   Coulomb (SR)      Potential    Kinetic En.
    6.52193e+03   -3.95485e+02   -6.20356e+04   -5.59091e+04    7.43181e+03
   Total Energy  Conserved En.    Temperature Pres. DC (bar) Pressure (bar)
   -4.84773e+04    6.65287e+05    2.98096e+02   -2.49662e+02   -1.04532e+03


DD  step 409999  vol min/aver 0.909  load imb.: force  5.3%
           Step           Time
         410000      820.00000

   Energies (kJ/mol)
        LJ (SR)  Disper. corr.   Coulomb (SR)      Potential    Kinetic En.
    6.61313e+03   -3.93545e+02   -6.07732e+04   -5.45536e+04    8.01365e+03
   Total Energy  Conserved En.    Temperature Pres. DC (bar) Pressure (bar)
   -4.65399e+04    6.83491e+05    3.21434e+02   -2.47221e+02   -1.34585e+03


DD  step 419999  vol min/aver 0.798  load imb.: force  6.2%
           Step           Time
         420000      840.00000

   Energies (kJ/mol)
        LJ (SR)  Disper. corr.   Coulomb (SR)      Potential    Kinetic En.
    6.77703e+03   -3.95677e+02   -6.24863e+04   -5.61050e+04    7.27288e+03
   Total Energy  Conserved En.    Temperature Pres. DC (bar) Pressure (bar)
   -4.88321e+04    7.01849e+05    2.91721e+02   -2.49904e+02   -6.41557e+02


DD  step 429999  vol min/aver 0.873  load imb.: force  7.3%
           Step           Time
         430000      860.00000

   Energies (kJ/mol)
        LJ (SR)  Disper. corr.   Coulomb (SR)      Potential    Kinetic En.
    6.82561e+03   -3.96216e+02   -6.18599e+04   -5.54305e+04    7.51649e+03
   Total Energy  Conserved En.    Temperature Pres. DC (bar) Pressure (bar)
   -4.79140e+04    7.20722e+05    3.01493e+02   -2.50585e+02    1.69712e+03


DD  step 439999  vol min/aver 0.761  load imb.: force  4.4%
           Step           Time
         440000      880.00000

   Energies (kJ/mol)
        LJ (SR)  Disper. corr.   Coulomb (SR)      Potential    Kinetic En.
    6.77493e+03   -3.96606e+02   -6.18288e+04   -5.54505e+04    7.57850e+03
   Total Energy  Conserved En.    Temperature Pres. DC (bar) Pressure (bar)
   -4.78720e+04    7.38528e+05    3.03980e+02   -2.51077e+02    4.88583e+03


DD  step 449999  vol min/aver 0.851  load imb.: force  6.7%
           Step           Time
         450000      900.00000

   Energies (kJ/mol)
        LJ (SR)  Disper. corr.   Coulomb (SR)      Potential    Kinetic En.
    6.77912e+03   -3.94104e+02   -6.21387e+04   -5.57537e+04    8.03854e+03
   Total Energy  Conserved En.    Temperature Pres. DC (bar) Pressure (bar)
   -4.77151e+04    7.55854e+05    3.22432e+02   -2.47923e+02    1.86346e+03


DD  step 459999  vol min/aver 0.889  load imb.: force  9.6%
           Step           Time
         460000      920.00000

   Energies (kJ/mol)
        LJ (SR)  Disper. corr.   Coulomb (SR)      Potential    Kinetic En.
    6.89087e+03   -3.95051e+02   -6.20354e+04   -5.55396e+04    7.63588e+03
   Total Energy  Conserved En.    Temperature Pres. DC (bar) Pressure (bar)
   -4.79038e+04    7.73044e+05    3.06282e+02   -2.49115e+02    2.02848e+03


DD  step 469999  vol min/aver 0.771  load imb.: force  4.9%
           Step           Time
         470000      940.00000

   Energies (kJ/mol)
        LJ (SR)  Disper. corr.   Coulomb (SR)      Potential    Kinetic En.
    6.95297e+03   -3.94031e+02   -6.12177e+04   -5.46588e+04    8.32282e+03
   Total Energy  Conserved En.    Temperature Pres. DC (bar) Pressure (bar)
   -4.63360e+04    7.91120e+05    3.33835e+02   -2.47831e+02   -3.76691e+03


DD  step 479999  vol min/aver 0.771  load imb.: force  4.8%
           Step           Time
         480000      960.00000

   Energies (kJ/mol)
        LJ (SR)  Disper. corr.   Coulomb (SR)      Potential    Kinetic En.
    6.73829e+03   -3.95362e+02   -6.22712e+04   -5.59283e+04    7.33099e+03
   Total Energy  Conserved En.    Temperature Pres. DC (bar) Pressure (bar)
   -4.85973e+04    8.10834e+05    2.94052e+02   -2.49506e+02    8.01303e+02


DD  step 489999  vol min/aver 0.789  load imb.: force  9.1%
           Step           Time
         490000      980.00000

   Energies (kJ/mol)
        LJ (SR)  Disper. corr.   Coulomb (SR)      Potential    Kinetic En.
    6.99351e+03   -3.95808e+02   -6.24856e+04   -5.58879e+04    7.19956e+03
   Total Energy  Conserved En.    Temperature Pres. DC (bar) Pressure (bar)
   -4.86883e+04    8.28179e+05    2.88781e+02   -2.50070e+02   -1.20751e+03


DD  step 499999  vol min/aver 0.777  load imb.: force  5.0%
           Step           Time
         500000     1000.00000

   Energies (kJ/mol)
        LJ (SR)  Disper. corr.   Coulomb (SR)      Potential    Kinetic En.
    6.98353e+03   -3.96975e+02   -6.34059e+04   -5.68194e+04    6.92877e+03
   Total Energy  Conserved En.    Temperature Pres. DC (bar) Pressure (bar)
   -4.98906e+04    8.46532e+05    2.77919e+02   -2.51545e+02   -3.77080e+02


DD  step 509999  vol min/aver 0.818  load imb.: force  4.6%
           Step           Time
         510000     1020.00000

   Energies (kJ/mol)
        LJ (SR)  Disper. corr.   Coulomb (SR)      Potential    Kinetic En.
    7.14595e+03   -3.96275e+02   -6.27848e+04   -5.60351e+04    7.34422e+03
   Total Energy  Conserved En.    Temperature Pres. DC (bar) Pressure (bar)
   -4.86909e+04    8.66347e+05    2.94583e+02   -2.50659e+02    4.11395e+02


DD  step 519999  vol min/aver 0.807  load imb.: force  5.6%
           Step           Time
         520000     1040.00000

   Energies (kJ/mol)
        LJ (SR)  Disper. corr.   Coulomb (SR)      Potential    Kinetic En.
    7.10639e+03   -3.96611e+02   -6.15626e+04   -5.48528e+04    8.04648e+03
   Total Energy  Conserved En.    Temperature Pres. DC (bar) Pressure (bar)
   -4.68064e+04    8.84504e+05    3.22751e+02   -2.51084e+02    4.09613e+03


DD  step 529999  vol min/aver 0.778  load imb.: force  6.2%
           Step           Time
         530000     1060.00000

   Energies (kJ/mol)
        LJ (SR)  Disper. corr.   Coulomb (SR)      Potential    Kinetic En.
    6.59456e+03   -3.95632e+02   -6.12412e+04   -5.50423e+04    8.08797e+03
   Total Energy  Conserved En.    Temperature Pres. DC (bar) Pressure (bar)
   -4.69543e+04    9.03073e+05    3.24415e+02   -2.49847e+02    2.86292e+03


DD  step 539999  vol min/aver 0.857  load imb.: force  5.7%
           Step           Time
         540000     1080.00000

   Energies (kJ/mol)
        LJ (SR)  Disper. corr.   Coulomb (SR)      Potential    Kinetic En.
    6.85985e+03   -3.97366e+02   -6.19922e+04   -5.55298e+04    7.85441e+03
   Total Energy  Conserved En.    Temperature Pres. DC (bar) Pressure (bar)
   -4.76754e+04    9.19964e+05    3.15047e+02   -2.52040e+02   -1.09193e+02


DD  step 549999  vol min/aver 0.748  load imb.: force  5.4%
           Step           Time
         550000     1100.00000

   Energies (kJ/mol)
        LJ (SR)  Disper. corr.   Coulomb (SR)      Potential    Kinetic En.
    6.78247e+03   -3.97641e+02   -6.18272e+04   -5.54423e+04    7.75818e+03
   Total Energy  Conserved En.    Temperature Pres. DC (bar) Pressure (bar)
   -4.76842e+04    9.37843e+05    3.11187e+02   -2.52389e+02    2.84752e+03


DD  step 559999  vol min/aver 0.861  load imb.: force  4.1%
           Step           Time
         560000     1120.00000

   Energies (kJ/mol)
        LJ (SR)  Disper. corr.   Coulomb (SR)      Potential    Kinetic En.
    6.46907e+03   -3.94949e+02   -6.14234e+04   -5.53493e+04    7.78415e+03
   Total Energy  Conserved En.    Temperature Pres. DC (bar) Pressure (bar)
   -4.75652e+04    9.56650e+05    3.12229e+02   -2.48986e+02   -2.36257e+03


DD  step 569999  vol min/aver 0.831  load imb.: force  5.9%
           Step           Time
         570000     1140.00000

   Energies (kJ/mol)
        LJ (SR)  Disper. corr.   Coulomb (SR)      Potential    Kinetic En.
    6.66563e+03   -3.96546e+02   -6.18617e+04   -5.55926e+04    7.64130e+03
   Total Energy  Conserved En.    Temperature Pres. DC (bar) Pressure (bar)
   -4.79513e+04    9.74078e+05    3.06499e+02   -2.51002e+02    4.74955e+03


DD  step 579999  vol min/aver 0.813  load imb.: force  8.6%
           Step           Time
         580000     1160.00000

   Energies (kJ/mol)
        LJ (SR)  Disper. corr.   Coulomb (SR)      Potential    Kinetic En.
    6.40032e+03   -3.94122e+02   -6.23278e+04   -5.63216e+04    7.25274e+03
   Total Energy  Conserved En.    Temperature Pres. DC (bar) Pressure (bar)
   -4.90689e+04    9.91653e+05    2.90913e+02   -2.47946e+02   -5.20952e+03


DD  step 589999  vol min/aver 0.819  load imb.: force  6.6%
           Step           Time
         590000     1180.00000

   Energies (kJ/mol)
        LJ (SR)  Disper. corr.   Coulomb (SR)      Potential    Kinetic En.
    6.99256e+03   -3.95791e+02   -6.17804e+04   -5.51836e+04    7.60188e+03
   Total Energy  Conserved En.    Temperature Pres. DC (bar) Pressure (bar)
   -4.75817e+04    1.00954e+06    3.04918e+02   -2.50047e+02    2.76374e+03


DD  step 599999  vol min/aver 0.817  load imb.: force 10.3%
           Step           Time
         600000     1200.00000

   Energies (kJ/mol)
        LJ (SR)  Disper. corr.   Coulomb (SR)      Potential    Kinetic En.
    6.66687e+03   -3.93516e+02   -6.23182e+04   -5.60449e+04    7.11167e+03
   Total Energy  Conserved En.    Temperature Pres. DC (bar) Pressure (bar)
   -4.89332e+04    1.02804e+06    2.85255e+02   -2.47185e+02    9.91290e+02


DD  step 609999  vol min/aver 0.794  load imb.: force  5.4%
           Step           Time
         610000     1220.00000

   Energies (kJ/mol)
        LJ (SR)  Disper. corr.   Coulomb (SR)      Potential    Kinetic En.
    7.03574e+03   -3.94489e+02   -6.24271e+04   -5.57858e+04    7.09098e+03
   Total Energy  Conserved En.    Temperature Pres. DC (bar) Pressure (bar)
   -4.86948e+04    1.04499e+06    2.84425e+02   -2.48407e+02    3.81711e+03


DD  step 619999  vol min/aver 0.809  load imb.: force  5.0%
           Step           Time
         620000     1240.00000

   Energies (kJ/mol)
        LJ (SR)  Disper. corr.   Coulomb (SR)      Potential    Kinetic En.
    6.72985e+03   -3.95023e+02   -6.22676e+04   -5.59328e+04    7.20668e+03
   Total Energy  Conserved En.    Temperature Pres. DC (bar) Pressure (bar)
   -4.87261e+04    1.06198e+06    2.89066e+02   -2.49079e+02    2.15210e+03


DD  load balancing is limited by minimum cell size in dimension Y
DD  step 629999  vol min/aver 0.813! load imb.: force  5.1%
           Step           Time
         630000     1260.00000

   Energies (kJ/mol)
        LJ (SR)  Disper. corr.   Coulomb (SR)      Potential    Kinetic En.
    6.79201e+03   -3.93618e+02   -6.10882e+04   -5.46898e+04    7.92069e+03
   Total Energy  Conserved En.    Temperature Pres. DC (bar) Pressure (bar)
   -4.67691e+04    1.07897e+06    3.17705e+02   -2.47313e+02    1.25416e+02


DD  step 639999  vol min/aver 0.774  load imb.: force  6.6%
           Step           Time
         640000     1280.00000

   Energies (kJ/mol)
        LJ (SR)  Disper. corr.   Coulomb (SR)      Potential    Kinetic En.
    6.86636e+03   -3.94084e+02   -6.18804e+04   -5.54081e+04    7.27402e+03
   Total Energy  Conserved En.    Temperature Pres. DC (bar) Pressure (bar)
   -4.81341e+04    1.09699e+06    2.91767e+02   -2.47898e+02    3.33976e+03


DD  step 649999  vol min/aver 0.861  load imb.: force  5.7%
           Step           Time
         650000     1300.00000

   Energies (kJ/mol)
        LJ (SR)  Disper. corr.   Coulomb (SR)      Potential    Kinetic En.
    6.78746e+03   -3.95358e+02   -6.20949e+04   -5.57028e+04    7.75347e+03
   Total Energy  Conserved En.    Temperature Pres. DC (bar) Pressure (bar)
   -4.79493e+04    1.11477e+06    3.10998e+02   -2.49502e+02   -1.89587e+02


DD  step 659999  vol min/aver 0.821  load imb.: force  5.2%
           Step           Time
         660000     1320.00000

   Energies (kJ/mol)
        LJ (SR)  Disper. corr.   Coulomb (SR)      Potential    Kinetic En.
    6.98384e+03   -3.97414e+02   -6.26377e+04   -5.60513e+04    7.55120e+03
   Total Energy  Conserved En.    Temperature Pres. DC (bar) Pressure (bar)
   -4.85001e+04    1.13324e+06    3.02885e+02   -2.52100e+02    3.12508e+03


DD  step 669999  vol min/aver 0.796  load imb.: force  5.8%
           Step           Time
         670000     1340.00000

   Energies (kJ/mol)
        LJ (SR)  Disper. corr.   Coulomb (SR)      Potential    Kinetic En.
    6.70207e+03   -3.97073e+02   -6.26455e+04   -5.63405e+04    7.01516e+03
   Total Energy  Conserved En.    Temperature Pres. DC (bar) Pressure (bar)
   -4.93254e+04    1.15078e+06    2.81384e+02   -2.51668e+02    9.58977e+02


DD  step 679999  vol min/aver 0.844  load imb.: force  4.5%
           Step           Time
         680000     1360.00000

   Energies (kJ/mol)
        LJ (SR)  Disper. corr.   Coulomb (SR)      Potential    Kinetic En.
    6.57929e+03   -3.94250e+02   -6.18481e+04   -5.56631e+04    7.48133e+03
   Total Energy  Conserved En.    Temperature Pres. DC (bar) Pressure (bar)
   -4.81817e+04    1.16970e+06    3.00082e+02   -2.48107e+02   -2.50472e+03


DD  step 689999  vol min/aver 0.821  load imb.: force  6.0%
           Step           Time
         690000     1380.00000

   Energies (kJ/mol)
        LJ (SR)  Disper. corr.   Coulomb (SR)      Potential    Kinetic En.
    6.87564e+03   -3.94727e+02   -6.21408e+04   -5.56599e+04    7.51923e+03
   Total Energy  Conserved En.    Temperature Pres. DC (bar) Pressure (bar)
   -4.81407e+04    1.18779e+06    3.01603e+02   -2.48707e+02    6.11515e+02


DD  load balancing is limited by minimum cell size in dimension Y
DD  step 699999  vol min/aver 0.756! load imb.: force  5.7%
           Step           Time
         700000     1400.00000

   Energies (kJ/mol)
        LJ (SR)  Disper. corr.   Coulomb (SR)      Potential    Kinetic En.
    6.78296e+03   -3.93772e+02   -6.16184e+04   -5.52292e+04    7.96879e+03
   Total Energy  Conserved En.    Temperature Pres. DC (bar) Pressure (bar)
   -4.72605e+04    1.20476e+06    3.19635e+02   -2.47505e+02   -6.04556e+02


DD  step 709999  vol min/aver 0.792  load imb.: force  5.4%
           Step           Time
         710000     1420.00000

   Energies (kJ/mol)
        LJ (SR)  Disper. corr.   Coulomb (SR)      Potential    Kinetic En.
    6.11904e+03   -3.93937e+02   -6.12063e+04   -5.54812e+04    7.38533e+03
   Total Energy  Conserved En.    Temperature Pres. DC (bar) Pressure (bar)
   -4.80959e+04    1.22294e+06    2.96232e+02   -2.47713e+02   -2.69026e+03


DD  step 719999  vol min/aver 0.853  load imb.: force  6.0%
           Step           Time
         720000     1440.00000

   Energies (kJ/mol)
        LJ (SR)  Disper. corr.   Coulomb (SR)      Potential    Kinetic En.
    6.30836e+03   -3.94983e+02   -6.24297e+04   -5.65163e+04    7.03308e+03
   Total Energy  Conserved En.    Temperature Pres. DC (bar) Pressure (bar)
   -4.94832e+04    1.24098e+06    2.82103e+02   -2.49029e+02    1.21703e+03


DD  step 729999  vol min/aver 0.823  load imb.: force  7.0%
           Step           Time
         730000     1460.00000

   Energies (kJ/mol)
        LJ (SR)  Disper. corr.   Coulomb (SR)      Potential    Kinetic En.
    6.47071e+03   -3.94529e+02   -6.25798e+04   -5.65036e+04    7.13739e+03
   Total Energy  Conserved En.    Temperature Pres. DC (bar) Pressure (bar)
   -4.93662e+04    1.25850e+06    2.86287e+02   -2.48458e+02   -3.76202e+03


DD  step 739999  vol min/aver 0.810  load imb.: force  4.9%
           Step           Time
         740000     1480.00000

   Energies (kJ/mol)
        LJ (SR)  Disper. corr.   Coulomb (SR)      Potential    Kinetic En.
    6.76416e+03   -3.94409e+02   -6.19669e+04   -5.55972e+04    7.76137e+03
   Total Energy  Conserved En.    Temperature Pres. DC (bar) Pressure (bar)
   -4.78358e+04    1.27524e+06    3.11315e+02   -2.48306e+02    2.79574e+03


DD  step 749999  vol min/aver 0.792  load imb.: force  5.0%
           Step           Time
         750000     1500.00000

   Energies (kJ/mol)
        LJ (SR)  Disper. corr.   Coulomb (SR)      Potential    Kinetic En.
    6.54105e+03   -3.93043e+02   -6.18922e+04   -5.57442e+04    7.52762e+03
   Total Energy  Conserved En.    Temperature Pres. DC (bar) Pressure (bar)
   -4.82166e+04    1.29374e+06    3.01939e+02   -2.46592e+02    1.22731e+03


DD  step 759999  vol min/aver 0.836  load imb.: force  6.5%
           Step           Time
         760000     1520.00000

   Energies (kJ/mol)
        LJ (SR)  Disper. corr.   Coulomb (SR)      Potential    Kinetic En.
    7.04817e+03   -3.96409e+02   -6.20172e+04   -5.53654e+04    7.79154e+03
   Total Energy  Conserved En.    Temperature Pres. DC (bar) Pressure (bar)
   -4.75739e+04    1.31148e+06    3.12525e+02   -2.50829e+02    2.87417e+02


DD  step 769999  vol min/aver 0.746  load imb.: force  5.8%
           Step           Time
         770000     1540.00000

   Energies (kJ/mol)
        LJ (SR)  Disper. corr.   Coulomb (SR)      Potential    Kinetic En.
    7.04049e+03   -3.95101e+02   -6.25835e+04   -5.59381e+04    7.15315e+03
   Total Energy  Conserved En.    Temperature Pres. DC (bar) Pressure (bar)
   -4.87850e+04    1.33014e+06    2.86919e+02   -2.49178e+02   -2.70201e+02


DD  step 779999  vol min/aver 0.844  load imb.: force  5.7%
           Step           Time
         780000     1560.00000

   Energies (kJ/mol)
        LJ (SR)  Disper. corr.   Coulomb (SR)      Potential    Kinetic En.
    6.68144e+03   -3.91155e+02   -6.18807e+04   -5.55904e+04    7.55419e+03
   Total Energy  Conserved En.    Temperature Pres. DC (bar) Pressure (bar)
   -4.80362e+04    1.34688e+06    3.03005e+02   -2.44230e+02   -3.85368e+03


DD  step 789999  vol min/aver 0.816  load imb.: force  5.9%
           Step           Time
         790000     1580.00000

   Energies (kJ/mol)
        LJ (SR)  Disper. corr.   Coulomb (SR)      Potential    Kinetic En.
    6.68435e+03   -3.91089e+02   -6.13258e+04   -5.50325e+04    8.17188e+03
   Total Energy  Conserved En.    Temperature Pres. DC (bar) Pressure (bar)
   -4.68606e+04    1.36590e+06    3.27781e+02   -2.44148e+02   -2.07236e+03


DD  step 799999  vol min/aver 0.786  load imb.: force  8.1%
           Step           Time
         800000     1600.00000

   Energies (kJ/mol)
        LJ (SR)  Disper. corr.   Coulomb (SR)      Potential    Kinetic En.
    6.89481e+03   -3.92796e+02   -6.20579e+04   -5.55559e+04    7.51919e+03
   Total Energy  Conserved En.    Temperature Pres. DC (bar) Pressure (bar)
   -4.80367e+04    1.38525e+06    3.01601e+02   -2.46282e+02    3.82138e+03


DD  step 809999  vol min/aver 0.881  load imb.: force  7.4%
           Step           Time
         810000     1620.00000

   Energies (kJ/mol)
        LJ (SR)  Disper. corr.   Coulomb (SR)      Potential    Kinetic En.
    6.70091e+03   -3.91112e+02   -6.25521e+04   -5.62423e+04    6.92483e+03
   Total Energy  Conserved En.    Temperature Pres. DC (bar) Pressure (bar)
   -4.93175e+04    1.40241e+06    2.77761e+02   -2.44177e+02   -3.73451e+03


DD  step 819999  vol min/aver 0.809  load imb.: force  5.6%
           Step           Time
         820000     1640.00000

   Energies (kJ/mol)
        LJ (SR)  Disper. corr.   Coulomb (SR)      Potential    Kinetic En.
    6.57800e+03   -3.90736e+02   -6.24970e+04   -5.63097e+04    7.17558e+03
   Total Energy  Conserved En.    Temperature Pres. DC (bar) Pressure (bar)
   -4.91341e+04    1.41945e+06    2.87819e+02   -2.43708e+02   -1.09184e+03


DD  step 829999  vol min/aver 0.785  load imb.: force  5.8%
           Step           Time
         830000     1660.00000

   Energies (kJ/mol)
        LJ (SR)  Disper. corr.   Coulomb (SR)      Potential    Kinetic En.
    6.68644e+03   -3.88686e+02   -6.13183e+04   -5.50205e+04    7.78047e+03
   Total Energy  Conserved En.    Temperature Pres. DC (bar) Pressure (bar)
   -4.72400e+04    1.43716e+06    3.12081e+02   -2.41160e+02   -2.29874e+02


DD  step 839999  vol min/aver 0.835  load imb.: force  8.1%
           Step           Time
         840000     1680.00000

   Energies (kJ/mol)
        LJ (SR)  Disper. corr.   Coulomb (SR)      Potential    Kinetic En.
    6.51273e+03   -3.91969e+02   -6.21624e+04   -5.60417e+04    7.45844e+03
   Total Energy  Conserved En.    Temperature Pres. DC (bar) Pressure (bar)
   -4.85832e+04    1.45445e+06    2.99164e+02   -2.45246e+02   -7.99281e+02


DD  step 849999  vol min/aver 0.813  load imb.: force  5.4%
           Step           Time
         850000     1700.00000

   Energies (kJ/mol)
        LJ (SR)  Disper. corr.   Coulomb (SR)      Potential    Kinetic En.
    7.20839e+03   -3.92428e+02   -6.30153e+04   -5.61993e+04    7.16985e+03
   Total Energy  Conserved En.    Temperature Pres. DC (bar) Pressure (bar)
   -4.90294e+04    1.47212e+06    2.87589e+02   -2.45821e+02    1.72429e+03


DD  step 859999  vol min/aver 0.861  load imb.: force  5.3%
           Step           Time
         860000     1720.00000

   Energies (kJ/mol)
        LJ (SR)  Disper. corr.   Coulomb (SR)      Potential    Kinetic En.
    6.34909e+03   -3.90903e+02   -6.16962e+04   -5.57381e+04    7.23544e+03
   Total Energy  Conserved En.    Temperature Pres. DC (bar) Pressure (bar)
   -4.85026e+04    1.48965e+06    2.90220e+02   -2.43916e+02    2.66155e+03


DD  step 869999  vol min/aver 0.846  load imb.: force  7.0%
           Step           Time
         870000     1740.00000

   Energies (kJ/mol)
        LJ (SR)  Disper. corr.   Coulomb (SR)      Potential    Kinetic En.
    6.73179e+03   -3.92075e+02   -6.24842e+04   -5.61445e+04    6.92417e+03
   Total Energy  Conserved En.    Temperature Pres. DC (bar) Pressure (bar)
   -4.92203e+04    1.50842e+06    2.77734e+02   -2.45380e+02   -2.74535e+01


DD  step 879999  vol min/aver 0.851  load imb.: force  5.6%
           Step           Time
         880000     1760.00000

   Energies (kJ/mol)
        LJ (SR)  Disper. corr.   Coulomb (SR)      Potential    Kinetic En.
    6.53860e+03   -3.93685e+02   -6.14408e+04   -5.52959e+04    7.86169e+03
   Total Energy  Conserved En.    Temperature Pres. DC (bar) Pressure (bar)
   -4.74342e+04    1.52508e+06    3.15339e+02   -2.47396e+02   -3.68003e+02


DD  step 889999  vol min/aver 0.739  load imb.: force  7.0%
           Step           Time
         890000     1780.00000

   Energies (kJ/mol)
        LJ (SR)  Disper. corr.   Coulomb (SR)      Potential    Kinetic En.
    6.36276e+03   -3.92434e+02   -6.08948e+04   -5.49244e+04    8.07217e+03
   Total Energy  Conserved En.    Temperature Pres. DC (bar) Pressure (bar)
   -4.68522e+04    1.54399e+06    3.23782e+02   -2.45829e+02   -4.99152e+02


DD  step 899999  vol min/aver 0.826  load imb.: force  3.6%
           Step           Time
         900000     1800.00000

   Energies (kJ/mol)
        LJ (SR)  Disper. corr.   Coulomb (SR)      Potential    Kinetic En.
    6.55036e+03   -3.91993e+02   -6.13386e+04   -5.51802e+04    7.93628e+03
   Total Energy  Conserved En.    Temperature Pres. DC (bar) Pressure (bar)
   -4.72439e+04    1.56129e+06    3.18331e+02   -2.45277e+02   -7.93691e+02


DD  step 909999  vol min/aver 0.886  load imb.: force  7.5%
           Step           Time
         910000     1820.00000

   Energies (kJ/mol)
        LJ (SR)  Disper. corr.   Coulomb (SR)      Potential    Kinetic En.
    6.96748e+03   -3.96745e+02   -6.23371e+04   -5.57664e+04    7.48787e+03
   Total Energy  Conserved En.    Temperature Pres. DC (bar) Pressure (bar)
   -4.82785e+04    1.57829e+06    3.00345e+02   -2.51253e+02   -2.10624e+03


DD  step 919999  vol min/aver 0.798  load imb.: force  5.0%
           Step           Time
         920000     1840.00000

   Energies (kJ/mol)
        LJ (SR)  Disper. corr.   Coulomb (SR)      Potential    Kinetic En.
    6.62710e+03   -3.94871e+02   -6.20265e+04   -5.57942e+04    7.24064e+03
   Total Energy  Conserved En.    Temperature Pres. DC (bar) Pressure (bar)
   -4.85536e+04    1.59556e+06    2.90428e+02   -2.48887e+02   -1.90229e+03


DD  step 929999  vol min/aver 0.820  load imb.: force  9.0%
           Step           Time
         930000     1860.00000

   Energies (kJ/mol)
        LJ (SR)  Disper. corr.   Coulomb (SR)      Potential    Kinetic En.
    6.65995e+03   -3.97116e+02   -6.26471e+04   -5.63843e+04    7.02044e+03
   Total Energy  Conserved En.    Temperature Pres. DC (bar) Pressure (bar)
   -4.93638e+04    1.61392e+06    2.81596e+02   -2.51722e+02   -5.22371e+02


DD  step 939999  vol min/aver 0.824  load imb.: force  5.4%
           Step           Time
         940000     1880.00000

   Energies (kJ/mol)
        LJ (SR)  Disper. corr.   Coulomb (SR)      Potential    Kinetic En.
    6.76823e+03   -3.95089e+02   -6.12879e+04   -5.49147e+04    7.87831e+03
   Total Energy  Conserved En.    Temperature Pres. DC (bar) Pressure (bar)
   -4.70364e+04    1.63300e+06    3.16006e+02   -2.49162e+02   -1.10348e+03


DD  step 949999  vol min/aver 0.795  load imb.: force  3.3%
           Step           Time
         950000     1900.00000

   Energies (kJ/mol)
        LJ (SR)  Disper. corr.   Coulomb (SR)      Potential    Kinetic En.
    6.60063e+03   -3.94786e+02   -6.17938e+04   -5.55880e+04    7.45146e+03
   Total Energy  Conserved En.    Temperature Pres. DC (bar) Pressure (bar)
   -4.81365e+04    1.65067e+06    2.98884e+02   -2.48781e+02   -3.13452e+03


DD  step 959999  vol min/aver 0.843  load imb.: force  5.0%
           Step           Time
         960000     1920.00000

   Energies (kJ/mol)
        LJ (SR)  Disper. corr.   Coulomb (SR)      Potential    Kinetic En.
    6.73722e+03   -3.95484e+02   -6.25018e+04   -5.61600e+04    7.29922e+03
   Total Energy  Conserved En.    Temperature Pres. DC (bar) Pressure (bar)
   -4.88608e+04    1.66867e+06    2.92778e+02   -2.49660e+02    1.62562e+02


DD  step 969999  vol min/aver 0.814  load imb.: force  5.1%
           Step           Time
         970000     1940.00000

   Energies (kJ/mol)
        LJ (SR)  Disper. corr.   Coulomb (SR)      Potential    Kinetic En.
    6.72295e+03   -3.96162e+02   -6.27473e+04   -5.64205e+04    7.41842e+03
   Total Energy  Conserved En.    Temperature Pres. DC (bar) Pressure (bar)
   -4.90021e+04    1.68757e+06    2.97559e+02   -2.50516e+02    3.50887e+03


DD  step 979999  vol min/aver 0.829  load imb.: force  5.5%
           Step           Time
         980000     1960.00000

   Energies (kJ/mol)
        LJ (SR)  Disper. corr.   Coulomb (SR)      Potential    Kinetic En.
    6.61562e+03   -3.94346e+02   -6.15650e+04   -5.53437e+04    8.02130e+03
   Total Energy  Conserved En.    Temperature Pres. DC (bar) Pressure (bar)
   -4.73224e+04    1.70603e+06    3.21741e+02   -2.48227e+02   -1.99256e+03


DD  step 989999  vol min/aver 0.831  load imb.: force  5.6%
           Step           Time
         990000     1980.00000

   Energies (kJ/mol)
        LJ (SR)  Disper. corr.   Coulomb (SR)      Potential    Kinetic En.
    6.59550e+03   -3.95292e+02   -6.21296e+04   -5.59293e+04    7.41348e+03
   Total Energy  Conserved En.    Temperature Pres. DC (bar) Pressure (bar)
   -4.85159e+04    1.72323e+06    2.97361e+02   -2.49419e+02    2.76998e+03


DD  step 999999  vol min/aver 0.842  load imb.: force  7.1%
           Step           Time
        1000000     2000.00000

   Energies (kJ/mol)
        LJ (SR)  Disper. corr.   Coulomb (SR)      Potential    Kinetic En.
    6.70631e+03   -3.96476e+02   -6.26747e+04   -5.63648e+04    7.26525e+03
   Total Energy  Conserved En.    Temperature Pres. DC (bar) Pressure (bar)
   -4.90996e+04    1.74066e+06    2.91415e+02   -2.50914e+02    2.64235e+03


DD  step 1009999  vol min/aver 0.836  load imb.: force  6.9%
           Step           Time
        1010000     2020.00000

   Energies (kJ/mol)
        LJ (SR)  Disper. corr.   Coulomb (SR)      Potential    Kinetic En.
    6.51333e+03   -3.92575e+02   -6.17800e+04   -5.56592e+04    7.58756e+03
   Total Energy  Conserved En.    Temperature Pres. DC (bar) Pressure (bar)
   -4.80717e+04    1.75817e+06    3.04343e+02   -2.46005e+02   -3.36271e+03


DD  step 1019999  vol min/aver 0.815  load imb.: force  8.2%
           Step           Time
        1020000     2040.00000

   Energies (kJ/mol)
        LJ (SR)  Disper. corr.   Coulomb (SR)      Potential    Kinetic En.
    6.90808e+03   -3.95889e+02   -6.23775e+04   -5.58653e+04    7.34865e+03
   Total Energy  Conserved En.    Temperature Pres. DC (bar) Pressure (bar)
   -4.85166e+04    1.77571e+06    2.94761e+02   -2.50172e+02    3.38926e+03


DD  step 1029999  vol min/aver 0.852  load imb.: force  5.2%
           Step           Time
        1030000     2060.00000

   Energies (kJ/mol)
        LJ (SR)  Disper. corr.   Coulomb (SR)      Potential    Kinetic En.
    6.52577e+03   -3.94190e+02   -6.20045e+04   -5.58729e+04    7.05866e+03
   Total Energy  Conserved En.    Temperature Pres. DC (bar) Pressure (bar)
   -4.88143e+04    1.79336e+06    2.83129e+02   -2.48031e+02    1.38282e+03


DD  step 1039999  vol min/aver 0.827  load imb.: force  7.0%
           Step           Time
        1040000     2080.00000

   Energies (kJ/mol)
        LJ (SR)  Disper. corr.   Coulomb (SR)      Potential    Kinetic En.
    6.76318e+03   -3.93693e+02   -6.23604e+04   -5.59909e+04    7.21206e+03
   Total Energy  Conserved En.    Temperature Pres. DC (bar) Pressure (bar)
   -4.87788e+04    1.81035e+06    2.89282e+02   -2.47407e+02    3.03787e+03


DD  step 1049999  vol min/aver 0.800  load imb.: force  3.9%
           Step           Time
        1050000     2100.00000

   Energies (kJ/mol)
        LJ (SR)  Disper. corr.   Coulomb (SR)      Potential    Kinetic En.
    6.45707e+03   -3.92034e+02   -6.15191e+04   -5.54540e+04    7.48228e+03
   Total Energy  Conserved En.    Temperature Pres. DC (bar) Pressure (bar)
   -4.79717e+04    1.82741e+06    3.00121e+02   -2.45328e+02   -8.14876e+02


DD  step 1059999  vol min/aver 0.873  load imb.: force  4.6%
           Step           Time
        1060000     2120.00000

   Energies (kJ/mol)
        LJ (SR)  Disper. corr.   Coulomb (SR)      Potential    Kinetic En.
    6.41395e+03   -3.93658e+02   -6.13478e+04   -5.53275e+04    7.96066e+03
   Total Energy  Conserved En.    Temperature Pres. DC (bar) Pressure (bar)
   -4.73669e+04    1.84492e+06    3.19309e+02   -2.47362e+02   -1.70075e+03


DD  step 1069999  vol min/aver 0.895  load imb.: force  6.9%
           Step           Time
        1070000     2140.00000

   Energies (kJ/mol)
        LJ (SR)  Disper. corr.   Coulomb (SR)      Potential    Kinetic En.
    6.54857e+03   -3.93987e+02   -6.10423e+04   -5.48878e+04    7.47226e+03
   Total Energy  Conserved En.    Temperature Pres. DC (bar) Pressure (bar)
   -4.74155e+04    1.86586e+06    2.99719e+02   -2.47775e+02   -2.50699e+03


DD  step 1079999  vol min/aver 0.868  load imb.: force  4.7%
           Step           Time
        1080000     2160.00000

   Energies (kJ/mol)
        LJ (SR)  Disper. corr.   Coulomb (SR)      Potential    Kinetic En.
    6.73764e+03   -3.94658e+02   -6.19793e+04   -5.56363e+04    7.31489e+03
   Total Energy  Conserved En.    Temperature Pres. DC (bar) Pressure (bar)
   -4.83214e+04    1.88383e+06    2.93406e+02   -2.48620e+02    4.94030e+02


DD  step 1089999  vol min/aver 0.864  load imb.: force  3.5%
           Step           Time
        1090000     2180.00000

   Energies (kJ/mol)
        LJ (SR)  Disper. corr.   Coulomb (SR)      Potential    Kinetic En.
    6.58966e+03   -3.95664e+02   -6.16905e+04   -5.54965e+04    7.42552e+03
   Total Energy  Conserved En.    Temperature Pres. DC (bar) Pressure (bar)
   -4.80710e+04    1.90103e+06    2.97844e+02   -2.49888e+02   -1.24026e+03


DD  step 1099999  vol min/aver 0.842  load imb.: force  3.5%
           Step           Time
        1100000     2200.00000

   Energies (kJ/mol)
        LJ (SR)  Disper. corr.   Coulomb (SR)      Potential    Kinetic En.
    6.77201e+03   -3.95281e+02   -6.20313e+04   -5.56545e+04    7.45213e+03
   Total Energy  Conserved En.    Temperature Pres. DC (bar) Pressure (bar)
   -4.82024e+04    1.91781e+06    2.98911e+02   -2.49405e+02    2.60121e+03


DD  step 1109999  vol min/aver 0.819  load imb.: force  8.0%
           Step           Time
        1110000     2220.00000

   Energies (kJ/mol)
        LJ (SR)  Disper. corr.   Coulomb (SR)      Potential    Kinetic En.
    6.87432e+03   -3.94643e+02   -6.23736e+04   -5.58940e+04    7.60433e+03
   Total Energy  Conserved En.    Temperature Pres. DC (bar) Pressure (bar)
   -4.82896e+04    1.93546e+06    3.05016e+02   -2.48601e+02    1.54298e+03


DD  step 1119999  vol min/aver 0.826  load imb.: force  4.9%
           Step           Time
        1120000     2240.00000

   Energies (kJ/mol)
        LJ (SR)  Disper. corr.   Coulomb (SR)      Potential    Kinetic En.
    6.56924e+03   -3.93990e+02   -6.23359e+04   -5.61606e+04    7.27377e+03
   Total Energy  Conserved En.    Temperature Pres. DC (bar) Pressure (bar)
   -4.88868e+04    1.95362e+06    2.91757e+02   -2.47780e+02   -3.42051e+03


DD  step 1129999  vol min/aver 0.783  load imb.: force  5.6%
           Step           Time
        1130000     2260.00000

   Energies (kJ/mol)
        LJ (SR)  Disper. corr.   Coulomb (SR)      Potential    Kinetic En.
    6.84631e+03   -3.95943e+02   -6.23370e+04   -5.58867e+04    7.48981e+03
   Total Energy  Conserved En.    Temperature Pres. DC (bar) Pressure (bar)
   -4.83969e+04    1.97213e+06    3.00423e+02   -2.50240e+02    6.87351e+02


DD  step 1139999  vol min/aver 0.840  load imb.: force  4.8%
           Step           Time
        1140000     2280.00000

   Energies (kJ/mol)
        LJ (SR)  Disper. corr.   Coulomb (SR)      Potential    Kinetic En.
    6.98704e+03   -3.96568e+02   -6.25786e+04   -5.59881e+04    7.05247e+03
   Total Energy  Conserved En.    Temperature Pres. DC (bar) Pressure (bar)
   -4.89356e+04    1.98944e+06    2.82880e+02   -2.51029e+02    2.43466e+03


DD  step 1149999  vol min/aver 0.827  load imb.: force  7.0%
           Step           Time
        1150000     2300.00000

   Energies (kJ/mol)
        LJ (SR)  Disper. corr.   Coulomb (SR)      Potential    Kinetic En.
    6.67255e+03   -3.96084e+02   -6.20258e+04   -5.57493e+04    7.43392e+03
   Total Energy  Conserved En.    Temperature Pres. DC (bar) Pressure (bar)
   -4.83154e+04    2.00741e+06    2.98181e+02   -2.50418e+02   -4.42344e+03


DD  step 1159999  vol min/aver 0.771  load imb.: force  6.1%
           Step           Time
        1160000     2320.00000

   Energies (kJ/mol)
        LJ (SR)  Disper. corr.   Coulomb (SR)      Potential    Kinetic En.
    7.03176e+03   -3.97102e+02   -6.36005e+04   -5.69659e+04    6.75810e+03
   Total Energy  Conserved En.    Temperature Pres. DC (bar) Pressure (bar)
   -5.02078e+04    2.02629e+06    2.71073e+02   -2.51705e+02    1.66045e+03


DD  step 1169999  vol min/aver 0.861  load imb.: force  5.0%
           Step           Time
        1170000     2340.00000

   Energies (kJ/mol)
        LJ (SR)  Disper. corr.   Coulomb (SR)      Potential    Kinetic En.
    6.81835e+03   -3.97697e+02   -6.14169e+04   -5.49962e+04    7.89342e+03
   Total Energy  Conserved En.    Temperature Pres. DC (bar) Pressure (bar)
   -4.71028e+04    2.04528e+06    3.16612e+02   -2.52460e+02    4.80706e+03


DD  step 1179999  vol min/aver 0.851  load imb.: force  6.4%
           Step           Time
        1180000     2360.00000

   Energies (kJ/mol)
        LJ (SR)  Disper. corr.   Coulomb (SR)      Potential    Kinetic En.
    7.09301e+03   -3.96909e+02   -6.12334e+04   -5.45373e+04    8.51974e+03
   Total Energy  Conserved En.    Temperature Pres. DC (bar) Pressure (bar)
   -4.60176e+04    2.06346e+06    3.41734e+02   -2.51461e+02    1.50992e+03


DD  step 1189999  vol min/aver 0.789  load imb.: force  5.8%
           Step           Time
        1190000     2380.00000

   Energies (kJ/mol)
        LJ (SR)  Disper. corr.   Coulomb (SR)      Potential    Kinetic En.
    6.78311e+03   -3.99071e+02   -6.13574e+04   -5.49734e+04    8.19946e+03
   Total Energy  Conserved En.    Temperature Pres. DC (bar) Pressure (bar)
   -4.67739e+04    2.08483e+06    3.28887e+02   -2.54205e+02    3.59159e+03


DD  step 1199999  vol min/aver 0.799  load imb.: force  8.4%
           Step           Time
        1200000     2400.00000

   Energies (kJ/mol)
        LJ (SR)  Disper. corr.   Coulomb (SR)      Potential    Kinetic En.
    6.71299e+03   -3.97079e+02   -6.18611e+04   -5.55452e+04    7.84827e+03
   Total Energy  Conserved En.    Temperature Pres. DC (bar) Pressure (bar)
   -4.76970e+04    2.10404e+06    3.14801e+02   -2.51677e+02    4.18331e+03


DD  step 1209999  vol min/aver 0.834  load imb.: force  7.2%
           Step           Time
        1210000     2420.00000

   Energies (kJ/mol)
        LJ (SR)  Disper. corr.   Coulomb (SR)      Potential    Kinetic En.
    6.56208e+03   -3.95033e+02   -6.23286e+04   -5.61616e+04    7.13352e+03
   Total Energy  Conserved En.    Temperature Pres. DC (bar) Pressure (bar)
   -4.90280e+04    2.12462e+06    2.86131e+02   -2.49093e+02   -2.68075e+03


DD  step 1219999  vol min/aver 0.795  load imb.: force 10.3%
           Step           Time
        1220000     2440.00000

   Energies (kJ/mol)
        LJ (SR)  Disper. corr.   Coulomb (SR)      Potential    Kinetic En.
    6.75004e+03   -3.95577e+02   -6.18727e+04   -5.55182e+04    7.64900e+03
   Total Energy  Conserved En.    Temperature Pres. DC (bar) Pressure (bar)
   -4.78692e+04    2.14222e+06    3.06808e+02   -2.49778e+02   -2.36722e+03


DD  step 1229999  vol min/aver 0.807  load imb.: force  5.7%
           Step           Time
        1230000     2460.00000

   Energies (kJ/mol)
        LJ (SR)  Disper. corr.   Coulomb (SR)      Potential    Kinetic En.
    6.82390e+03   -3.96593e+02   -6.25175e+04   -5.60902e+04    7.38023e+03
   Total Energy  Conserved En.    Temperature Pres. DC (bar) Pressure (bar)
   -4.87099e+04    2.15894e+06    2.96027e+02   -2.51061e+02    4.37204e+03


DD  step 1239999  vol min/aver 0.766  load imb.: force  7.9%
           Step           Time
        1240000     2480.00000

   Energies (kJ/mol)
        LJ (SR)  Disper. corr.   Coulomb (SR)      Potential    Kinetic En.
    6.46997e+03   -3.94611e+02   -6.16215e+04   -5.55461e+04    7.92485e+03
   Total Energy  Conserved En.    Temperature Pres. DC (bar) Pressure (bar)
   -4.76213e+04    2.17659e+06    3.17872e+02   -2.48561e+02    1.42399e+03


DD  step 1249999  vol min/aver 0.808  load imb.: force  7.3%
           Step           Time
        1250000     2500.00000

   Energies (kJ/mol)
        LJ (SR)  Disper. corr.   Coulomb (SR)      Potential    Kinetic En.
    6.47273e+03   -3.93601e+02   -6.18253e+04   -5.57462e+04    7.29182e+03
   Total Energy  Conserved En.    Temperature Pres. DC (bar) Pressure (bar)
   -4.84544e+04    2.19359e+06    2.92481e+02   -2.47291e+02   -5.54507e+03


DD  step 1259999  vol min/aver 0.837  load imb.: force  6.2%
           Step           Time
        1260000     2520.00000

   Energies (kJ/mol)
        LJ (SR)  Disper. corr.   Coulomb (SR)      Potential    Kinetic En.
    6.63580e+03   -3.94059e+02   -6.19411e+04   -5.56993e+04    7.45858e+03
   Total Energy  Conserved En.    Temperature Pres. DC (bar) Pressure (bar)
   -4.82408e+04    2.21089e+06    2.99170e+02   -2.47866e+02   -2.94871e+03


DD  step 1269999  vol min/aver 0.846  load imb.: force  5.2%
           Step           Time
        1270000     2540.00000

   Energies (kJ/mol)
        LJ (SR)  Disper. corr.   Coulomb (SR)      Potential    Kinetic En.
    6.54132e+03   -3.94561e+02   -6.18808e+04   -5.57341e+04    7.31119e+03
   Total Energy  Conserved En.    Temperature Pres. DC (bar) Pressure (bar)
   -4.84229e+04    2.22820e+06    2.93258e+02   -2.48497e+02    1.20643e+03


DD  step 1279999  vol min/aver 0.804  load imb.: force  6.5%
           Step           Time
        1280000     2560.00000

   Energies (kJ/mol)
        LJ (SR)  Disper. corr.   Coulomb (SR)      Potential    Kinetic En.
    6.61381e+03   -3.93770e+02   -6.13984e+04   -5.51783e+04    7.80724e+03
   Total Energy  Conserved En.    Temperature Pres. DC (bar) Pressure (bar)
   -4.73711e+04    2.24553e+06    3.13155e+02   -2.47503e+02    4.36283e+02


DD  step 1289999  vol min/aver 0.809  load imb.: force  7.6%
           Step           Time
        1290000     2580.00000

   Energies (kJ/mol)
        LJ (SR)  Disper. corr.   Coulomb (SR)      Potential    Kinetic En.
    6.45426e+03   -3.93373e+02   -6.22586e+04   -5.61977e+04    7.07923e+03
   Total Energy  Conserved En.    Temperature Pres. DC (bar) Pressure (bar)
   -4.91185e+04    2.26340e+06    2.83954e+02   -2.47005e+02   -6.54645e+03


DD  step 1299999  vol min/aver 0.791  load imb.: force  4.6%
           Step           Time
        1300000     2600.00000

   Energies (kJ/mol)
        LJ (SR)  Disper. corr.   Coulomb (SR)      Potential    Kinetic En.
    6.76029e+03   -3.96061e+02   -6.22054e+04   -5.58412e+04    7.84912e+03
   Total Energy  Conserved En.    Temperature Pres. DC (bar) Pressure (bar)
   -4.79920e+04    2.28133e+06    3.14835e+02   -2.50389e+02   -1.05316e+03


DD  step 1309999  vol min/aver 0.788  load imb.: force  6.6%
           Step           Time
        1310000     2620.00000

   Energies (kJ/mol)
        LJ (SR)  Disper. corr.   Coulomb (SR)      Potential    Kinetic En.
    6.50474e+03   -3.93902e+02   -6.25755e+04   -5.64647e+04    6.78106e+03
   Total Energy  Conserved En.    Temperature Pres. DC (bar) Pressure (bar)
   -4.96836e+04    2.30329e+06    2.71994e+02   -2.47669e+02   -2.77304e+03


DD  step 1319999  vol min/aver 0.771  load imb.: force  5.2%
           Step           Time
        1320000     2640.00000

   Energies (kJ/mol)
        LJ (SR)  Disper. corr.   Coulomb (SR)      Potential    Kinetic En.
    7.07514e+03   -3.95811e+02   -6.20897e+04   -5.54104e+04    7.66495e+03
   Total Energy  Conserved En.    Temperature Pres. DC (bar) Pressure (bar)
   -4.77454e+04    2.32492e+06    3.07447e+02   -2.50072e+02    8.04585e+02


DD  load balancing is limited by minimum cell size in dimension Y
DD  step 1329999  vol min/aver 0.775! load imb.: force  9.4%
           Step           Time
        1330000     2660.00000

   Energies (kJ/mol)
        LJ (SR)  Disper. corr.   Coulomb (SR)      Potential    Kinetic En.
    6.96001e+03   -3.96059e+02   -6.22485e+04   -5.56846e+04    7.80357e+03
   Total Energy  Conserved En.    Temperature Pres. DC (bar) Pressure (bar)
   -4.78810e+04    2.34478e+06    3.13008e+02   -2.50387e+02    2.67734e+03


DD  step 1339999  vol min/aver 0.694  load imb.: force  4.6%
           Step           Time
        1340000     2680.00000

   Energies (kJ/mol)
        LJ (SR)  Disper. corr.   Coulomb (SR)      Potential    Kinetic En.
    7.34900e+03   -3.95397e+02   -6.30579e+04   -5.61043e+04    7.61409e+03
   Total Energy  Conserved En.    Temperature Pres. DC (bar) Pressure (bar)
   -4.84902e+04    2.36250e+06    3.05408e+02   -2.49551e+02    3.52432e+02


DD  step 1349999  vol min/aver 0.835  load imb.: force  6.4%
           Step           Time
        1350000     2700.00000

   Energies (kJ/mol)
        LJ (SR)  Disper. corr.   Coulomb (SR)      Potential    Kinetic En.
    7.04854e+03   -3.94200e+02   -6.10543e+04   -5.43999e+04    8.33673e+03
   Total Energy  Conserved En.    Temperature Pres. DC (bar) Pressure (bar)
   -4.60632e+04    2.38354e+06    3.34393e+02   -2.48043e+02    9.32782e+02


DD  step 1359999  vol min/aver 0.864  load imb.: force  7.5%
           Step           Time
        1360000     2720.00000

   Energies (kJ/mol)
        LJ (SR)  Disper. corr.   Coulomb (SR)      Potential    Kinetic En.
    7.12577e+03   -3.96272e+02   -6.28142e+04   -5.60847e+04    7.39675e+03
   Total Energy  Conserved En.    Temperature Pres. DC (bar) Pressure (bar)
   -4.86879e+04    2.40245e+06    2.96690e+02   -2.50656e+02    3.58350e+03


DD  step 1369999  vol min/aver 0.895  load imb.: force  4.2%
           Step           Time
        1370000     2740.00000

   Energies (kJ/mol)
        LJ (SR)  Disper. corr.   Coulomb (SR)      Potential    Kinetic En.
    6.71678e+03   -3.95242e+02   -6.18837e+04   -5.55622e+04    7.73657e+03
   Total Energy  Conserved En.    Temperature Pres. DC (bar) Pressure (bar)
   -4.78256e+04    2.41906e+06    3.10320e+02   -2.49356e+02    1.25655e+03


DD  step 1379999  vol min/aver 0.811  load imb.: force  7.0%
           Step           Time
        1380000     2760.00000

   Energies (kJ/mol)
        LJ (SR)  Disper. corr.   Coulomb (SR)      Potential    Kinetic En.
    6.92637e+03   -3.95464e+02   -6.22095e+04   -5.56785e+04    7.80164e+03
   Total Energy  Conserved En.    Temperature Pres. DC (bar) Pressure (bar)
   -4.78769e+04    2.43757e+06    3.12930e+02   -2.49636e+02    3.05267e+03


DD  step 1389999  vol min/aver 0.774  load imb.: force  5.3%
           Step           Time
        1390000     2780.00000

   Energies (kJ/mol)
        LJ (SR)  Disper. corr.   Coulomb (SR)      Potential    Kinetic En.
    6.97215e+03   -3.98526e+02   -6.36489e+04   -5.70752e+04    6.97913e+03
   Total Energy  Conserved En.    Temperature Pres. DC (bar) Pressure (bar)
   -5.00961e+04    2.45688e+06    2.79939e+02   -2.53511e+02    3.60882e+03


DD  step 1399999  vol min/aver 0.870  load imb.: force  6.5%
           Step           Time
        1400000     2800.00000

   Energies (kJ/mol)
        LJ (SR)  Disper. corr.   Coulomb (SR)      Potential    Kinetic En.
    7.02158e+03   -3.96841e+02   -6.20311e+04   -5.54064e+04    7.81973e+03
   Total Energy  Conserved En.    Temperature Pres. DC (bar) Pressure (bar)
   -4.75866e+04    2.47462e+06    3.13656e+02   -2.51375e+02    1.20637e+03


DD  step 1409999  vol min/aver 0.857  load imb.: force  6.8%
           Step           Time
        1410000     2820.00000

   Energies (kJ/mol)
        LJ (SR)  Disper. corr.   Coulomb (SR)      Potential    Kinetic En.
    6.74749e+03   -3.95271e+02   -6.05725e+04   -5.42203e+04    8.81670e+03
   Total Energy  Conserved En.    Temperature Pres. DC (bar) Pressure (bar)
   -4.54036e+04    2.49442e+06    3.53645e+02   -2.49392e+02    4.71590e+03


DD  step 1419999  vol min/aver 0.746  load imb.: force  5.1%
           Step           Time
        1420000     2840.00000

   Energies (kJ/mol)
        LJ (SR)  Disper. corr.   Coulomb (SR)      Potential    Kinetic En.
    6.93268e+03   -3.95064e+02   -6.23486e+04   -5.58110e+04    7.76345e+03
   Total Energy  Conserved En.    Temperature Pres. DC (bar) Pressure (bar)
   -4.80476e+04    2.51422e+06    3.11398e+02   -2.49131e+02   -2.37110e+03


DD  step 1429999  vol min/aver 0.866  load imb.: force  7.1%
           Step           Time
        1430000     2860.00000

   Energies (kJ/mol)
        LJ (SR)  Disper. corr.   Coulomb (SR)      Potential    Kinetic En.
    6.55552e+03   -3.96792e+02   -6.13613e+04   -5.52026e+04    7.63864e+03
   Total Energy  Conserved En.    Temperature Pres. DC (bar) Pressure (bar)
   -4.75639e+04    2.53395e+06    3.06392e+02   -2.51313e+02    1.25162e+03


DD  step 1439999  vol min/aver 0.806  load imb.: force  6.5%
           Step           Time
        1440000     2880.00000

   Energies (kJ/mol)
        LJ (SR)  Disper. corr.   Coulomb (SR)      Potential    Kinetic En.
    6.77868e+03   -3.98814e+02   -6.26124e+04   -5.62325e+04    7.05000e+03
   Total Energy  Conserved En.    Temperature Pres. DC (bar) Pressure (bar)
   -4.91825e+04    2.55323e+06    2.82781e+02   -2.53878e+02   -1.37776e+02


DD  step 1449999  vol min/aver 0.831  load imb.: force  5.2%
           Step           Time
        1450000     2900.00000

   Energies (kJ/mol)
        LJ (SR)  Disper. corr.   Coulomb (SR)      Potential    Kinetic En.
    6.72052e+03   -3.97995e+02   -6.24737e+04   -5.61512e+04    7.38270e+03
   Total Energy  Conserved En.    Temperature Pres. DC (bar) Pressure (bar)
   -4.87685e+04    2.57096e+06    2.96126e+02   -2.52838e+02   -2.38571e+03


DD  step 1459999  vol min/aver 0.840  load imb.: force  5.6%
           Step           Time
        1460000     2920.00000

   Energies (kJ/mol)
        LJ (SR)  Disper. corr.   Coulomb (SR)      Potential    Kinetic En.
    6.69262e+03   -3.98607e+02   -6.33662e+04   -5.70722e+04    7.05303e+03
   Total Energy  Conserved En.    Temperature Pres. DC (bar) Pressure (bar)
   -5.00191e+04    2.58841e+06    2.82903e+02   -2.53615e+02   -8.73468e+02


DD  step 1469999  vol min/aver 0.821  load imb.: force  8.6%
           Step           Time
        1470000     2940.00000

   Energies (kJ/mol)
        LJ (SR)  Disper. corr.   Coulomb (SR)      Potential    Kinetic En.
    6.75624e+03   -4.00453e+02   -6.19113e+04   -5.55555e+04    7.89708e+03
   Total Energy  Conserved En.    Temperature Pres. DC (bar) Pressure (bar)
   -4.76584e+04    2.61016e+06    3.16759e+02   -2.55967e+02    2.45450e+03


DD  step 1479999  vol min/aver 0.746  load imb.: force  6.5%
           Step           Time
        1480000     2960.00000

   Energies (kJ/mol)
        LJ (SR)  Disper. corr.   Coulomb (SR)      Potential    Kinetic En.
    6.57390e+03   -4.00281e+02   -6.21395e+04   -5.59659e+04    7.54465e+03
   Total Energy  Conserved En.    Temperature Pres. DC (bar) Pressure (bar)
   -4.84212e+04    2.63196e+06    3.02622e+02   -2.55747e+02    1.46669e+03


DD  step 1489999  vol min/aver 0.827  load imb.: force  9.4%
           Step           Time
        1490000     2980.00000

   Energies (kJ/mol)
        LJ (SR)  Disper. corr.   Coulomb (SR)      Potential    Kinetic En.
    6.83225e+03   -3.99378e+02   -6.25099e+04   -5.60770e+04    7.23340e+03
   Total Energy  Conserved En.    Temperature Pres. DC (bar) Pressure (bar)
   -4.88436e+04    2.64975e+06    2.90138e+02   -2.54596e+02    1.42496e+02


DD  step 1499999  vol min/aver 0.811  load imb.: force  7.1%
           Step           Time
        1500000     3000.00000

Writing checkpoint, step 1500000 at Thu Jan 25 12:17:12 2024


   Energies (kJ/mol)
        LJ (SR)  Disper. corr.   Coulomb (SR)      Potential    Kinetic En.
    6.74300e+03   -3.99627e+02   -6.14534e+04   -5.51100e+04    8.40935e+03
   Total Energy  Conserved En.    Temperature Pres. DC (bar) Pressure (bar)
   -4.67006e+04    2.66804e+06    3.37306e+02   -2.54913e+02   -2.24423e+03


Energy conservation over simulation part #1 of length 3000 ns, time 0 to 3000 ns
  Conserved energy drift: 3.01e-01 kJ/mol/ps per atom


	<======  ###############  ==>
	<====  A V E R A G E S  ====>
	<==  ###############  ======>

	Statistics over 1500001 steps using 15001 frames

   Energies (kJ/mol)
        LJ (SR)  Disper. corr.   Coulomb (SR)      Potential    Kinetic En.
    6.65694e+03   -3.92261e+02   -6.19164e+04   -5.56518e+04    7.48369e+03
   Total Energy  Conserved En.    Temperature Pres. DC (bar) Pressure (bar)
   -4.81681e+04    1.29676e+06    3.00177e+02   -2.45663e+02   -4.08378e+00

          Box-X          Box-Y          Box-Z
    2.98331e+00    2.98331e+00    2.98331e+00

   Total Virial (kJ/mol)
    2.58722e+03   -7.12371e+00   -5.34986e+00
   -7.18846e+00    2.51695e+03   -8.05395e+01
   -5.36347e+00   -8.04374e+01    2.39806e+03

   Pressure (bar)
   -1.04739e+02    7.30659e+00    7.00781e+00
    7.38831e+00   -2.92362e+01    1.00105e+02
    7.02506e+00    9.99763e+01    1.21724e+02


	M E G A - F L O P S   A C C O U N T I N G

 NB=Group-cutoff nonbonded kernels    NxN=N-by-N cluster Verlet kernels
 RF=Reaction-Field  VdW=Van der Waals  QSTab=quadratic-spline table
 W3=SPC/TIP3p  W4=TIP4p (single or pairs)
 V&F=Potential and force  V=Potential only  F=Force only

 Computing:                               M-Number         M-Flops  % Flops
-----------------------------------------------------------------------------
 Pair Search distance check          105653.150098      950878.351     0.8
 NxN RF Elec. + LJ [F]              1700724.673064    64627537.576    53.8
 NxN RF Elec. + LJ [V&F]              17179.853032      927712.064     0.8
 NxN RF Electrostatics [F]          1686960.473240    52295774.670    43.6
 NxN RF Electrostatics [V&F]          17041.198968      613483.163     0.5
 Reset In Box                           225.003000         675.009     0.0
 CG-CoM                                 225.006000         675.018     0.0
 Virial                                 666.004440       11988.080     0.0
 Stop-CM                                 45.006000         450.060     0.0
 Calc-Ekin                              900.006000       24300.162     0.0
 Constraint-V                          4500.006000       40500.054     0.0
 Constraint-Vir                         450.003000       10800.072     0.0
 Settle                                1500.003000      555001.110     0.5
-----------------------------------------------------------------------------
 Total                                               120059775.389   100.0
-----------------------------------------------------------------------------


    D O M A I N   D E C O M P O S I T I O N   S T A T I S T I C S

 av. #atoms communicated per step for force:  2 x 30521.2


Dynamic load balancing report:
 DLB was turned on during the run due to measured imbalance.
 Average load imbalance: 6.1%.
 The balanceable part of the MD step is 72%, load imbalance is computed from this.
 Part of the total run time spent waiting due to load imbalance: 4.3%.
 Steps where the load balancing was limited by -rdd, -rcon and/or -dds: X 0 % Y 0 %


     R E A L   C Y C L E   A N D   T I M E   A C C O U N T I N G

On 32 MPI ranks

 Computing:          Num   Num      Call    Wall time         Giga-Cycles
                     Ranks Threads  Count      (s)         total sum    %
-----------------------------------------------------------------------------
 Domain decomp.        32    1      75001      14.761       1322.505   4.3
 DD comm. load         32    1      75000       0.139         12.473   0.0
 DD comm. bounds       32    1      74999       0.574         51.404   0.2
 Neighbor search       32    1      75001      27.556       2468.858   8.1
 Comm. coord.          32    1    1425000      22.654       2029.680   6.7
 Force                 32    1    1500001     213.341      19114.299  62.8
 Wait + Comm. F        32    1    1500001      37.348       3346.210  11.0
 NB X/F buffer ops.    32    1    4350001      11.871       1063.590   3.5
 Write traj.           32    1       1501       0.040          3.542   0.0
 Update                32    1    1500001       3.100        277.730   0.9
 Constraints           32    1    1500003       3.575        320.340   1.1
 Comm. energies        32    1     150001       1.287        115.297   0.4
 Rest                                           3.440        308.185   1.0
-----------------------------------------------------------------------------
 Total                                        339.685      30434.112 100.0
-----------------------------------------------------------------------------

               Core t (s)   Wall t (s)        (%)
       Time:    10869.902      339.685     3200.0
                 (ns/day)    (hour/ns)
Performance:      763.061        0.031
Finished mdrun on rank 0 Thu Jan 25 12:17:12 2024

