              :-) GROMACS - gmx mdrun, 2021.4-Ubuntu-2021.4-2 (-:

                            GROMACS is written by:
     Andrey Alekseenko              Emile Apol              Rossen Apostolov     
         Paul Bauer           Herman J.C. Berendsen           Par Bjelkmar       
       Christian Blau           Viacheslav Bolnykh             Kevin Boyd        
     Aldert van Buuren           Rudi van Drunen             Anton Feenstra      
    Gilles Gouaillardet             Alan Gray               Gerrit Groenhof      
       Anca Hamuraru            Vincent Hindriksen          M. Eric Irrgang      
      Aleksei Iupinov           Christoph Junghans             Joe Jordan        
    Dimitrios Karkoulis            Peter Kasson                Jiri Kraus        
      Carsten Kutzner              Per Larsson              Justin A. Lemkul     
       Viveca Lindahl            Magnus Lundborg             Erik Marklund       
        Pascal Merz             Pieter Meulenhoff            Teemu Murtola       
        Szilard Pall               Sander Pronk              Roland Schulz       
       Michael Shirts            Alexey Shvetsov             Alfons Sijbers      
       Peter Tieleman              Jon Vincent              Teemu Virolainen     
     Christian Wennberg            Maarten Wolf              Artem Zhmurov       
                           and the project leaders:
        Mark Abraham, Berk Hess, Erik Lindahl, and David van der Spoel

Copyright (c) 1991-2000, University of Groningen, The Netherlands.
Copyright (c) 2001-2019, The GROMACS development team at
Uppsala University, Stockholm University and
the Royal Institute of Technology, Sweden.
check out http://www.gromacs.org for more information.

GROMACS is free software; you can redistribute it and/or modify it
under the terms of the GNU Lesser General Public License
as published by the Free Software Foundation; either version 2.1
of the License, or (at your option) any later version.

GROMACS:      gmx mdrun, version 2021.4-Ubuntu-2021.4-2
Executable:   /usr/bin/gmx
Data prefix:  /usr
Working dir:  /home/labo_pj/labo_app/gmxapp/user_id/4
Process ID:   2460
Command line:
  gmx mdrun -s ./output/md.tpr -deffnm ./output/md -v

GROMACS version:    2021.4-Ubuntu-2021.4-2
Precision:          mixed
Memory model:       64 bit
MPI library:        thread_mpi
OpenMP support:     enabled (GMX_OPENMP_MAX_THREADS = 64)
GPU support:        disabled
SIMD instructions:  SSE4.1
FFT library:        fftw-3.3.8-sse2-avx
RDTSCP usage:       enabled
TNG support:        enabled
Hwloc support:      hwloc-2.5.0
Tracing support:    disabled
C compiler:         /usr/bin/cc GNU 11.2.0
C compiler flags:   -msse4.1 -Wno-missing-field-initializers -fexcess-precision=fast -funroll-all-loops -O3 -DNDEBUG
C++ compiler:       /usr/bin/c++ GNU 11.2.0
C++ compiler flags: -msse4.1 -Wno-missing-field-initializers -fexcess-precision=fast -funroll-all-loops -fopenmp -O3 -DNDEBUG


Running on 1 node with total 1 cores, 1 logical cores
Hardware detected:
  CPU info:
    Vendor: Intel
    Brand:  Intel(R) Xeon(R) CPU E5-2676 v3 @ 2.40GHz
    Family: 6   Model: 63   Stepping: 2
    Features: aes apic avx avx2 clfsh cmov cx8 cx16 f16c fma intel lahf mmx msr pcid pclmuldq popcnt pse rdrnd rdtscp sse2 sse3 sse4.1 sse4.2 ssse3 tdt x2apic
  Hardware topology: Full, with devices
    Sockets, cores, and logical processors:
      Socket  0: [   0]
    Numa nodes:
      Node  0 (995840000 bytes mem):   0
      Latency:
               0
         0  1.00
    Caches:
      L1: 32768 bytes, linesize 64 bytes, assoc. 8, shared 1 ways
      L2: 262144 bytes, linesize 64 bytes, assoc. 8, shared 1 ways
      L3: 31457280 bytes, linesize 64 bytes, assoc. 20, shared 1 ways
    PCI devices:
      0000:00:01.1  Id: 8086:7010  Class: 0x0101  Numa: 0
      0000:00:02.0  Id: 1013:00b8  Class: 0x0300  Numa: 0

Highest SIMD level supported by all nodes in run: AVX2_256
SIMD instructions selected at compile time:       SSE4.1
This program was compiled for different hardware than you are running on,
which could influence performance.

++++ PLEASE READ AND CITE THE FOLLOWING REFERENCE ++++
M. J. Abraham, T. Murtola, R. Schulz, S. Páll, J. C. Smith, B. Hess, E.
Lindahl
GROMACS: High performance molecular simulations through multi-level
parallelism from laptops to supercomputers
SoftwareX 1 (2015) pp. 19-25
-------- -------- --- Thank You --- -------- --------


++++ PLEASE READ AND CITE THE FOLLOWING REFERENCE ++++
S. Páll, M. J. Abraham, C. Kutzner, B. Hess, E. Lindahl
Tackling Exascale Software Challenges in Molecular Dynamics Simulations with
GROMACS
In S. Markidis & E. Laure (Eds.), Solving Software Challenges for Exascale 8759 (2015) pp. 3-27
-------- -------- --- Thank You --- -------- --------


++++ PLEASE READ AND CITE THE FOLLOWING REFERENCE ++++
S. Pronk, S. Páll, R. Schulz, P. Larsson, P. Bjelkmar, R. Apostolov, M. R.
Shirts, J. C. Smith, P. M. Kasson, D. van der Spoel, B. Hess, and E. Lindahl
GROMACS 4.5: a high-throughput and highly parallel open source molecular
simulation toolkit
Bioinformatics 29 (2013) pp. 845-54
-------- -------- --- Thank You --- -------- --------


++++ PLEASE READ AND CITE THE FOLLOWING REFERENCE ++++
B. Hess and C. Kutzner and D. van der Spoel and E. Lindahl
GROMACS 4: Algorithms for highly efficient, load-balanced, and scalable
molecular simulation
J. Chem. Theory Comput. 4 (2008) pp. 435-447
-------- -------- --- Thank You --- -------- --------


++++ PLEASE READ AND CITE THE FOLLOWING REFERENCE ++++
D. van der Spoel, E. Lindahl, B. Hess, G. Groenhof, A. E. Mark and H. J. C.
Berendsen
GROMACS: Fast, Flexible and Free
J. Comp. Chem. 26 (2005) pp. 1701-1719
-------- -------- --- Thank You --- -------- --------


++++ PLEASE READ AND CITE THE FOLLOWING REFERENCE ++++
E. Lindahl and B. Hess and D. van der Spoel
GROMACS 3.0: A package for molecular simulation and trajectory analysis
J. Mol. Mod. 7 (2001) pp. 306-317
-------- -------- --- Thank You --- -------- --------


++++ PLEASE READ AND CITE THE FOLLOWING REFERENCE ++++
H. J. C. Berendsen, D. van der Spoel and R. van Drunen
GROMACS: A message-passing parallel molecular dynamics implementation
Comp. Phys. Comm. 91 (1995) pp. 43-56
-------- -------- --- Thank You --- -------- --------

Input Parameters:
   integrator                     = md
   tinit                          = 0
   dt                             = 0.002
   nsteps                         = 500000
   init-step                      = 0
   simulation-part                = 1
   mts                            = false
   comm-mode                      = Linear
   nstcomm                        = 100
   bd-fric                        = 0
   ld-seed                        = -570565313
   emtol                          = 10
   emstep                         = 0.01
   niter                          = 20
   fcstep                         = 0
   nstcgsteep                     = 1000
   nbfgscorr                      = 10
   rtpi                           = 0.05
   nstxout                        = 0
   nstvout                        = 0
   nstfout                        = 0
   nstlog                         = 10000
   nstcalcenergy                  = 100
   nstenergy                      = 10000
   nstxout-compressed             = 1000
   compressed-x-precision         = 1000
   cutoff-scheme                  = Verlet
   nstlist                        = 10
   pbc                            = xyz
   periodic-molecules             = false
   verlet-buffer-tolerance        = 0.005
   rlist                          = 1.113
   coulombtype                    = Cut-off
   coulomb-modifier               = Potential-shift
   rcoulomb-switch                = 0
   rcoulomb                       = 1
   epsilon-r                      = 1
   epsilon-rf                     = inf
   vdw-type                       = Cut-off
   vdw-modifier                   = Potential-shift
   rvdw-switch                    = 0
   rvdw                           = 1
   DispCorr                       = EnerPres
   table-extension                = 1
   fourierspacing                 = 0.12
   fourier-nx                     = 0
   fourier-ny                     = 0
   fourier-nz                     = 0
   pme-order                      = 4
   ewald-rtol                     = 1e-05
   ewald-rtol-lj                  = 0.001
   lj-pme-comb-rule               = Geometric
   ewald-geometry                 = 0
   epsilon-surface                = 0
   tcoupl                         = Nose-Hoover
   nsttcouple                     = 10
   nh-chain-length                = 1
   print-nose-hoover-chain-variables = false
   pcoupl                         = No
   pcoupltype                     = Isotropic
   nstpcouple                     = -1
   tau-p                          = 1
   compressibility (3x3):
      compressibility[    0]={ 0.00000e+00,  0.00000e+00,  0.00000e+00}
      compressibility[    1]={ 0.00000e+00,  0.00000e+00,  0.00000e+00}
      compressibility[    2]={ 0.00000e+00,  0.00000e+00,  0.00000e+00}
   ref-p (3x3):
      ref-p[    0]={ 0.00000e+00,  0.00000e+00,  0.00000e+00}
      ref-p[    1]={ 0.00000e+00,  0.00000e+00,  0.00000e+00}
      ref-p[    2]={ 0.00000e+00,  0.00000e+00,  0.00000e+00}
   refcoord-scaling               = No
   posres-com (3):
      posres-com[0]= 0.00000e+00
      posres-com[1]= 0.00000e+00
      posres-com[2]= 0.00000e+00
   posres-comB (3):
      posres-comB[0]= 0.00000e+00
      posres-comB[1]= 0.00000e+00
      posres-comB[2]= 0.00000e+00
   QMMM                           = false
qm-opts:
   ngQM                           = 0
   constraint-algorithm           = Lincs
   continuation                   = false
   Shake-SOR                      = false
   shake-tol                      = 0.0001
   lincs-order                    = 4
   lincs-iter                     = 1
   lincs-warnangle                = 30
   nwall                          = 0
   wall-type                      = 9-3
   wall-r-linpot                  = -1
   wall-atomtype[0]               = -1
   wall-atomtype[1]               = -1
   wall-density[0]                = 0
   wall-density[1]                = 0
   wall-ewald-zfac                = 3
   pull                           = false
   awh                            = false
   rotation                       = false
   interactiveMD                  = false
   disre                          = No
   disre-weighting                = Conservative
   disre-mixed                    = false
   dr-fc                          = 1000
   dr-tau                         = 0
   nstdisreout                    = 100
   orire-fc                       = 0
   orire-tau                      = 0
   nstorireout                    = 100
   free-energy                    = no
   cos-acceleration               = 0
   deform (3x3):
      deform[    0]={ 0.00000e+00,  0.00000e+00,  0.00000e+00}
      deform[    1]={ 0.00000e+00,  0.00000e+00,  0.00000e+00}
      deform[    2]={ 0.00000e+00,  0.00000e+00,  0.00000e+00}
   simulated-tempering            = false
   swapcoords                     = no
   userint1                       = 0
   userint2                       = 0
   userint3                       = 0
   userint4                       = 0
   userreal1                      = 0
   userreal2                      = 0
   userreal3                      = 0
   userreal4                      = 0
   applied-forces:
     electric-field:
       x:
         E0                       = 0
         omega                    = 0
         t0                       = 0
         sigma                    = 0
       y:
         E0                       = 0
         omega                    = 0
         t0                       = 0
         sigma                    = 0
       z:
         E0                       = 0
         omega                    = 0
         t0                       = 0
         sigma                    = 0
     density-guided-simulation:
       active                     = false
       group                      = protein
       similarity-measure         = inner-product
       atom-spreading-weight      = unity
       force-constant             = 1e+09
       gaussian-transform-spreading-width = 0.2
       gaussian-transform-spreading-range-in-multiples-of-width = 4
       reference-density-filename = reference.mrc
       nst                        = 1
       normalize-densities        = true
       adaptive-force-scaling     = false
       adaptive-force-scaling-time-constant = 4
       shift-vector               = 
       transformation-matrix      = 
grpopts:
   nrdf:         297
   ref-t:      523.15
   tau-t:         0.5
annealing:          No
annealing-npoints:           0
   acc:	           0           0           0
   nfreeze:           N           N           N
   energygrp-flags[  0]: 0

Changing nstlist from 10 to 25, rlist from 1.113 to 1.294

Using 1 MPI thread
Using 1 OpenMP thread 

Pinning threads with an auto-selected logical core stride of 1
System total charge: 0.000
Potential shift: LJ r^-12: -1.000e+00 r^-6: -1.000e+00, Coulomb -1e+00
Long Range LJ corr.: <C6> 2.7653e-04


Using SIMD 4x4 nonbonded short-range kernels

Using a dual 4x4 pair-list setup updated with dynamic pruning:
  outer list: updated every 25 steps, buffer 0.294 nm, rlist 1.294 nm
  inner list: updated every  4 steps, buffer 0.032 nm, rlist 1.032 nm
At tolerance 0.005 kJ/mol/ps per atom, equivalent classical 1x1 list would be:
  outer list: updated every 25 steps, buffer 0.356 nm, rlist 1.356 nm
  inner list: updated every  4 steps, buffer 0.041 nm, rlist 1.041 nm

Using geometric Lennard-Jones combination rule
Removing pbc first time

++++ PLEASE READ AND CITE THE FOLLOWING REFERENCE ++++
S. Miyamoto and P. A. Kollman
SETTLE: An Analytical Version of the SHAKE and RATTLE Algorithms for Rigid
Water Models
J. Comp. Chem. 13 (1992) pp. 952-962
-------- -------- --- Thank You --- -------- --------

There are: 150 Atoms

Constraining the starting coordinates (step 0)

Constraining the coordinates at t0-dt (step 0)
Center of mass motion removal mode is Linear
We have the following groups for center of mass motion removal:
  0:  rest
RMS relative constraint deviation after constraining: 0.00e+00
Initial temperature: 5.45201e-08 K

Started mdrun on rank 0 Thu Jan 18 17:41:38 2024

           Step           Time
              0        0.00000

   Energies (kJ/mol)
        LJ (SR)  Disper. corr.   Coulomb (SR)      Potential    Kinetic En.
    2.71194e+01   -9.44520e-01    4.55990e+01    7.17739e+01    9.33634e-01
   Total Energy  Conserved En.    Temperature Pres. DC (bar) Pressure (bar)
    7.27075e+01    7.27075e+01    7.56164e-01   -5.93648e-01    7.15173e+01

           Step           Time
          10000       20.00000

   Energies (kJ/mol)
        LJ (SR)  Disper. corr.   Coulomb (SR)      Potential    Kinetic En.
    4.47537e+01   -9.44520e-01   -5.93579e+02   -5.49770e+02    6.50395e+02
   Total Energy  Conserved En.    Temperature Pres. DC (bar) Pressure (bar)
    1.00625e+02    3.02751e+02    5.26765e+02   -5.93648e-01    1.58953e+00

           Step           Time
          20000       40.00000

   Energies (kJ/mol)
        LJ (SR)  Disper. corr.   Coulomb (SR)      Potential    Kinetic En.
    6.71090e+01   -9.44520e-01   -7.18707e+02   -6.52542e+02    6.04082e+02
   Total Energy  Conserved En.    Temperature Pres. DC (bar) Pressure (bar)
   -4.84603e+01    3.42458e+02    4.89255e+02   -5.93648e-01    6.99227e+01

           Step           Time
          30000       60.00000

   Energies (kJ/mol)
        LJ (SR)  Disper. corr.   Coulomb (SR)      Potential    Kinetic En.
    4.22379e+01   -9.44520e-01   -5.30573e+02   -4.89279e+02    6.04920e+02
   Total Energy  Conserved En.    Temperature Pres. DC (bar) Pressure (bar)
    1.15641e+02    4.22174e+02    4.89934e+02   -5.93648e-01    6.45910e+00

           Step           Time
          40000       80.00000

   Energies (kJ/mol)
        LJ (SR)  Disper. corr.   Coulomb (SR)      Potential    Kinetic En.
    1.73884e+01   -9.44520e-01   -3.96257e+02   -3.79813e+02    6.30055e+02
   Total Energy  Conserved En.    Temperature Pres. DC (bar) Pressure (bar)
    2.50242e+02    5.38824e+02    5.10291e+02   -5.93648e-01    1.11034e+02

           Step           Time
          50000      100.00000

   Energies (kJ/mol)
        LJ (SR)  Disper. corr.   Coulomb (SR)      Potential    Kinetic En.
    6.69788e+01   -9.44520e-01   -6.28263e+02   -5.62229e+02    5.99525e+02
   Total Energy  Conserved En.    Temperature Pres. DC (bar) Pressure (bar)
    3.72959e+01    5.87633e+02    4.85564e+02   -5.93648e-01   -1.43664e+01

           Step           Time
          60000      120.00000

   Energies (kJ/mol)
        LJ (SR)  Disper. corr.   Coulomb (SR)      Potential    Kinetic En.
    4.22228e+01   -9.44520e-01   -4.60558e+02   -4.19279e+02    7.02221e+02
   Total Energy  Conserved En.    Temperature Pres. DC (bar) Pressure (bar)
    2.82942e+02    6.71494e+02    5.68739e+02   -5.93648e-01    3.89505e+01

           Step           Time
          70000      140.00000

   Energies (kJ/mol)
        LJ (SR)  Disper. corr.   Coulomb (SR)      Potential    Kinetic En.
    1.09499e+02   -9.44520e-01   -7.14605e+02   -6.06051e+02    6.51562e+02
   Total Energy  Conserved En.    Temperature Pres. DC (bar) Pressure (bar)
    4.55109e+01    8.00652e+02    5.27710e+02   -5.93648e-01   -9.55153e+01

           Step           Time
          80000      160.00000

   Energies (kJ/mol)
        LJ (SR)  Disper. corr.   Coulomb (SR)      Potential    Kinetic En.
    1.93662e+01   -9.44520e-01   -5.12024e+02   -4.93602e+02    6.37210e+02
   Total Energy  Conserved En.    Temperature Pres. DC (bar) Pressure (bar)
    1.43608e+02    8.38686e+02    5.16086e+02   -5.93648e-01   -1.76990e+02

           Step           Time
          90000      180.00000

   Energies (kJ/mol)
        LJ (SR)  Disper. corr.   Coulomb (SR)      Potential    Kinetic En.
    9.09246e+01   -9.44520e-01   -6.02606e+02   -5.12625e+02    5.93399e+02
   Total Energy  Conserved En.    Temperature Pres. DC (bar) Pressure (bar)
    8.07733e+01    9.88877e+02    4.80602e+02   -5.93648e-01    6.40751e+01

           Step           Time
         100000      200.00000

   Energies (kJ/mol)
        LJ (SR)  Disper. corr.   Coulomb (SR)      Potential    Kinetic En.
    8.16901e+01   -9.44520e-01   -5.77756e+02   -4.97010e+02    6.35935e+02
   Total Energy  Conserved En.    Temperature Pres. DC (bar) Pressure (bar)
    1.38924e+02    1.03311e+03    5.15053e+02   -5.93648e-01    1.28633e+02

           Step           Time
         110000      220.00000

   Energies (kJ/mol)
        LJ (SR)  Disper. corr.   Coulomb (SR)      Potential    Kinetic En.
    1.02866e+02   -9.44520e-01   -7.31216e+02   -6.29294e+02    6.29592e+02
   Total Energy  Conserved En.    Temperature Pres. DC (bar) Pressure (bar)
    2.97668e-01    1.11631e+03    5.09916e+02   -5.93648e-01    8.80875e+01

           Step           Time
         120000      240.00000

   Energies (kJ/mol)
        LJ (SR)  Disper. corr.   Coulomb (SR)      Potential    Kinetic En.
    1.06264e+02   -9.44520e-01   -6.04789e+02   -4.99469e+02    6.10197e+02
   Total Energy  Conserved En.    Temperature Pres. DC (bar) Pressure (bar)
    1.10728e+02    1.19389e+03    4.94208e+02   -5.93648e-01    2.51610e+02

           Step           Time
         130000      260.00000

   Energies (kJ/mol)
        LJ (SR)  Disper. corr.   Coulomb (SR)      Potential    Kinetic En.
    5.33772e+01   -9.44520e-01   -4.23271e+02   -3.70838e+02    7.43571e+02
   Total Energy  Conserved En.    Temperature Pres. DC (bar) Pressure (bar)
    3.72733e+02    1.32390e+03    6.02229e+02   -5.93648e-01    2.54510e+01

           Step           Time
         140000      280.00000

   Energies (kJ/mol)
        LJ (SR)  Disper. corr.   Coulomb (SR)      Potential    Kinetic En.
    7.99228e+01   -9.44520e-01   -6.24559e+02   -5.45580e+02    6.69838e+02
   Total Energy  Conserved En.    Temperature Pres. DC (bar) Pressure (bar)
    1.24258e+02    1.42729e+03    5.42512e+02   -5.93648e-01    2.16686e+02

           Step           Time
         150000      300.00000

   Energies (kJ/mol)
        LJ (SR)  Disper. corr.   Coulomb (SR)      Potential    Kinetic En.
    5.51486e+01   -9.44520e-01   -6.23722e+02   -5.69518e+02    6.49560e+02
   Total Energy  Conserved En.    Temperature Pres. DC (bar) Pressure (bar)
    8.00425e+01    1.49198e+03    5.26088e+02   -5.93648e-01    1.06258e+00

           Step           Time
         160000      320.00000

   Energies (kJ/mol)
        LJ (SR)  Disper. corr.   Coulomb (SR)      Potential    Kinetic En.
    1.40102e+02   -9.44520e-01   -8.53265e+02   -7.14108e+02    6.81820e+02
   Total Energy  Conserved En.    Temperature Pres. DC (bar) Pressure (bar)
   -3.22880e+01    1.57329e+03    5.52216e+02   -5.93648e-01    1.71650e+02

           Step           Time
         170000      340.00000

   Energies (kJ/mol)
        LJ (SR)  Disper. corr.   Coulomb (SR)      Potential    Kinetic En.
    1.40513e+02   -9.44520e-01   -8.09885e+02   -6.70317e+02    6.61109e+02
   Total Energy  Conserved En.    Temperature Pres. DC (bar) Pressure (bar)
   -9.20789e+00    1.65478e+03    5.35442e+02   -5.93648e-01    1.07218e+02

           Step           Time
         180000      360.00000

   Energies (kJ/mol)
        LJ (SR)  Disper. corr.   Coulomb (SR)      Potential    Kinetic En.
    8.87653e+01   -9.44520e-01   -6.73798e+02   -5.85977e+02    6.74227e+02
   Total Energy  Conserved En.    Temperature Pres. DC (bar) Pressure (bar)
    8.82501e+01    1.78748e+03    5.46067e+02   -5.93648e-01    6.90970e+00

           Step           Time
         190000      380.00000

   Energies (kJ/mol)
        LJ (SR)  Disper. corr.   Coulomb (SR)      Potential    Kinetic En.
    6.62067e+01   -9.44520e-01   -4.92016e+02   -4.26753e+02    5.81782e+02
   Total Energy  Conserved En.    Temperature Pres. DC (bar) Pressure (bar)
    1.55029e+02    1.81886e+03    4.71194e+02   -5.93648e-01    1.92345e+02

           Step           Time
         200000      400.00000

   Energies (kJ/mol)
        LJ (SR)  Disper. corr.   Coulomb (SR)      Potential    Kinetic En.
    4.04097e+01   -9.44520e-01   -5.35923e+02   -4.96458e+02    6.00107e+02
   Total Energy  Conserved En.    Temperature Pres. DC (bar) Pressure (bar)
    1.03649e+02    1.84564e+03    4.86035e+02   -5.93648e-01   -1.47403e+01

           Step           Time
         210000      420.00000

   Energies (kJ/mol)
        LJ (SR)  Disper. corr.   Coulomb (SR)      Potential    Kinetic En.
    4.04854e+01   -9.44520e-01   -4.92327e+02   -4.52786e+02    7.04998e+02
   Total Energy  Conserved En.    Temperature Pres. DC (bar) Pressure (bar)
    2.52213e+02    1.93329e+03    5.70989e+02   -5.93648e-01    9.77604e+01

           Step           Time
         220000      440.00000

   Energies (kJ/mol)
        LJ (SR)  Disper. corr.   Coulomb (SR)      Potential    Kinetic En.
    6.31583e+01   -9.44520e-01   -7.15636e+02   -6.53422e+02    7.24519e+02
   Total Energy  Conserved En.    Temperature Pres. DC (bar) Pressure (bar)
    7.10970e+01    2.02176e+03    5.86799e+02   -5.93648e-01    7.19056e+01

           Step           Time
         230000      460.00000

   Energies (kJ/mol)
        LJ (SR)  Disper. corr.   Coulomb (SR)      Potential    Kinetic En.
    2.70306e+01   -9.44520e-01   -5.41286e+02   -5.15200e+02    6.26416e+02
   Total Energy  Conserved En.    Temperature Pres. DC (bar) Pressure (bar)
    1.11216e+02    2.06414e+03    5.07344e+02   -5.93648e-01    1.16628e+01

           Step           Time
         240000      480.00000

   Energies (kJ/mol)
        LJ (SR)  Disper. corr.   Coulomb (SR)      Potential    Kinetic En.
    6.75494e+01   -9.44520e-01   -6.86037e+02   -6.19433e+02    6.39106e+02
   Total Energy  Conserved En.    Temperature Pres. DC (bar) Pressure (bar)
    1.96735e+01    2.13585e+03    5.17621e+02   -5.93648e-01   -6.37107e-01

           Step           Time
         250000      500.00000

   Energies (kJ/mol)
        LJ (SR)  Disper. corr.   Coulomb (SR)      Potential    Kinetic En.
    1.22027e+02   -9.44520e-01   -6.12544e+02   -4.91461e+02    5.76834e+02
   Total Energy  Conserved En.    Temperature Pres. DC (bar) Pressure (bar)
    8.53726e+01    2.24297e+03    4.67186e+02   -5.93648e-01    2.46759e+02

           Step           Time
         260000      520.00000

   Energies (kJ/mol)
        LJ (SR)  Disper. corr.   Coulomb (SR)      Potential    Kinetic En.
    6.53278e+01   -9.44520e-01   -5.98415e+02   -5.34031e+02    6.66902e+02
   Total Energy  Conserved En.    Temperature Pres. DC (bar) Pressure (bar)
    1.32871e+02    2.35446e+03    5.40134e+02   -5.93648e-01   -1.37731e+01

           Step           Time
         270000      540.00000

   Energies (kJ/mol)
        LJ (SR)  Disper. corr.   Coulomb (SR)      Potential    Kinetic En.
    8.51528e+01   -9.44520e-01   -6.43914e+02   -5.59706e+02    6.11187e+02
   Total Energy  Conserved En.    Temperature Pres. DC (bar) Pressure (bar)
    5.14816e+01    2.42262e+03    4.95010e+02   -5.93648e-01    1.86401e+02

           Step           Time
         280000      560.00000

   Energies (kJ/mol)
        LJ (SR)  Disper. corr.   Coulomb (SR)      Potential    Kinetic En.
    8.31404e+01   -9.44520e-01   -5.39080e+02   -4.56884e+02    6.43533e+02
   Total Energy  Conserved En.    Temperature Pres. DC (bar) Pressure (bar)
    1.86649e+02    2.46835e+03    5.21207e+02   -5.93648e-01    6.85942e+01

           Step           Time
         290000      580.00000

   Energies (kJ/mol)
        LJ (SR)  Disper. corr.   Coulomb (SR)      Potential    Kinetic En.
    5.15152e+01   -9.44520e-01   -4.41418e+02   -3.90848e+02    6.47831e+02
   Total Energy  Conserved En.    Temperature Pres. DC (bar) Pressure (bar)
    2.56983e+02    2.53654e+03    5.24688e+02   -5.93648e-01    1.09755e+02

           Step           Time
         300000      600.00000

   Energies (kJ/mol)
        LJ (SR)  Disper. corr.   Coulomb (SR)      Potential    Kinetic En.
    7.62367e+01   -9.44520e-01   -5.35167e+02   -4.59875e+02    5.35774e+02
   Total Energy  Conserved En.    Temperature Pres. DC (bar) Pressure (bar)
    7.58995e+01    2.60186e+03    4.33931e+02   -5.93648e-01    1.95115e+02

           Step           Time
         310000      620.00000

   Energies (kJ/mol)
        LJ (SR)  Disper. corr.   Coulomb (SR)      Potential    Kinetic En.
    9.07751e+01   -9.44520e-01   -5.66872e+02   -4.77041e+02    6.95220e+02
   Total Energy  Conserved En.    Temperature Pres. DC (bar) Pressure (bar)
    2.18179e+02    2.68274e+03    5.63069e+02   -5.93648e-01    1.69510e+02

           Step           Time
         320000      640.00000

   Energies (kJ/mol)
        LJ (SR)  Disper. corr.   Coulomb (SR)      Potential    Kinetic En.
    3.14406e+01   -9.44520e-01   -4.56682e+02   -4.26186e+02    6.06013e+02
   Total Energy  Conserved En.    Temperature Pres. DC (bar) Pressure (bar)
    1.79827e+02    2.77627e+03    4.90819e+02   -5.93648e-01   -2.61262e+01

           Step           Time
         330000      660.00000

   Energies (kJ/mol)
        LJ (SR)  Disper. corr.   Coulomb (SR)      Potential    Kinetic En.
    3.88997e+01   -9.44520e-01   -6.66847e+02   -6.28891e+02    5.77990e+02
   Total Energy  Conserved En.    Temperature Pres. DC (bar) Pressure (bar)
   -5.09014e+01    2.85375e+03    4.68123e+02   -5.93648e-01   -2.21322e+02

           Step           Time
         340000      680.00000

   Energies (kJ/mol)
        LJ (SR)  Disper. corr.   Coulomb (SR)      Potential    Kinetic En.
    8.83347e+01   -9.44520e-01   -7.43301e+02   -6.55911e+02    5.50803e+02
   Total Energy  Conserved En.    Temperature Pres. DC (bar) Pressure (bar)
   -1.05107e+02    2.89505e+03    4.46104e+02   -5.93648e-01   -6.56702e+01

           Step           Time
         350000      700.00000

   Energies (kJ/mol)
        LJ (SR)  Disper. corr.   Coulomb (SR)      Potential    Kinetic En.
    9.71675e+01   -9.44520e-01   -6.27893e+02   -5.31670e+02    6.10987e+02
   Total Energy  Conserved En.    Temperature Pres. DC (bar) Pressure (bar)
    7.93172e+01    2.98546e+03    4.94847e+02   -5.93648e-01    1.23394e+02

           Step           Time
         360000      720.00000

   Energies (kJ/mol)
        LJ (SR)  Disper. corr.   Coulomb (SR)      Potential    Kinetic En.
    5.05172e+01   -9.44520e-01   -4.94171e+02   -4.44598e+02    6.94557e+02
   Total Energy  Conserved En.    Temperature Pres. DC (bar) Pressure (bar)
    2.49959e+02    3.02073e+03    5.62532e+02   -5.93648e-01   -8.57644e+01

           Step           Time
         370000      740.00000

   Energies (kJ/mol)
        LJ (SR)  Disper. corr.   Coulomb (SR)      Potential    Kinetic En.
    8.35884e+01   -9.44520e-01   -5.40578e+02   -4.57934e+02    7.21289e+02
   Total Energy  Conserved En.    Temperature Pres. DC (bar) Pressure (bar)
    2.63354e+02    3.10060e+03    5.84182e+02   -5.93648e-01    1.66561e+02

           Step           Time
         380000      760.00000

   Energies (kJ/mol)
        LJ (SR)  Disper. corr.   Coulomb (SR)      Potential    Kinetic En.
    9.76776e+01   -9.44520e-01   -5.68404e+02   -4.71671e+02    6.48876e+02
   Total Energy  Conserved En.    Temperature Pres. DC (bar) Pressure (bar)
    1.77205e+02    3.13503e+03    5.25534e+02   -5.93648e-01    7.37188e+01

           Step           Time
         390000      780.00000

   Energies (kJ/mol)
        LJ (SR)  Disper. corr.   Coulomb (SR)      Potential    Kinetic En.
    1.42086e+02   -9.44520e-01   -8.45122e+02   -7.03981e+02    6.07629e+02
   Total Energy  Conserved En.    Temperature Pres. DC (bar) Pressure (bar)
   -9.63517e+01    3.18160e+03    4.92128e+02   -5.93648e-01    7.26672e+01

           Step           Time
         400000      800.00000

   Energies (kJ/mol)
        LJ (SR)  Disper. corr.   Coulomb (SR)      Potential    Kinetic En.
    8.17251e+01   -9.44520e-01   -7.37520e+02   -6.56740e+02    5.89791e+02
   Total Energy  Conserved En.    Temperature Pres. DC (bar) Pressure (bar)
   -6.69482e+01    3.27166e+03    4.77681e+02   -5.93648e-01    6.19178e+01

           Step           Time
         410000      820.00000

   Energies (kJ/mol)
        LJ (SR)  Disper. corr.   Coulomb (SR)      Potential    Kinetic En.
    1.50004e+02   -9.44520e-01   -8.81320e+02   -7.32261e+02    6.72966e+02
   Total Energy  Conserved En.    Temperature Pres. DC (bar) Pressure (bar)
   -5.92944e+01    3.30201e+03    5.45045e+02   -5.93648e-01    2.26754e+02

           Step           Time
         420000      840.00000

   Energies (kJ/mol)
        LJ (SR)  Disper. corr.   Coulomb (SR)      Potential    Kinetic En.
    4.64848e+01   -9.44520e-01   -5.90694e+02   -5.45154e+02    6.42253e+02
   Total Energy  Conserved En.    Temperature Pres. DC (bar) Pressure (bar)
    9.70986e+01    3.42945e+03    5.20170e+02   -5.93648e-01   -1.04605e+02

           Step           Time
         430000      860.00000

   Energies (kJ/mol)
        LJ (SR)  Disper. corr.   Coulomb (SR)      Potential    Kinetic En.
   -3.64536e+00   -9.44520e-01   -4.59574e+02   -4.64164e+02    6.30973e+02
   Total Energy  Conserved En.    Temperature Pres. DC (bar) Pressure (bar)
    1.66810e+02    3.47611e+03    5.11035e+02   -5.93648e-01   -1.44957e+02

           Step           Time
         440000      880.00000

   Energies (kJ/mol)
        LJ (SR)  Disper. corr.   Coulomb (SR)      Potential    Kinetic En.
    6.78426e+01   -9.44520e-01   -6.04711e+02   -5.37813e+02    6.65692e+02
   Total Energy  Conserved En.    Temperature Pres. DC (bar) Pressure (bar)
    1.27879e+02    3.52208e+03    5.39154e+02   -5.93648e-01    4.91115e+01

           Step           Time
         450000      900.00000

   Energies (kJ/mol)
        LJ (SR)  Disper. corr.   Coulomb (SR)      Potential    Kinetic En.
    1.05314e+02   -9.44520e-01   -7.68683e+02   -6.64314e+02    6.56218e+02
   Total Energy  Conserved En.    Temperature Pres. DC (bar) Pressure (bar)
   -8.09521e+00    3.62129e+03    5.31481e+02   -5.93648e-01    1.03511e+02

           Step           Time
         460000      920.00000

   Energies (kJ/mol)
        LJ (SR)  Disper. corr.   Coulomb (SR)      Potential    Kinetic En.
    1.33863e+02   -9.44520e-01   -7.66985e+02   -6.34066e+02    6.63498e+02
   Total Energy  Conserved En.    Temperature Pres. DC (bar) Pressure (bar)
    2.94321e+01    3.71874e+03    5.37377e+02   -5.93648e-01    1.74710e+02

           Step           Time
         470000      940.00000

   Energies (kJ/mol)
        LJ (SR)  Disper. corr.   Coulomb (SR)      Potential    Kinetic En.
    4.44604e+01   -9.44520e-01   -5.52900e+02   -5.09384e+02    7.19860e+02
   Total Energy  Conserved En.    Temperature Pres. DC (bar) Pressure (bar)
    2.10475e+02    3.80972e+03    5.83025e+02   -5.93648e-01    2.02759e+00

           Step           Time
         480000      960.00000

   Energies (kJ/mol)
        LJ (SR)  Disper. corr.   Coulomb (SR)      Potential    Kinetic En.
    9.41911e+01   -9.44520e-01   -6.69384e+02   -5.76137e+02    6.38524e+02
   Total Energy  Conserved En.    Temperature Pres. DC (bar) Pressure (bar)
    6.23866e+01    3.84072e+03    5.17150e+02   -5.93648e-01    1.17355e+02

           Step           Time
         490000      980.00000

   Energies (kJ/mol)
        LJ (SR)  Disper. corr.   Coulomb (SR)      Potential    Kinetic En.
    8.82531e+01   -9.44520e-01   -6.07301e+02   -5.19993e+02    5.99517e+02
   Total Energy  Conserved En.    Temperature Pres. DC (bar) Pressure (bar)
    7.95246e+01    3.94661e+03    4.85558e+02   -5.93648e-01    7.49683e+01

           Step           Time
         500000     1000.00000

Writing checkpoint, step 500000 at Thu Jan 18 17:41:59 2024


   Energies (kJ/mol)
        LJ (SR)  Disper. corr.   Coulomb (SR)      Potential    Kinetic En.
    5.37177e+01   -9.44520e-01   -6.26146e+02   -5.73373e+02    5.62923e+02
   Total Energy  Conserved En.    Temperature Pres. DC (bar) Pressure (bar)
   -1.04501e+01    4.05227e+03    4.55920e+02   -5.93648e-01   -1.96145e+02


Energy conservation over simulation part #1 of length 1000 ns, time 0 to 1000 ns
  Conserved energy drift: 2.65e-02 kJ/mol/ps per atom


	<======  ###############  ==>
	<====  A V E R A G E S  ====>
	<==  ###############  ======>

	Statistics over 500001 steps using 5001 frames

   Energies (kJ/mol)
        LJ (SR)  Disper. corr.   Coulomb (SR)      Potential    Kinetic En.
    7.20604e+01   -9.44520e-01   -6.03863e+02   -5.32747e+02    6.45846e+02
   Total Energy  Conserved En.    Temperature Pres. DC (bar) Pressure (bar)
    1.13099e+02    2.18292e+03    5.23080e+02   -5.93648e-01    5.04171e+01

   Total Virial (kJ/mol)
    1.75311e+02   -1.07097e+00   -7.66557e-01
   -1.07066e+00    1.72534e+02   -3.12068e-01
   -7.66367e-01   -3.12036e-01    1.75036e+02

   Pressure (bar)
    4.94670e+01    1.02815e+00    1.10636e+00
    1.02777e+00    5.20929e+01    1.11510e+00
    1.10613e+00    1.11506e+00    4.96913e+01


	M E G A - F L O P S   A C C O U N T I N G

 NB=Group-cutoff nonbonded kernels    NxN=N-by-N cluster Verlet kernels
 RF=Reaction-Field  VdW=Van der Waals  QSTab=quadratic-spline table
 W3=SPC/TIP3p  W4=TIP4p (single or pairs)
 V&F=Potential and force  V=Potential only  F=Force only

 Computing:                               M-Number         M-Flops  % Flops
-----------------------------------------------------------------------------
 Pair Search distance check             180.248512        1622.237     0.9
 NxN RF Elec. + LJ [F]                 2468.202072       93791.679    51.2
 NxN RF Elec. + LJ [V&F]                 24.937528        1346.627     0.7
 NxN RF Electrostatics [F]             2416.852360       74922.423    40.9
 NxN RF Electrostatics [V&F]             24.434840         879.654     0.5
 Shift-X                                  3.000150          18.001     0.0
 Virial                                   0.975195          17.554     0.0
 Stop-CM                                  0.750300           7.503     0.0
 Calc-Ekin                               30.000300         810.008     0.4
 Constraint-V                            75.000300         675.003     0.4
 Constraint-Vir                           0.750150          18.004     0.0
 Settle                                  25.000150        9250.055     5.0
-----------------------------------------------------------------------------
 Total                                                  183358.747   100.0
-----------------------------------------------------------------------------


     R E A L   C Y C L E   A N D   T I M E   A C C O U N T I N G

On 1 MPI rank

 Computing:          Num   Num      Call    Wall time         Giga-Cycles
                     Ranks Threads  Count      (s)         total sum    %
-----------------------------------------------------------------------------
 Neighbor search        1    1      20001       2.679          6.431  13.0
 Force                  1    1     500001      12.100         29.040  58.5
 NB X/F buffer ops.     1    1     980001       1.251          3.001   6.0
 Write traj.            1    1        501       0.029          0.069   0.1
 Update                 1    1     500001       1.244          2.986   6.0
 Constraints            1    1     500003       1.866          4.479   9.0
 Rest                                           1.503          3.607   7.3
-----------------------------------------------------------------------------
 Total                                         20.672         49.613 100.0
-----------------------------------------------------------------------------

NOTE: 13 % of the run time was spent in pair search,
      you might want to increase nstlist (this has no effect on accuracy)

               Core t (s)   Wall t (s)        (%)
       Time:       20.672       20.672      100.0
                 (ns/day)    (hour/ns)
Performance:     4179.598        0.006
Finished mdrun on rank 0 Thu Jan 18 17:41:59 2024

