              :-) GROMACS - gmx mdrun, 2021.4-Ubuntu-2021.4-2 (-:

                            GROMACS is written by:
     Andrey Alekseenko              Emile Apol              Rossen Apostolov     
         Paul Bauer           Herman J.C. Berendsen           Par Bjelkmar       
       Christian Blau           Viacheslav Bolnykh             Kevin Boyd        
     Aldert van Buuren           Rudi van Drunen             Anton Feenstra      
    Gilles Gouaillardet             Alan Gray               Gerrit Groenhof      
       Anca Hamuraru            Vincent Hindriksen          M. Eric Irrgang      
      Aleksei Iupinov           Christoph Junghans             Joe Jordan        
    Dimitrios Karkoulis            Peter Kasson                Jiri Kraus        
      Carsten Kutzner              Per Larsson              Justin A. Lemkul     
       Viveca Lindahl            Magnus Lundborg             Erik Marklund       
        Pascal Merz             Pieter Meulenhoff            Teemu Murtola       
        Szilard Pall               Sander Pronk              Roland Schulz       
       Michael Shirts            Alexey Shvetsov             Alfons Sijbers      
       Peter Tieleman              Jon Vincent              Teemu Virolainen     
     Christian Wennberg            Maarten Wolf              Artem Zhmurov       
                           and the project leaders:
        Mark Abraham, Berk Hess, Erik Lindahl, and David van der Spoel

Copyright (c) 1991-2000, University of Groningen, The Netherlands.
Copyright (c) 2001-2019, The GROMACS development team at
Uppsala University, Stockholm University and
the Royal Institute of Technology, Sweden.
check out http://www.gromacs.org for more information.

GROMACS is free software; you can redistribute it and/or modify it
under the terms of the GNU Lesser General Public License
as published by the Free Software Foundation; either version 2.1
of the License, or (at your option) any later version.

GROMACS:      gmx mdrun, version 2021.4-Ubuntu-2021.4-2
Executable:   /usr/bin/gmx
Data prefix:  /usr
Working dir:  /home/labo_pj/labo_app/gmxapp/ren
Process ID:   31654
Command line:
  gmx mdrun -deffnm ./output/md -v

GROMACS version:    2021.4-Ubuntu-2021.4-2
Precision:          mixed
Memory model:       64 bit
MPI library:        thread_mpi
OpenMP support:     enabled (GMX_OPENMP_MAX_THREADS = 64)
GPU support:        disabled
SIMD instructions:  SSE4.1
FFT library:        fftw-3.3.8-sse2-avx
RDTSCP usage:       enabled
TNG support:        enabled
Hwloc support:      hwloc-2.5.0
Tracing support:    disabled
C compiler:         /usr/bin/cc GNU 11.2.0
C compiler flags:   -msse4.1 -Wno-missing-field-initializers -fexcess-precision=fast -funroll-all-loops -O3 -DNDEBUG
C++ compiler:       /usr/bin/c++ GNU 11.2.0
C++ compiler flags: -msse4.1 -Wno-missing-field-initializers -fexcess-precision=fast -funroll-all-loops -fopenmp -O3 -DNDEBUG


Running on 1 node with total 4 cores, 8 logical cores
Hardware detected:
  CPU info:
    Vendor: Intel
    Brand:  Intel(R) Core(TM) i7-4770 CPU @ 3.40GHz
    Family: 6   Model: 60   Stepping: 3
    Features: aes apic avx avx2 clfsh cmov cx8 cx16 f16c fma htt intel lahf mmx msr pcid pclmuldq pdpe1gb popcnt pse rdrnd rdtscp sse2 sse3 sse4.1 sse4.2 ssse3
  Hardware topology: Full, with devices
    Sockets, cores, and logical processors:
      Socket  0: [   0   1] [   2   3] [   4   5] [   6   7]
    Numa nodes:
      Node  0 (26857213952 bytes mem):   0   1   2   3   4   5   6   7
      Latency:
               0
         0  1.00
    Caches:
      L1: 32768 bytes, linesize 64 bytes, assoc. 8, shared 2 ways
      L2: 262144 bytes, linesize 64 bytes, assoc. 8, shared 2 ways
      L3: 8388608 bytes, linesize 64 bytes, assoc. 16, shared 8 ways
    PCI devices:
      0ed8:00:00.0  Id: 1414:008e  Class: 0x0302  Numa: 0

Highest SIMD level supported by all nodes in run: AVX2_256
SIMD instructions selected at compile time:       SSE4.1
This program was compiled for different hardware than you are running on,
which could influence performance.

++++ PLEASE READ AND CITE THE FOLLOWING REFERENCE ++++
M. J. Abraham, T. Murtola, R. Schulz, S. Páll, J. C. Smith, B. Hess, E.
Lindahl
GROMACS: High performance molecular simulations through multi-level
parallelism from laptops to supercomputers
SoftwareX 1 (2015) pp. 19-25
-------- -------- --- Thank You --- -------- --------


++++ PLEASE READ AND CITE THE FOLLOWING REFERENCE ++++
S. Páll, M. J. Abraham, C. Kutzner, B. Hess, E. Lindahl
Tackling Exascale Software Challenges in Molecular Dynamics Simulations with
GROMACS
In S. Markidis & E. Laure (Eds.), Solving Software Challenges for Exascale 8759 (2015) pp. 3-27
-------- -------- --- Thank You --- -------- --------


++++ PLEASE READ AND CITE THE FOLLOWING REFERENCE ++++
S. Pronk, S. Páll, R. Schulz, P. Larsson, P. Bjelkmar, R. Apostolov, M. R.
Shirts, J. C. Smith, P. M. Kasson, D. van der Spoel, B. Hess, and E. Lindahl
GROMACS 4.5: a high-throughput and highly parallel open source molecular
simulation toolkit
Bioinformatics 29 (2013) pp. 845-54
-------- -------- --- Thank You --- -------- --------


++++ PLEASE READ AND CITE THE FOLLOWING REFERENCE ++++
B. Hess and C. Kutzner and D. van der Spoel and E. Lindahl
GROMACS 4: Algorithms for highly efficient, load-balanced, and scalable
molecular simulation
J. Chem. Theory Comput. 4 (2008) pp. 435-447
-------- -------- --- Thank You --- -------- --------


++++ PLEASE READ AND CITE THE FOLLOWING REFERENCE ++++
D. van der Spoel, E. Lindahl, B. Hess, G. Groenhof, A. E. Mark and H. J. C.
Berendsen
GROMACS: Fast, Flexible and Free
J. Comp. Chem. 26 (2005) pp. 1701-1719
-------- -------- --- Thank You --- -------- --------


++++ PLEASE READ AND CITE THE FOLLOWING REFERENCE ++++
E. Lindahl and B. Hess and D. van der Spoel
GROMACS 3.0: A package for molecular simulation and trajectory analysis
J. Mol. Mod. 7 (2001) pp. 306-317
-------- -------- --- Thank You --- -------- --------


++++ PLEASE READ AND CITE THE FOLLOWING REFERENCE ++++
H. J. C. Berendsen, D. van der Spoel and R. van Drunen
GROMACS: A message-passing parallel molecular dynamics implementation
Comp. Phys. Comm. 91 (1995) pp. 43-56
-------- -------- --- Thank You --- -------- --------

Input Parameters:
   integrator                     = md
   tinit                          = 0
   dt                             = 0.002
   nsteps                         = 500000
   init-step                      = 0
   simulation-part                = 1
   mts                            = false
   comm-mode                      = Linear
   nstcomm                        = 100
   bd-fric                        = 0
   ld-seed                        = -1095766017
   emtol                          = 10
   emstep                         = 0.01
   niter                          = 20
   fcstep                         = 0
   nstcgsteep                     = 1000
   nbfgscorr                      = 10
   rtpi                           = 0.05
   nstxout                        = 0
   nstvout                        = 0
   nstfout                        = 0
   nstlog                         = 10000
   nstcalcenergy                  = 100
   nstenergy                      = 10000
   nstxout-compressed             = 1000
   compressed-x-precision         = 1000
   cutoff-scheme                  = Verlet
   nstlist                        = 10
   pbc                            = xyz
   periodic-molecules             = false
   verlet-buffer-tolerance        = 0.005
   rlist                          = 1.07
   coulombtype                    = Cut-off
   coulomb-modifier               = Potential-shift
   rcoulomb-switch                = 0
   rcoulomb                       = 1
   epsilon-r                      = 1
   epsilon-rf                     = inf
   vdw-type                       = Cut-off
   vdw-modifier                   = Potential-shift
   rvdw-switch                    = 0
   rvdw                           = 1
   DispCorr                       = EnerPres
   table-extension                = 1
   fourierspacing                 = 0.12
   fourier-nx                     = 0
   fourier-ny                     = 0
   fourier-nz                     = 0
   pme-order                      = 4
   ewald-rtol                     = 1e-05
   ewald-rtol-lj                  = 0.001
   lj-pme-comb-rule               = Geometric
   ewald-geometry                 = 0
   epsilon-surface                = 0
   tcoupl                         = Nose-Hoover
   nsttcouple                     = 10
   nh-chain-length                = 1
   print-nose-hoover-chain-variables = false
   pcoupl                         = No
   pcoupltype                     = Isotropic
   nstpcouple                     = -1
   tau-p                          = 1
   compressibility (3x3):
      compressibility[    0]={ 0.00000e+00,  0.00000e+00,  0.00000e+00}
      compressibility[    1]={ 0.00000e+00,  0.00000e+00,  0.00000e+00}
      compressibility[    2]={ 0.00000e+00,  0.00000e+00,  0.00000e+00}
   ref-p (3x3):
      ref-p[    0]={ 0.00000e+00,  0.00000e+00,  0.00000e+00}
      ref-p[    1]={ 0.00000e+00,  0.00000e+00,  0.00000e+00}
      ref-p[    2]={ 0.00000e+00,  0.00000e+00,  0.00000e+00}
   refcoord-scaling               = No
   posres-com (3):
      posres-com[0]= 0.00000e+00
      posres-com[1]= 0.00000e+00
      posres-com[2]= 0.00000e+00
   posres-comB (3):
      posres-comB[0]= 0.00000e+00
      posres-comB[1]= 0.00000e+00
      posres-comB[2]= 0.00000e+00
   QMMM                           = false
qm-opts:
   ngQM                           = 0
   constraint-algorithm           = Lincs
   continuation                   = false
   Shake-SOR                      = false
   shake-tol                      = 0.0001
   lincs-order                    = 4
   lincs-iter                     = 1
   lincs-warnangle                = 30
   nwall                          = 0
   wall-type                      = 9-3
   wall-r-linpot                  = -1
   wall-atomtype[0]               = -1
   wall-atomtype[1]               = -1
   wall-density[0]                = 0
   wall-density[1]                = 0
   wall-ewald-zfac                = 3
   pull                           = false
   awh                            = false
   rotation                       = false
   interactiveMD                  = false
   disre                          = No
   disre-weighting                = Conservative
   disre-mixed                    = false
   dr-fc                          = 1000
   dr-tau                         = 0
   nstdisreout                    = 100
   orire-fc                       = 0
   orire-tau                      = 0
   nstorireout                    = 100
   free-energy                    = no
   cos-acceleration               = 0
   deform (3x3):
      deform[    0]={ 0.00000e+00,  0.00000e+00,  0.00000e+00}
      deform[    1]={ 0.00000e+00,  0.00000e+00,  0.00000e+00}
      deform[    2]={ 0.00000e+00,  0.00000e+00,  0.00000e+00}
   simulated-tempering            = false
   swapcoords                     = no
   userint1                       = 0
   userint2                       = 0
   userint3                       = 0
   userint4                       = 0
   userreal1                      = 0
   userreal2                      = 0
   userreal3                      = 0
   userreal4                      = 0
   applied-forces:
     electric-field:
       x:
         E0                       = 0
         omega                    = 0
         t0                       = 0
         sigma                    = 0
       y:
         E0                       = 0
         omega                    = 0
         t0                       = 0
         sigma                    = 0
       z:
         E0                       = 0
         omega                    = 0
         t0                       = 0
         sigma                    = 0
     density-guided-simulation:
       active                     = false
       group                      = protein
       similarity-measure         = inner-product
       atom-spreading-weight      = unity
       force-constant             = 1e+09
       gaussian-transform-spreading-width = 0.2
       gaussian-transform-spreading-range-in-multiples-of-width = 4
       reference-density-filename = reference.mrc
       nst                        = 1
       normalize-densities        = true
       adaptive-force-scaling     = false
       adaptive-force-scaling-time-constant = 4
       shift-vector               = 
       transformation-matrix      = 
grpopts:
   nrdf:        6497
   ref-t:      298.15
   tau-t:         0.5
annealing:          No
annealing-npoints:           0
   acc:	           0           0           0
   nfreeze:           N           N           N
   energygrp-flags[  0]: 0

Changing nstlist from 10 to 25, rlist from 1.07 to 1.204

Using 1 MPI thread
Using 8 OpenMP threads 

Pinning threads with an auto-selected logical core stride of 1
System total charge: -0.000
Potential shift: LJ r^-12: -1.000e+00 r^-6: -1.000e+00, Coulomb -1e+00
Generated table with 1102 data points for 1-4 COUL.
Tabscale = 500 points/nm
Generated table with 1102 data points for 1-4 LJ6.
Tabscale = 500 points/nm
Generated table with 1102 data points for 1-4 LJ12.
Tabscale = 500 points/nm
Long Range LJ corr.: <C6> 7.3878e-04


Using SIMD 4x4 nonbonded short-range kernels

Using a dual 4x4 pair-list setup updated with dynamic pruning:
  outer list: updated every 25 steps, buffer 0.204 nm, rlist 1.204 nm
  inner list: updated every  4 steps, buffer 0.019 nm, rlist 1.019 nm
At tolerance 0.005 kJ/mol/ps per atom, equivalent classical 1x1 list would be:
  outer list: updated every 25 steps, buffer 0.265 nm, rlist 1.265 nm
  inner list: updated every  4 steps, buffer 0.027 nm, rlist 1.027 nm

Using Lorentz-Berthelot Lennard-Jones combination rule
Removing pbc first time

Initializing LINear Constraint Solver

++++ PLEASE READ AND CITE THE FOLLOWING REFERENCE ++++
B. Hess and H. Bekker and H. J. C. Berendsen and J. G. E. M. Fraaije
LINCS: A Linear Constraint Solver for molecular simulations
J. Comp. Chem. 18 (1997) pp. 1463-1472
-------- -------- --- Thank You --- -------- --------

The number of constraints is 1180

++++ PLEASE READ AND CITE THE FOLLOWING REFERENCE ++++
S. Miyamoto and P. A. Kollman
SETTLE: An Analytical Version of the SHAKE and RATTLE Algorithms for Rigid
Water Models
J. Comp. Chem. 13 (1992) pp. 952-962
-------- -------- --- Thank You --- -------- --------

There are: 2710 Atoms

Constraining the starting coordinates (step 0)

Constraining the coordinates at t0-dt (step 0)
Center of mass motion removal mode is Linear
We have the following groups for center of mass motion removal:
  0:  rest
RMS relative constraint deviation after constraining: 4.77e-07
Initial temperature: 7.67354e-08 K

Started mdrun on rank 0 Thu Jul 13 05:25:24 2023

           Step           Time
              0        0.00000

   Energies (kJ/mol)
           Bond          Angle    Proper Dih.          LJ-14     Coulomb-14
    3.97422e+01    3.83881e+02    9.99312e+02    3.51999e+02   -1.02886e+04
        LJ (SR)  Disper. corr.   Coulomb (SR)      Potential    Kinetic En.
   -2.19019e+03   -3.77783e+02    1.73348e+02   -1.09083e+04    1.37256e+01
   Total Energy  Conserved En.    Temperature Pres. DC (bar) Pressure (bar)
   -1.08946e+04   -1.08946e+04    5.08174e-01   -1.04831e+02    1.65666e+03
   Constr. rmsd
    6.21480e-07

           Step           Time
          10000       20.00000

   Energies (kJ/mol)
           Bond          Angle    Proper Dih.          LJ-14     Coulomb-14
    8.69982e+02    2.91721e+03    9.77086e+02    3.65253e+02   -1.09168e+04
        LJ (SR)  Disper. corr.   Coulomb (SR)      Potential    Kinetic En.
   -3.16252e+03   -3.77783e+02   -4.21972e+03   -1.35473e+04    8.10565e+03
   Total Energy  Conserved En.    Temperature Pres. DC (bar) Pressure (bar)
   -5.44166e+03   -7.47891e+03    3.00103e+02   -1.04831e+02   -3.99160e+02
   Constr. rmsd
    2.73774e-06

           Step           Time
          20000       40.00000

   Energies (kJ/mol)
           Bond          Angle    Proper Dih.          LJ-14     Coulomb-14
    1.00627e+03    3.19333e+03    9.24954e+02    3.87835e+02   -1.08613e+04
        LJ (SR)  Disper. corr.   Coulomb (SR)      Potential    Kinetic En.
   -3.45598e+03   -3.77783e+02   -5.40842e+03   -1.45911e+04    8.15223e+03
   Total Energy  Conserved En.    Temperature Pres. DC (bar) Pressure (bar)
   -6.43890e+03   -6.53811e+03    3.01828e+02   -1.04831e+02   -1.03562e+03
   Constr. rmsd
    3.02776e-06

           Step           Time
          30000       60.00000

   Energies (kJ/mol)
           Bond          Angle    Proper Dih.          LJ-14     Coulomb-14
    1.01043e+03    3.21221e+03    9.73890e+02    3.98526e+02   -1.08773e+04
        LJ (SR)  Disper. corr.   Coulomb (SR)      Potential    Kinetic En.
   -3.64663e+03   -3.77783e+02   -5.35201e+03   -1.46587e+04    8.16671e+03
   Total Energy  Conserved En.    Temperature Pres. DC (bar) Pressure (bar)
   -6.49197e+03   -5.66170e+03    3.02364e+02   -1.04831e+02   -3.65733e+02
   Constr. rmsd
    2.94178e-06

           Step           Time
          40000       80.00000

   Energies (kJ/mol)
           Bond          Angle    Proper Dih.          LJ-14     Coulomb-14
    9.67021e+02    3.11493e+03    9.37547e+02    4.11707e+02   -1.08588e+04
        LJ (SR)  Disper. corr.   Coulomb (SR)      Potential    Kinetic En.
   -3.71276e+03   -3.77783e+02   -5.55479e+03   -1.50729e+04    8.27016e+03
   Total Energy  Conserved En.    Temperature Pres. DC (bar) Pressure (bar)
   -6.80278e+03   -4.88881e+03    3.06194e+02   -1.04831e+02   -3.52622e+02
   Constr. rmsd
    3.42783e-06

           Step           Time
          50000      100.00000

   Energies (kJ/mol)
           Bond          Angle    Proper Dih.          LJ-14     Coulomb-14
    1.05564e+03    3.37500e+03    9.71804e+02    4.01724e+02   -1.08757e+04
        LJ (SR)  Disper. corr.   Coulomb (SR)      Potential    Kinetic En.
   -3.59430e+03   -3.77783e+02   -5.49303e+03   -1.45367e+04    8.21651e+03
   Total Energy  Conserved En.    Temperature Pres. DC (bar) Pressure (bar)
   -6.32017e+03   -3.97742e+03    3.04208e+02   -1.04831e+02   -7.30084e+02
   Constr. rmsd
    3.43834e-06

           Step           Time
          60000      120.00000

   Energies (kJ/mol)
           Bond          Angle    Proper Dih.          LJ-14     Coulomb-14
    1.11900e+03    3.08606e+03    9.77184e+02    4.19846e+02   -1.08914e+04
        LJ (SR)  Disper. corr.   Coulomb (SR)      Potential    Kinetic En.
   -3.70810e+03   -3.77783e+02   -5.60088e+03   -1.49760e+04    8.17554e+03
   Total Energy  Conserved En.    Temperature Pres. DC (bar) Pressure (bar)
   -6.80050e+03   -2.95699e+03    3.02691e+02   -1.04831e+02   -4.00852e+02
   Constr. rmsd
    2.89696e-06

           Step           Time
          70000      140.00000

   Energies (kJ/mol)
           Bond          Angle    Proper Dih.          LJ-14     Coulomb-14
    8.83271e+02    3.10846e+03    9.41513e+02    3.85893e+02   -1.08341e+04
        LJ (SR)  Disper. corr.   Coulomb (SR)      Potential    Kinetic En.
   -3.41888e+03   -3.77783e+02   -6.10306e+03   -1.54147e+04    8.04302e+03
   Total Energy  Conserved En.    Temperature Pres. DC (bar) Pressure (bar)
   -7.37164e+03   -2.09051e+03    2.97784e+02   -1.04831e+02   -6.45229e+02
   Constr. rmsd
    3.32749e-06

           Step           Time
          80000      160.00000

   Energies (kJ/mol)
           Bond          Angle    Proper Dih.          LJ-14     Coulomb-14
    1.00213e+03    3.19582e+03    9.32931e+02    3.76837e+02   -1.08901e+04
        LJ (SR)  Disper. corr.   Coulomb (SR)      Potential    Kinetic En.
   -3.47568e+03   -3.77783e+02   -6.34335e+03   -1.55792e+04    8.02610e+03
   Total Energy  Conserved En.    Temperature Pres. DC (bar) Pressure (bar)
   -7.55312e+03   -1.08169e+03    2.97158e+02   -1.04831e+02    2.66315e+02
   Constr. rmsd
    2.93289e-06

           Step           Time
          90000      180.00000

   Energies (kJ/mol)
           Bond          Angle    Proper Dih.          LJ-14     Coulomb-14
    9.81715e+02    3.23698e+03    9.34908e+02    3.68208e+02   -1.07840e+04
        LJ (SR)  Disper. corr.   Coulomb (SR)      Potential    Kinetic En.
   -3.91470e+03   -3.77783e+02   -6.00997e+03   -1.55646e+04    8.31130e+03
   Total Energy  Conserved En.    Temperature Pres. DC (bar) Pressure (bar)
   -7.25330e+03   -1.36866e+02    3.07717e+02   -1.04831e+02   -5.52121e+02
   Constr. rmsd
    3.30863e-06

           Step           Time
         100000      200.00000

   Energies (kJ/mol)
           Bond          Angle    Proper Dih.          LJ-14     Coulomb-14
    1.02428e+03    3.22646e+03    9.52469e+02    3.63427e+02   -1.09150e+04
        LJ (SR)  Disper. corr.   Coulomb (SR)      Potential    Kinetic En.
   -3.71650e+03   -3.77783e+02   -6.19870e+03   -1.56413e+04    8.21560e+03
   Total Energy  Conserved En.    Temperature Pres. DC (bar) Pressure (bar)
   -7.42575e+03    1.00250e+03    3.04174e+02   -1.04831e+02   -7.80460e+02
   Constr. rmsd
    2.84383e-06

           Step           Time
         110000      220.00000

   Energies (kJ/mol)
           Bond          Angle    Proper Dih.          LJ-14     Coulomb-14
    9.97917e+02    3.22930e+03    9.34766e+02    3.75571e+02   -1.08058e+04
        LJ (SR)  Disper. corr.   Coulomb (SR)      Potential    Kinetic En.
   -3.88304e+03   -3.77783e+02   -6.19704e+03   -1.57261e+04    7.99829e+03
   Total Energy  Conserved En.    Temperature Pres. DC (bar) Pressure (bar)
   -7.72781e+03    2.25657e+03    2.96128e+02   -1.04831e+02   -1.02442e+02
   Constr. rmsd
    2.70422e-06

           Step           Time
         120000      240.00000

   Energies (kJ/mol)
           Bond          Angle    Proper Dih.          LJ-14     Coulomb-14
    9.59485e+02    2.96854e+03    9.38289e+02    4.03070e+02   -1.08540e+04
        LJ (SR)  Disper. corr.   Coulomb (SR)      Potential    Kinetic En.
   -3.71646e+03   -3.77783e+02   -6.25860e+03   -1.59375e+04    7.85883e+03
   Total Energy  Conserved En.    Temperature Pres. DC (bar) Pressure (bar)
   -8.07868e+03    3.48556e+03    2.90965e+02   -1.04831e+02    3.79556e+01
   Constr. rmsd
    2.92801e-06

           Step           Time
         130000      260.00000

   Energies (kJ/mol)
           Bond          Angle    Proper Dih.          LJ-14     Coulomb-14
    9.02070e+02    3.21057e+03    9.21911e+02    3.75677e+02   -1.08520e+04
        LJ (SR)  Disper. corr.   Coulomb (SR)      Potential    Kinetic En.
   -3.65089e+03   -3.77783e+02   -6.35219e+03   -1.58226e+04    8.28197e+03
   Total Energy  Conserved En.    Temperature Pres. DC (bar) Pressure (bar)
   -7.54061e+03    4.77991e+03    3.06631e+02   -1.04831e+02   -1.69367e+02
   Constr. rmsd
    3.20984e-06

           Step           Time
         140000      280.00000

   Energies (kJ/mol)
           Bond          Angle    Proper Dih.          LJ-14     Coulomb-14
    9.22966e+02    3.20541e+03    9.73668e+02    3.73935e+02   -1.08092e+04
        LJ (SR)  Disper. corr.   Coulomb (SR)      Potential    Kinetic En.
   -3.58182e+03   -3.77783e+02   -6.56703e+03   -1.58599e+04    8.52041e+03
   Total Energy  Conserved En.    Temperature Pres. DC (bar) Pressure (bar)
   -7.33949e+03    5.97583e+03    3.15459e+02   -1.04831e+02   -2.66139e+02
   Constr. rmsd
    3.12812e-06

           Step           Time
         150000      300.00000

   Energies (kJ/mol)
           Bond          Angle    Proper Dih.          LJ-14     Coulomb-14
    1.06298e+03    3.19424e+03    9.45911e+02    4.10143e+02   -1.08649e+04
        LJ (SR)  Disper. corr.   Coulomb (SR)      Potential    Kinetic En.
   -3.65378e+03   -3.77783e+02   -5.95475e+03   -1.52380e+04    7.94762e+03
   Total Energy  Conserved En.    Temperature Pres. DC (bar) Pressure (bar)
   -7.29035e+03    7.20286e+03    2.94253e+02   -1.04831e+02    5.52461e+02
   Constr. rmsd
    2.91527e-06

           Step           Time
         160000      320.00000

   Energies (kJ/mol)
           Bond          Angle    Proper Dih.          LJ-14     Coulomb-14
    9.50210e+02    3.00060e+03    9.75872e+02    3.84705e+02   -1.08442e+04
        LJ (SR)  Disper. corr.   Coulomb (SR)      Potential    Kinetic En.
   -3.63905e+03   -3.77783e+02   -6.11029e+03   -1.56599e+04    8.16209e+03
   Total Energy  Conserved En.    Temperature Pres. DC (bar) Pressure (bar)
   -7.49783e+03    8.50250e+03    3.02193e+02   -1.04831e+02    3.87856e+02
   Constr. rmsd
    3.55056e-06

           Step           Time
         170000      340.00000

   Energies (kJ/mol)
           Bond          Angle    Proper Dih.          LJ-14     Coulomb-14
    1.01377e+03    3.13571e+03    9.72089e+02    4.04303e+02   -1.08731e+04
        LJ (SR)  Disper. corr.   Coulomb (SR)      Potential    Kinetic En.
   -3.59170e+03   -3.77783e+02   -6.37826e+03   -1.56950e+04    7.97535e+03
   Total Energy  Conserved En.    Temperature Pres. DC (bar) Pressure (bar)
   -7.71967e+03    9.77195e+03    2.95279e+02   -1.04831e+02    1.33732e+02
   Constr. rmsd
    2.96807e-06

           Step           Time
         180000      360.00000

   Energies (kJ/mol)
           Bond          Angle    Proper Dih.          LJ-14     Coulomb-14
    9.39079e+02    3.29766e+03    9.81615e+02    3.69812e+02   -1.09096e+04
        LJ (SR)  Disper. corr.   Coulomb (SR)      Potential    Kinetic En.
   -3.70805e+03   -3.77783e+02   -6.11148e+03   -1.55188e+04    8.06118e+03
   Total Energy  Conserved En.    Temperature Pres. DC (bar) Pressure (bar)
   -7.45761e+03    1.10762e+04    2.98457e+02   -1.04831e+02   -4.33676e+02
   Constr. rmsd
    3.00255e-06

           Step           Time
         190000      380.00000

   Energies (kJ/mol)
           Bond          Angle    Proper Dih.          LJ-14     Coulomb-14
    8.73376e+02    3.24536e+03    9.59434e+02    3.64734e+02   -1.08584e+04
        LJ (SR)  Disper. corr.   Coulomb (SR)      Potential    Kinetic En.
   -3.73987e+03   -3.77783e+02   -6.22409e+03   -1.57573e+04    8.14119e+03
   Total Energy  Conserved En.    Temperature Pres. DC (bar) Pressure (bar)
   -7.61607e+03    1.22925e+04    3.01419e+02   -1.04831e+02   -3.59605e+02
   Constr. rmsd
    3.10310e-06

           Step           Time
         200000      400.00000

   Energies (kJ/mol)
           Bond          Angle    Proper Dih.          LJ-14     Coulomb-14
    9.90060e+02    3.34064e+03    9.69255e+02    4.12707e+02   -1.08859e+04
        LJ (SR)  Disper. corr.   Coulomb (SR)      Potential    Kinetic En.
   -3.74405e+03   -3.77783e+02   -6.29917e+03   -1.55943e+04    8.09512e+03
   Total Energy  Conserved En.    Temperature Pres. DC (bar) Pressure (bar)
   -7.49915e+03    1.36609e+04    2.99714e+02   -1.04831e+02    1.06116e+02
   Constr. rmsd
    2.74811e-06

           Step           Time
         210000      420.00000

   Energies (kJ/mol)
           Bond          Angle    Proper Dih.          LJ-14     Coulomb-14
    8.29904e+02    3.17902e+03    9.45892e+02    3.66609e+02   -1.08433e+04
        LJ (SR)  Disper. corr.   Coulomb (SR)      Potential    Kinetic En.
   -3.86589e+03   -3.77783e+02   -6.20166e+03   -1.59672e+04    7.82886e+03
   Total Energy  Conserved En.    Temperature Pres. DC (bar) Pressure (bar)
   -8.13836e+03    1.49537e+04    2.89856e+02   -1.04831e+02   -5.83931e+02
   Constr. rmsd
    3.10915e-06

           Step           Time
         220000      440.00000

   Energies (kJ/mol)
           Bond          Angle    Proper Dih.          LJ-14     Coulomb-14
    9.31241e+02    3.17636e+03    9.45268e+02    3.90833e+02   -1.08900e+04
        LJ (SR)  Disper. corr.   Coulomb (SR)      Potential    Kinetic En.
   -3.76967e+03   -3.77783e+02   -6.27369e+03   -1.58675e+04    7.96472e+03
   Total Energy  Conserved En.    Temperature Pres. DC (bar) Pressure (bar)
   -7.90275e+03    1.62547e+04    2.94886e+02   -1.04831e+02    2.92749e+02
   Constr. rmsd
    3.01432e-06

           Step           Time
         230000      460.00000

   Energies (kJ/mol)
           Bond          Angle    Proper Dih.          LJ-14     Coulomb-14
    9.69067e+02    3.26958e+03    9.62507e+02    4.18087e+02   -1.08096e+04
        LJ (SR)  Disper. corr.   Coulomb (SR)      Potential    Kinetic En.
   -3.73351e+03   -3.77783e+02   -6.35119e+03   -1.56529e+04    8.28045e+03
   Total Energy  Conserved En.    Temperature Pres. DC (bar) Pressure (bar)
   -7.37243e+03    1.76892e+04    3.06575e+02   -1.04831e+02    6.02358e+00
   Constr. rmsd
    3.28981e-06



Received the INT signal, stopping within 25 steps

           Step           Time
         238675      477.35000

Writing checkpoint, step 238675 at Thu Jul 13 05:39:25 2023


   Energies (kJ/mol)
           Bond          Angle    Proper Dih.          LJ-14     Coulomb-14
    1.01735e+03    3.21155e+03    9.32163e+02    3.72920e+02   -1.09181e+04
        LJ (SR)  Disper. corr.   Coulomb (SR)      Potential    Kinetic En.
   -3.58320e+03   -3.77783e+02   -6.30980e+03   -1.56549e+04    8.39457e+03
   Total Energy  Conserved En.    Temperature Pres. DC (bar) Pressure (bar)
   -7.26029e+03    1.86612e+04    3.10800e+02   -1.04831e+02   -6.72460e+02
   Constr. rmsd
    4.29070e-06


Energy conservation over simulation part #1 of length 477.35 ns, time 0 to 477.35 ns
  Conserved energy drift: 2.28e-02 kJ/mol/ps per atom


	<======  ###############  ==>
	<====  A V E R A G E S  ====>
	<==  ###############  ======>

	Statistics over 238676 steps using 2387 frames

   Energies (kJ/mol)
           Bond          Angle    Proper Dih.          LJ-14     Coulomb-14
    9.61926e+02    3.13213e+03    9.55360e+02    3.88538e+02   -1.08635e+04
        LJ (SR)  Disper. corr.   Coulomb (SR)      Potential    Kinetic En.
   -3.63658e+03   -3.77783e+02   -5.89702e+03   -1.53369e+04    8.05574e+03
   Total Energy  Conserved En.    Temperature Pres. DC (bar) Pressure (bar)
   -7.28120e+03    4.05151e+03    2.98255e+02   -1.04831e+02   -1.76898e+02
   Constr. rmsd
    0.00000e+00

   Total Virial (kJ/mol)
    3.06491e+03    4.26226e+01   -7.67212e+00
    4.26220e+01    3.01705e+03   -5.39512e+00
   -7.66353e+00   -5.39243e+00    2.93255e+03

   Pressure (bar)
   -2.08617e+02   -2.32809e+01    3.50567e+00
   -2.32805e+01   -1.85482e+02    1.75574e+00
    3.50092e+00    1.75425e+00   -1.36594e+02


	M E G A - F L O P S   A C C O U N T I N G

 NB=Group-cutoff nonbonded kernels    NxN=N-by-N cluster Verlet kernels
 RF=Reaction-Field  VdW=Van der Waals  QSTab=quadratic-spline table
 W3=SPC/TIP3p  W4=TIP4p (single or pairs)
 V&F=Potential and force  V=Potential only  F=Force only

 Computing:                               M-Number         M-Flops  % Flops
-----------------------------------------------------------------------------
 Pair Search distance check            6192.417838       55731.761     0.6
 NxN RF Elec. + LJ [F]               227272.158312     8636342.016    86.2
 NxN RF Elec. + LJ [V&F]               2296.934296      124034.452     1.2
 NxN RF Electrostatics [F]            30204.274264      936332.502     9.3
 NxN RF Electrostatics [V&F]            304.611800       10966.025     0.1
 1,4 nonbonded interactions             536.066296       48245.967     0.5
 Shift-X                                 25.875080         155.250     0.0
 Bonds                                  188.792716       11138.770     0.1
 Angles                                 676.885136      113716.703     1.1
 Propers                                142.012220       32520.798     0.3
 Virial                                   6.578940         118.421     0.0
 Stop-CM                                  6.471480          64.715     0.0
 Calc-Ekin                              258.729120        6985.686     0.1
 Lincs                                  281.640040       16898.402     0.2
 Lincs-Mat                             2586.314808       10345.259     0.1
 Constraint-V                           670.682370        6036.141     0.1
 Constraint-Vir                           3.892440          93.419     0.0
 Settle                                  35.801700       13246.629     0.1
-----------------------------------------------------------------------------
 Total                                                10022972.916   100.0
-----------------------------------------------------------------------------


     R E A L   C Y C L E   A N D   T I M E   A C C O U N T I N G

On 1 MPI rank, each using 8 OpenMP threads

 Computing:          Num   Num      Call    Wall time         Giga-Cycles
                     Ranks Threads  Count      (s)         total sum    %
-----------------------------------------------------------------------------
 Neighbor search        1    8       9548      27.926        757.842   3.3
 Force                  1    8     238676     407.904      11069.372  48.5
 NB X/F buffer ops.     1    8     467804     201.426       5466.147  24.0
 Write traj.            1    8        240       1.143         31.031   0.1
 Update                 1    8     238676      81.746       2218.352   9.7
 Constraints            1    8     238678      90.062       2444.023  10.7
 Rest                                          30.274        821.559   3.6
-----------------------------------------------------------------------------
 Total                                        840.482      22808.327 100.0
-----------------------------------------------------------------------------

               Core t (s)   Wall t (s)        (%)
       Time:     6723.854      840.482      800.0
                 (ns/day)    (hour/ns)
Performance:       49.071        0.489
Finished mdrun on rank 0 Thu Jul 13 05:39:25 2023

