              :-) GROMACS - gmx mdrun, 2021.4-Ubuntu-2021.4-2 (-:

                            GROMACS is written by:
     Andrey Alekseenko              Emile Apol              Rossen Apostolov     
         Paul Bauer           Herman J.C. Berendsen           Par Bjelkmar       
       Christian Blau           Viacheslav Bolnykh             Kevin Boyd        
     Aldert van Buuren           Rudi van Drunen             Anton Feenstra      
    Gilles Gouaillardet             Alan Gray               Gerrit Groenhof      
       Anca Hamuraru            Vincent Hindriksen          M. Eric Irrgang      
      Aleksei Iupinov           Christoph Junghans             Joe Jordan        
    Dimitrios Karkoulis            Peter Kasson                Jiri Kraus        
      Carsten Kutzner              Per Larsson              Justin A. Lemkul     
       Viveca Lindahl            Magnus Lundborg             Erik Marklund       
        Pascal Merz             Pieter Meulenhoff            Teemu Murtola       
        Szilard Pall               Sander Pronk              Roland Schulz       
       Michael Shirts            Alexey Shvetsov             Alfons Sijbers      
       Peter Tieleman              Jon Vincent              Teemu Virolainen     
     Christian Wennberg            Maarten Wolf              Artem Zhmurov       
                           and the project leaders:
        Mark Abraham, Berk Hess, Erik Lindahl, and David van der Spoel

Copyright (c) 1991-2000, University of Groningen, The Netherlands.
Copyright (c) 2001-2019, The GROMACS development team at
Uppsala University, Stockholm University and
the Royal Institute of Technology, Sweden.
check out http://www.gromacs.org for more information.

GROMACS is free software; you can redistribute it and/or modify it
under the terms of the GNU Lesser General Public License
as published by the Free Software Foundation; either version 2.1
of the License, or (at your option) any later version.

GROMACS:      gmx mdrun, version 2021.4-Ubuntu-2021.4-2
Executable:   /usr/bin/gmx
Data prefix:  /usr
Working dir:  /home/labo_pj/labo_app/gmxapp/user_id/6
Process ID:   24010
Command line:
  gmx mdrun -s ./output/md.tpr -deffnm ./output/md -v

GROMACS version:    2021.4-Ubuntu-2021.4-2
Precision:          mixed
Memory model:       64 bit
MPI library:        thread_mpi
OpenMP support:     enabled (GMX_OPENMP_MAX_THREADS = 64)
GPU support:        disabled
SIMD instructions:  SSE4.1
FFT library:        fftw-3.3.8-sse2-avx
RDTSCP usage:       enabled
TNG support:        enabled
Hwloc support:      hwloc-2.5.0
Tracing support:    disabled
C compiler:         /usr/bin/cc GNU 11.2.0
C compiler flags:   -msse4.1 -Wno-missing-field-initializers -fexcess-precision=fast -funroll-all-loops -O3 -DNDEBUG
C++ compiler:       /usr/bin/c++ GNU 11.2.0
C++ compiler flags: -msse4.1 -Wno-missing-field-initializers -fexcess-precision=fast -funroll-all-loops -fopenmp -O3 -DNDEBUG


Running on 1 node with total 6 cores, 12 logical cores
Hardware detected:
  CPU info:
    Vendor: Intel
    Brand:  12th Gen Intel(R) Core(TM) i5-1235U
    Family: 6   Model: 154   Stepping: 4
    Features: aes apic avx avx2 clfsh cmov cx8 cx16 f16c fma htt intel lahf mmx msr nonstop_tsc pcid pclmuldq pdpe1gb popcnt pse rdrnd rdtscp sha sse2 sse3 sse4.1 sse4.2 ssse3 tdt x2apic
  Hardware topology: Full, with devices
    Sockets, cores, and logical processors:
      Socket  0: [   0   1] [   2   3] [   4   5] [   6   7] [   8   9] [  10  11]
    Numa nodes:
      Node  0 (4120567808 bytes mem):   0   1   2   3   4   5   6   7   8   9  10  11
      Latency:
               0
         0  1.00
    Caches:
      L1: 49152 bytes, linesize 64 bytes, assoc. 12, shared 2 ways
      L2: 1310720 bytes, linesize 64 bytes, assoc. 10, shared 2 ways
      L3: 12582912 bytes, linesize 64 bytes, assoc. 12, shared 12 ways
    PCI devices:
      6721:00:00.0  Id: 1af4:1049  Class: 0x0100  Numa: 0
      7501:00:00.0  Id: 1af4:1049  Class: 0x0100  Numa: 0
      b174:00:00.0  Id: 1414:008e  Class: 0x0302  Numa: 0
      b330:00:00.0  Id: 1af4:1049  Class: 0x0100  Numa: 0
      c7cd:00:00.0  Id: 1af4:1049  Class: 0x0100  Numa: 0
      e444:00:00.0  Id: 1af4:1043  Class: 0x0100  Numa: 0
      e7bc:00:00.0  Id: 1af4:1049  Class: 0x0100  Numa: 0

Highest SIMD level supported by all nodes in run: AVX2_256
SIMD instructions selected at compile time:       SSE4.1
This program was compiled for different hardware than you are running on,
which could influence performance.

++++ PLEASE READ AND CITE THE FOLLOWING REFERENCE ++++
M. J. Abraham, T. Murtola, R. Schulz, S. Páll, J. C. Smith, B. Hess, E.
Lindahl
GROMACS: High performance molecular simulations through multi-level
parallelism from laptops to supercomputers
SoftwareX 1 (2015) pp. 19-25
-------- -------- --- Thank You --- -------- --------


++++ PLEASE READ AND CITE THE FOLLOWING REFERENCE ++++
S. Páll, M. J. Abraham, C. Kutzner, B. Hess, E. Lindahl
Tackling Exascale Software Challenges in Molecular Dynamics Simulations with
GROMACS
In S. Markidis & E. Laure (Eds.), Solving Software Challenges for Exascale 8759 (2015) pp. 3-27
-------- -------- --- Thank You --- -------- --------


++++ PLEASE READ AND CITE THE FOLLOWING REFERENCE ++++
S. Pronk, S. Páll, R. Schulz, P. Larsson, P. Bjelkmar, R. Apostolov, M. R.
Shirts, J. C. Smith, P. M. Kasson, D. van der Spoel, B. Hess, and E. Lindahl
GROMACS 4.5: a high-throughput and highly parallel open source molecular
simulation toolkit
Bioinformatics 29 (2013) pp. 845-54
-------- -------- --- Thank You --- -------- --------


++++ PLEASE READ AND CITE THE FOLLOWING REFERENCE ++++
B. Hess and C. Kutzner and D. van der Spoel and E. Lindahl
GROMACS 4: Algorithms for highly efficient, load-balanced, and scalable
molecular simulation
J. Chem. Theory Comput. 4 (2008) pp. 435-447
-------- -------- --- Thank You --- -------- --------


++++ PLEASE READ AND CITE THE FOLLOWING REFERENCE ++++
D. van der Spoel, E. Lindahl, B. Hess, G. Groenhof, A. E. Mark and H. J. C.
Berendsen
GROMACS: Fast, Flexible and Free
J. Comp. Chem. 26 (2005) pp. 1701-1719
-------- -------- --- Thank You --- -------- --------


++++ PLEASE READ AND CITE THE FOLLOWING REFERENCE ++++
E. Lindahl and B. Hess and D. van der Spoel
GROMACS 3.0: A package for molecular simulation and trajectory analysis
J. Mol. Mod. 7 (2001) pp. 306-317
-------- -------- --- Thank You --- -------- --------


++++ PLEASE READ AND CITE THE FOLLOWING REFERENCE ++++
H. J. C. Berendsen, D. van der Spoel and R. van Drunen
GROMACS: A message-passing parallel molecular dynamics implementation
Comp. Phys. Comm. 91 (1995) pp. 43-56
-------- -------- --- Thank You --- -------- --------

Input Parameters:
   integrator                     = md
   tinit                          = 0
   dt                             = 0.001
   nsteps                         = 500000
   init-step                      = 0
   simulation-part                = 1
   mts                            = false
   comm-mode                      = Linear
   nstcomm                        = 100
   bd-fric                        = 0
   ld-seed                        = -335581335
   emtol                          = 10
   emstep                         = 0.01
   niter                          = 20
   fcstep                         = 0
   nstcgsteep                     = 1000
   nbfgscorr                      = 10
   rtpi                           = 0.05
   nstxout                        = 0
   nstvout                        = 0
   nstfout                        = 0
   nstlog                         = 10000
   nstcalcenergy                  = 100
   nstenergy                      = 10000
   nstxout-compressed             = 1000
   compressed-x-precision         = 1000
   cutoff-scheme                  = Verlet
   nstlist                        = 10
   pbc                            = xyz
   periodic-molecules             = false
   verlet-buffer-tolerance        = 0.005
   rlist                          = 1.03
   coulombtype                    = Cut-off
   coulomb-modifier               = Potential-shift
   rcoulomb-switch                = 0
   rcoulomb                       = 1
   epsilon-r                      = 1
   epsilon-rf                     = inf
   vdw-type                       = Cut-off
   vdw-modifier                   = Potential-shift
   rvdw-switch                    = 0
   rvdw                           = 1
   DispCorr                       = EnerPres
   table-extension                = 1
   fourierspacing                 = 0.12
   fourier-nx                     = 0
   fourier-ny                     = 0
   fourier-nz                     = 0
   pme-order                      = 4
   ewald-rtol                     = 1e-05
   ewald-rtol-lj                  = 0.001
   lj-pme-comb-rule               = Geometric
   ewald-geometry                 = 0
   epsilon-surface                = 0
   tcoupl                         = Nose-Hoover
   nsttcouple                     = 10
   nh-chain-length                = 1
   print-nose-hoover-chain-variables = false
   pcoupl                         = No
   pcoupltype                     = Isotropic
   nstpcouple                     = -1
   tau-p                          = 1
   compressibility (3x3):
      compressibility[    0]={ 0.00000e+00,  0.00000e+00,  0.00000e+00}
      compressibility[    1]={ 0.00000e+00,  0.00000e+00,  0.00000e+00}
      compressibility[    2]={ 0.00000e+00,  0.00000e+00,  0.00000e+00}
   ref-p (3x3):
      ref-p[    0]={ 0.00000e+00,  0.00000e+00,  0.00000e+00}
      ref-p[    1]={ 0.00000e+00,  0.00000e+00,  0.00000e+00}
      ref-p[    2]={ 0.00000e+00,  0.00000e+00,  0.00000e+00}
   refcoord-scaling               = No
   posres-com (3):
      posres-com[0]= 0.00000e+00
      posres-com[1]= 0.00000e+00
      posres-com[2]= 0.00000e+00
   posres-comB (3):
      posres-comB[0]= 0.00000e+00
      posres-comB[1]= 0.00000e+00
      posres-comB[2]= 0.00000e+00
   QMMM                           = false
qm-opts:
   ngQM                           = 0
   constraint-algorithm           = Lincs
   continuation                   = false
   Shake-SOR                      = false
   shake-tol                      = 0.0001
   lincs-order                    = 4
   lincs-iter                     = 1
   lincs-warnangle                = 30
   nwall                          = 0
   wall-type                      = 9-3
   wall-r-linpot                  = -1
   wall-atomtype[0]               = -1
   wall-atomtype[1]               = -1
   wall-density[0]                = 0
   wall-density[1]                = 0
   wall-ewald-zfac                = 3
   pull                           = false
   awh                            = false
   rotation                       = false
   interactiveMD                  = false
   disre                          = No
   disre-weighting                = Conservative
   disre-mixed                    = false
   dr-fc                          = 1000
   dr-tau                         = 0
   nstdisreout                    = 100
   orire-fc                       = 0
   orire-tau                      = 0
   nstorireout                    = 100
   free-energy                    = no
   cos-acceleration               = 0
   deform (3x3):
      deform[    0]={ 0.00000e+00,  0.00000e+00,  0.00000e+00}
      deform[    1]={ 0.00000e+00,  0.00000e+00,  0.00000e+00}
      deform[    2]={ 0.00000e+00,  0.00000e+00,  0.00000e+00}
   simulated-tempering            = false
   swapcoords                     = no
   userint1                       = 0
   userint2                       = 0
   userint3                       = 0
   userint4                       = 0
   userreal1                      = 0
   userreal2                      = 0
   userreal3                      = 0
   userreal4                      = 0
   applied-forces:
     electric-field:
       x:
         E0                       = 0
         omega                    = 0
         t0                       = 0
         sigma                    = 0
       y:
         E0                       = 0
         omega                    = 0
         t0                       = 0
         sigma                    = 0
       z:
         E0                       = 0
         omega                    = 0
         t0                       = 0
         sigma                    = 0
     density-guided-simulation:
       active                     = false
       group                      = protein
       similarity-measure         = inner-product
       atom-spreading-weight      = unity
       force-constant             = 1e+09
       gaussian-transform-spreading-width = 0.2
       gaussian-transform-spreading-range-in-multiples-of-width = 4
       reference-density-filename = reference.mrc
       nst                        = 1
       normalize-densities        = true
       adaptive-force-scaling     = false
       adaptive-force-scaling-time-constant = 4
       shift-vector               = 
       transformation-matrix      = 
grpopts:
   nrdf:        1497
   ref-t:      298.15
   tau-t:         0.5
annealing:          No
annealing-npoints:           0
   acc:	           0           0           0
   nfreeze:           N           N           N
   energygrp-flags[  0]: 0

Changing nstlist from 10 to 40, rlist from 1.03 to 1.162

Using 1 MPI thread
Using 12 OpenMP threads 

Pinning threads with an auto-selected logical core stride of 1
System total charge: 0.000
Potential shift: LJ r^-12: -1.000e+00 r^-6: -1.000e+00, Coulomb -1e+00
Long Range LJ corr.: <C6> 2.5685e-04


Using SIMD 4x4 nonbonded short-range kernels

Using a dual 4x4 pair-list setup updated with dynamic pruning:
  outer list: updated every 40 steps, buffer 0.162 nm, rlist 1.162 nm
  inner list: updated every  4 steps, buffer 0.008 nm, rlist 1.008 nm
At tolerance 0.005 kJ/mol/ps per atom, equivalent classical 1x1 list would be:
  outer list: updated every 40 steps, buffer 0.206 nm, rlist 1.206 nm
  inner list: updated every  4 steps, buffer 0.011 nm, rlist 1.011 nm

Using Lorentz-Berthelot Lennard-Jones combination rule
Removing pbc first time

Initializing LINear Constraint Solver

++++ PLEASE READ AND CITE THE FOLLOWING REFERENCE ++++
B. Hess and H. Bekker and H. J. C. Berendsen and J. G. E. M. Fraaije
LINCS: A Linear Constraint Solver for molecular simulations
J. Comp. Chem. 18 (1997) pp. 1463-1472
-------- -------- --- Thank You --- -------- --------

The number of constraints is 300

++++ PLEASE READ AND CITE THE FOLLOWING REFERENCE ++++
S. Miyamoto and P. A. Kollman
SETTLE: An Analytical Version of the SHAKE and RATTLE Algorithms for Rigid
Water Models
J. Comp. Chem. 13 (1992) pp. 952-962
-------- -------- --- Thank You --- -------- --------

There are: 700 Atoms

Constraining the starting coordinates (step 0)

Constraining the coordinates at t0-dt (step 0)
Center of mass motion removal mode is Linear
We have the following groups for center of mass motion removal:
  0:  rest
RMS relative constraint deviation after constraining: 6.36e-07
Initial temperature: 7.64843e-07 K

Started mdrun on rank 0 Thu Oct 12 03:14:41 2023

           Step           Time
              0        0.00000

   Energies (kJ/mol)
          Angle        LJ (SR)  Disper. corr.   Coulomb (SR)      Potential
    1.29111e+01    3.78364e+01   -4.12767e+00    1.26925e+01    5.93123e+01
    Kinetic En.   Total Energy  Conserved En.    Temperature Pres. DC (bar)
    6.31781e-01    5.99441e+01    5.99441e+01    1.01517e-01   -5.60275e-01
 Pressure (bar)   Constr. rmsd
    5.76174e+01    8.35181e-07

           Step           Time
          10000       10.00000

   Energies (kJ/mol)
          Angle        LJ (SR)  Disper. corr.   Coulomb (SR)      Potential
    1.62867e+01    1.35639e+02   -4.12767e+00   -1.18635e+03   -1.03856e+03
    Kinetic En.   Total Energy  Conserved En.    Temperature Pres. DC (bar)
    1.94566e+03    9.07100e+02    2.92716e+02    3.12637e+02   -5.60275e-01
 Pressure (bar)   Constr. rmsd
    6.59470e+01    1.61215e-06

           Step           Time
          20000       20.00000

   Energies (kJ/mol)
          Angle        LJ (SR)  Disper. corr.   Coulomb (SR)      Potential
    3.00379e+01    2.08716e+02   -4.12767e+00   -1.55369e+03   -1.31906e+03
    Kinetic En.   Total Energy  Conserved En.    Temperature Pres. DC (bar)
    1.87936e+03    5.60296e+02    3.09183e+02    3.01984e+02   -5.60275e-01
 Pressure (bar)   Constr. rmsd
    7.15741e+01    1.53979e-06

           Step           Time
          30000       30.00000

   Energies (kJ/mol)
          Angle        LJ (SR)  Disper. corr.   Coulomb (SR)      Potential
    3.18072e+01    3.20156e+02   -4.12767e+00   -2.06580e+03   -1.71796e+03
    Kinetic En.   Total Energy  Conserved En.    Temperature Pres. DC (bar)
    1.66081e+03   -5.71488e+01    3.42839e+02    2.66867e+02   -5.60275e-01
 Pressure (bar)   Constr. rmsd
    3.59184e+01    1.57963e-06

           Step           Time
          40000       40.00000

   Energies (kJ/mol)
          Angle        LJ (SR)  Disper. corr.   Coulomb (SR)      Potential
    5.52048e+01    2.33437e+02   -4.12767e+00   -2.06341e+03   -1.77889e+03
    Kinetic En.   Total Energy  Conserved En.    Temperature Pres. DC (bar)
    1.89956e+03    1.20665e+02    4.15665e+02    3.05230e+02   -5.60275e-01
 Pressure (bar)   Constr. rmsd
    6.65155e+00    1.70808e-06

           Step           Time
          50000       50.00000

   Energies (kJ/mol)
          Angle        LJ (SR)  Disper. corr.   Coulomb (SR)      Potential
    5.81766e+01    2.56501e+02   -4.12767e+00   -2.18541e+03   -1.87486e+03
    Kinetic En.   Total Energy  Conserved En.    Temperature Pres. DC (bar)
    2.01515e+03    1.40289e+02    4.81832e+02    3.23804e+02   -5.60275e-01
 Pressure (bar)   Constr. rmsd
    7.44069e+01    1.74519e-06

           Step           Time
          60000       60.00000

   Energies (kJ/mol)
          Angle        LJ (SR)  Disper. corr.   Coulomb (SR)      Potential
    6.92049e+01    2.40512e+02   -4.12767e+00   -2.32809e+03   -2.02250e+03
    Kinetic En.   Total Energy  Conserved En.    Temperature Pres. DC (bar)
    1.90288e+03   -1.19617e+02    5.38298e+02    3.05764e+02   -5.60275e-01
 Pressure (bar)   Constr. rmsd
    3.28179e+01    1.45486e-06

           Step           Time
          70000       70.00000

   Energies (kJ/mol)
          Angle        LJ (SR)  Disper. corr.   Coulomb (SR)      Potential
    7.86110e+01    3.21760e+02   -4.12767e+00   -2.51507e+03   -2.11883e+03
    Kinetic En.   Total Energy  Conserved En.    Temperature Pres. DC (bar)
    1.79792e+03   -3.20909e+02    6.02175e+02    2.88898e+02   -5.60275e-01
 Pressure (bar)   Constr. rmsd
    4.88146e+01    1.57968e-06

           Step           Time
          80000       80.00000

   Energies (kJ/mol)
          Angle        LJ (SR)  Disper. corr.   Coulomb (SR)      Potential
    7.17412e+01    3.86190e+02   -4.12767e+00   -2.82247e+03   -2.36866e+03
    Kinetic En.   Total Energy  Conserved En.    Temperature Pres. DC (bar)
    1.80811e+03   -5.60555e+02    6.59156e+02    2.90535e+02   -5.60275e-01
 Pressure (bar)   Constr. rmsd
    1.74399e+01    1.38159e-06

           Step           Time
          90000       90.00000

   Energies (kJ/mol)
          Angle        LJ (SR)  Disper. corr.   Coulomb (SR)      Potential
    9.36006e+01    3.33914e+02   -4.12767e+00   -2.76279e+03   -2.33941e+03
    Kinetic En.   Total Energy  Conserved En.    Temperature Pres. DC (bar)
    1.83631e+03   -5.03095e+02    7.49078e+02    2.95067e+02   -5.60275e-01
 Pressure (bar)   Constr. rmsd
    1.09785e+01    1.37857e-06

           Step           Time
         100000      100.00000

   Energies (kJ/mol)
          Angle        LJ (SR)  Disper. corr.   Coulomb (SR)      Potential
    8.26319e+01    3.43996e+02   -4.12767e+00   -2.91910e+03   -2.49660e+03
    Kinetic En.   Total Energy  Conserved En.    Temperature Pres. DC (bar)
    1.88565e+03   -6.10947e+02    7.95018e+02    3.02995e+02   -5.60275e-01
 Pressure (bar)   Constr. rmsd
    3.47653e+01    1.63757e-06

           Step           Time
         110000      110.00000

   Energies (kJ/mol)
          Angle        LJ (SR)  Disper. corr.   Coulomb (SR)      Potential
    8.10843e+01    3.24174e+02   -4.12767e+00   -2.99949e+03   -2.59835e+03
    Kinetic En.   Total Energy  Conserved En.    Temperature Pres. DC (bar)
    1.80164e+03   -7.96716e+02    9.01927e+02    2.89495e+02   -5.60275e-01
 Pressure (bar)   Constr. rmsd
    4.98707e+01    1.51948e-06

           Step           Time
         120000      120.00000

   Energies (kJ/mol)
          Angle        LJ (SR)  Disper. corr.   Coulomb (SR)      Potential
    1.00310e+02    4.58692e+02   -4.12767e+00   -3.19926e+03   -2.64438e+03
    Kinetic En.   Total Energy  Conserved En.    Temperature Pres. DC (bar)
    1.94233e+03   -7.02051e+02    9.83805e+02    3.12102e+02   -5.60275e-01
 Pressure (bar)   Constr. rmsd
    2.27573e+00    1.33389e-06

           Step           Time
         130000      130.00000

   Energies (kJ/mol)
          Angle        LJ (SR)  Disper. corr.   Coulomb (SR)      Potential
    1.04467e+02    3.60711e+02   -4.12767e+00   -3.11348e+03   -2.65243e+03
    Kinetic En.   Total Energy  Conserved En.    Temperature Pres. DC (bar)
    1.82788e+03   -8.24545e+02    1.02610e+03    2.93713e+02   -5.60275e-01
 Pressure (bar)   Constr. rmsd
    1.17281e+01    1.38176e-06

           Step           Time
         140000      140.00000

   Energies (kJ/mol)
          Angle        LJ (SR)  Disper. corr.   Coulomb (SR)      Potential
    1.12315e+02    3.62445e+02   -4.12767e+00   -2.97830e+03   -2.50767e+03
    Kinetic En.   Total Energy  Conserved En.    Temperature Pres. DC (bar)
    1.83262e+03   -6.75049e+02    1.10699e+03    2.94473e+02   -5.60275e-01
 Pressure (bar)   Constr. rmsd
   -2.24681e+01    1.44894e-06

           Step           Time
         150000      150.00000

   Energies (kJ/mol)
          Angle        LJ (SR)  Disper. corr.   Coulomb (SR)      Potential
    1.22882e+02    4.56738e+02   -4.12767e+00   -3.23452e+03   -2.65903e+03
    Kinetic En.   Total Energy  Conserved En.    Temperature Pres. DC (bar)
    1.88744e+03   -7.71591e+02    1.17552e+03    3.03282e+02   -5.60275e-01
 Pressure (bar)   Constr. rmsd
    8.36944e+01    1.53217e-06

           Step           Time
         160000      160.00000

   Energies (kJ/mol)
          Angle        LJ (SR)  Disper. corr.   Coulomb (SR)      Potential
    1.10995e+02    4.15416e+02   -4.12767e+00   -3.25648e+03   -2.73420e+03
    Kinetic En.   Total Energy  Conserved En.    Temperature Pres. DC (bar)
    1.99639e+03   -7.37815e+02    1.22285e+03    3.20788e+02   -5.60275e-01
 Pressure (bar)   Constr. rmsd
    9.39386e+01    1.59805e-06

           Step           Time
         170000      170.00000

   Energies (kJ/mol)
          Angle        LJ (SR)  Disper. corr.   Coulomb (SR)      Potential
    1.27745e+02    4.51144e+02   -4.12767e+00   -3.31523e+03   -2.74047e+03
    Kinetic En.   Total Energy  Conserved En.    Temperature Pres. DC (bar)
    1.85415e+03   -8.86319e+02    1.29368e+03    2.97933e+02   -5.60275e-01
 Pressure (bar)   Constr. rmsd
    1.84877e+01    1.47402e-06

           Step           Time
         180000      180.00000

   Energies (kJ/mol)
          Angle        LJ (SR)  Disper. corr.   Coulomb (SR)      Potential
    1.31612e+02    4.57872e+02   -4.12767e+00   -3.28200e+03   -2.69664e+03
    Kinetic En.   Total Energy  Conserved En.    Temperature Pres. DC (bar)
    1.71015e+03   -9.86496e+02    1.36688e+03    2.74794e+02   -5.60275e-01
 Pressure (bar)   Constr. rmsd
    3.87785e+00    1.53847e-06

           Step           Time
         190000      190.00000

   Energies (kJ/mol)
          Angle        LJ (SR)  Disper. corr.   Coulomb (SR)      Potential
    1.41644e+02    3.89061e+02   -4.12767e+00   -3.29685e+03   -2.77027e+03
    Kinetic En.   Total Energy  Conserved En.    Temperature Pres. DC (bar)
    1.73371e+03   -1.03656e+03    1.44578e+03    2.78580e+02   -5.60275e-01
 Pressure (bar)   Constr. rmsd
   -2.83242e+01    1.44209e-06

           Step           Time
         200000      200.00000

   Energies (kJ/mol)
          Angle        LJ (SR)  Disper. corr.   Coulomb (SR)      Potential
    1.43128e+02    4.15787e+02   -4.12767e+00   -3.31567e+03   -2.76088e+03
    Kinetic En.   Total Energy  Conserved En.    Temperature Pres. DC (bar)
    1.80861e+03   -9.52264e+02    1.54691e+03    2.90616e+02   -5.60275e-01
 Pressure (bar)   Constr. rmsd
    5.12948e+01    1.74102e-06

           Step           Time
         210000      210.00000

   Energies (kJ/mol)
          Angle        LJ (SR)  Disper. corr.   Coulomb (SR)      Potential
    1.55028e+02    4.34686e+02   -4.12767e+00   -3.29161e+03   -2.70602e+03
    Kinetic En.   Total Energy  Conserved En.    Temperature Pres. DC (bar)
    1.88042e+03   -8.25606e+02    1.63669e+03    3.02154e+02   -5.60275e-01
 Pressure (bar)   Constr. rmsd
    8.31614e+01    1.72034e-06

           Step           Time
         220000      220.00000

   Energies (kJ/mol)
          Angle        LJ (SR)  Disper. corr.   Coulomb (SR)      Potential
    1.51879e+02    2.74965e+02   -4.12767e+00   -3.26249e+03   -2.83977e+03
    Kinetic En.   Total Energy  Conserved En.    Temperature Pres. DC (bar)
    1.78099e+03   -1.05878e+03    1.70661e+03    2.86177e+02   -5.60275e-01
 Pressure (bar)   Constr. rmsd
   -5.24005e+01    1.49631e-06

           Step           Time
         230000      230.00000

   Energies (kJ/mol)
          Angle        LJ (SR)  Disper. corr.   Coulomb (SR)      Potential
    1.56248e+02    3.73919e+02   -4.12767e+00   -3.29844e+03   -2.77240e+03
    Kinetic En.   Total Energy  Conserved En.    Temperature Pres. DC (bar)
    1.91632e+03   -8.56085e+02    1.79914e+03    3.07922e+02   -5.60275e-01
 Pressure (bar)   Constr. rmsd
    7.14719e+01    1.68251e-06

           Step           Time
         240000      240.00000

   Energies (kJ/mol)
          Angle        LJ (SR)  Disper. corr.   Coulomb (SR)      Potential
    1.51214e+02    4.33516e+02   -4.12767e+00   -3.42855e+03   -2.84795e+03
    Kinetic En.   Total Energy  Conserved En.    Temperature Pres. DC (bar)
    1.93668e+03   -9.11265e+02    1.88982e+03    3.11195e+02   -5.60275e-01
 Pressure (bar)   Constr. rmsd
    1.68482e+02    1.44372e-06

           Step           Time
         250000      250.00000

   Energies (kJ/mol)
          Angle        LJ (SR)  Disper. corr.   Coulomb (SR)      Potential
    1.62382e+02    4.51820e+02   -4.12767e+00   -3.46960e+03   -2.85953e+03
    Kinetic En.   Total Energy  Conserved En.    Temperature Pres. DC (bar)
    1.86036e+03   -9.99166e+02    1.95917e+03    2.98932e+02   -5.60275e-01
 Pressure (bar)   Constr. rmsd
    7.68050e+01    1.58458e-06

           Step           Time
         260000      260.00000

   Energies (kJ/mol)
          Angle        LJ (SR)  Disper. corr.   Coulomb (SR)      Potential
    1.56257e+02    4.86256e+02   -4.12767e+00   -3.68969e+03   -3.05130e+03
    Kinetic En.   Total Energy  Conserved En.    Temperature Pres. DC (bar)
    1.71030e+03   -1.34101e+03    2.05612e+03    2.74818e+02   -5.60275e-01
 Pressure (bar)   Constr. rmsd
    9.60337e+01    1.52304e-06

           Step           Time
         270000      270.00000

   Energies (kJ/mol)
          Angle        LJ (SR)  Disper. corr.   Coulomb (SR)      Potential
    1.58056e+02    5.03454e+02   -4.12767e+00   -3.75056e+03   -3.09317e+03
    Kinetic En.   Total Energy  Conserved En.    Temperature Pres. DC (bar)
    1.76820e+03   -1.32497e+03    2.14343e+03    2.84122e+02   -5.60275e-01
 Pressure (bar)   Constr. rmsd
    4.22741e+01    1.46023e-06

           Step           Time
         280000      280.00000

   Energies (kJ/mol)
          Angle        LJ (SR)  Disper. corr.   Coulomb (SR)      Potential
    1.64558e+02    4.19211e+02   -4.12767e+00   -3.56656e+03   -2.98692e+03
    Kinetic En.   Total Energy  Conserved En.    Temperature Pres. DC (bar)
    1.90447e+03   -1.08244e+03    2.25464e+03    3.06019e+02   -5.60275e-01
 Pressure (bar)   Constr. rmsd
    4.38481e+00    1.57226e-06

           Step           Time
         290000      290.00000

   Energies (kJ/mol)
          Angle        LJ (SR)  Disper. corr.   Coulomb (SR)      Potential
    1.87988e+02    4.26979e+02   -4.12767e+00   -3.50624e+03   -2.89540e+03
    Kinetic En.   Total Energy  Conserved En.    Temperature Pres. DC (bar)
    1.90000e+03   -9.95406e+02    2.33226e+03    3.05300e+02   -5.60275e-01
 Pressure (bar)   Constr. rmsd
    7.82793e+01    1.65501e-06

           Step           Time
         300000      300.00000

   Energies (kJ/mol)
          Angle        LJ (SR)  Disper. corr.   Coulomb (SR)      Potential
    2.01035e+02    4.52243e+02   -4.12767e+00   -3.63522e+03   -2.98607e+03
    Kinetic En.   Total Energy  Conserved En.    Temperature Pres. DC (bar)
    1.98253e+03   -1.00354e+03    2.40101e+03    3.18563e+02   -5.60275e-01
 Pressure (bar)   Constr. rmsd
    4.45079e+01    1.54063e-06

           Step           Time
         310000      310.00000

   Energies (kJ/mol)
          Angle        LJ (SR)  Disper. corr.   Coulomb (SR)      Potential
    1.69708e+02    4.17674e+02   -4.12767e+00   -3.59941e+03   -3.01615e+03
    Kinetic En.   Total Energy  Conserved En.    Temperature Pres. DC (bar)
    1.79981e+03   -1.21634e+03    2.46834e+03    2.89202e+02   -5.60275e-01
 Pressure (bar)   Constr. rmsd
    4.05421e+01    1.53252e-06

           Step           Time
         320000      320.00000

   Energies (kJ/mol)
          Angle        LJ (SR)  Disper. corr.   Coulomb (SR)      Potential
    1.89558e+02    3.91446e+02   -4.12767e+00   -3.55567e+03   -2.97880e+03
    Kinetic En.   Total Energy  Conserved En.    Temperature Pres. DC (bar)
    1.89210e+03   -1.08669e+03    2.58417e+03    3.04032e+02   -5.60275e-01
 Pressure (bar)   Constr. rmsd
    3.20126e+01    1.62565e-06

           Step           Time
         330000      330.00000

   Energies (kJ/mol)
          Angle        LJ (SR)  Disper. corr.   Coulomb (SR)      Potential
    1.82574e+02    4.91101e+02   -4.12767e+00   -3.67245e+03   -3.00290e+03
    Kinetic En.   Total Energy  Conserved En.    Temperature Pres. DC (bar)
    1.87937e+03   -1.12353e+03    2.69287e+03    3.01986e+02   -5.60275e-01
 Pressure (bar)   Constr. rmsd
    8.84512e+01    1.54573e-06

           Step           Time
         340000      340.00000

   Energies (kJ/mol)
          Angle        LJ (SR)  Disper. corr.   Coulomb (SR)      Potential
    1.98239e+02    5.03232e+02   -4.12767e+00   -3.77773e+03   -3.08039e+03
    Kinetic En.   Total Energy  Conserved En.    Temperature Pres. DC (bar)
    1.69765e+03   -1.38274e+03    2.79379e+03    2.72786e+02   -5.60275e-01
 Pressure (bar)   Constr. rmsd
   -2.30092e-01    1.46496e-06

           Step           Time
         350000      350.00000

   Energies (kJ/mol)
          Angle        LJ (SR)  Disper. corr.   Coulomb (SR)      Potential
    1.70324e+02    3.61051e+02   -4.12767e+00   -3.57747e+03   -3.05022e+03
    Kinetic En.   Total Energy  Conserved En.    Temperature Pres. DC (bar)
    1.76423e+03   -1.28599e+03    2.86297e+03    2.83485e+02   -5.60275e-01
 Pressure (bar)   Constr. rmsd
    3.44970e+01    1.36971e-06

           Step           Time
         360000      360.00000

   Energies (kJ/mol)
          Angle        LJ (SR)  Disper. corr.   Coulomb (SR)      Potential
    1.83125e+02    4.86683e+02   -4.12767e+00   -3.59192e+03   -2.92624e+03
    Kinetic En.   Total Energy  Conserved En.    Temperature Pres. DC (bar)
    1.88456e+03   -1.04168e+03    2.94245e+03    3.02820e+02   -5.60275e-01
 Pressure (bar)   Constr. rmsd
    9.71790e+00    1.56850e-06

           Step           Time
         370000      370.00000

   Energies (kJ/mol)
          Angle        LJ (SR)  Disper. corr.   Coulomb (SR)      Potential
    2.06562e+02    4.88640e+02   -4.12767e+00   -3.75239e+03   -3.06132e+03
    Kinetic En.   Total Energy  Conserved En.    Temperature Pres. DC (bar)
    1.82531e+03   -1.23601e+03    3.02284e+03    2.93299e+02   -5.60275e-01
 Pressure (bar)   Constr. rmsd
    5.80890e+01    1.41565e-06

           Step           Time
         380000      380.00000

   Energies (kJ/mol)
          Angle        LJ (SR)  Disper. corr.   Coulomb (SR)      Potential
    1.98796e+02    4.33410e+02   -4.12767e+00   -3.59204e+03   -2.96396e+03
    Kinetic En.   Total Energy  Conserved En.    Temperature Pres. DC (bar)
    1.83929e+03   -1.12467e+03    3.10731e+03    2.95546e+02   -5.60275e-01
 Pressure (bar)   Constr. rmsd
   -1.70598e+01    1.54142e-06

           Step           Time
         390000      390.00000

   Energies (kJ/mol)
          Angle        LJ (SR)  Disper. corr.   Coulomb (SR)      Potential
    2.00497e+02    4.49243e+02   -4.12767e+00   -3.67143e+03   -3.02582e+03
    Kinetic En.   Total Energy  Conserved En.    Temperature Pres. DC (bar)
    1.88577e+03   -1.14006e+03    3.20838e+03    3.03013e+02   -5.60275e-01
 Pressure (bar)   Constr. rmsd
    4.04105e+01    1.61732e-06

           Step           Time
         400000      400.00000

   Energies (kJ/mol)
          Angle        LJ (SR)  Disper. corr.   Coulomb (SR)      Potential
    1.84084e+02    4.34683e+02   -4.12767e+00   -3.60727e+03   -2.99263e+03
    Kinetic En.   Total Energy  Conserved En.    Temperature Pres. DC (bar)
    1.87470e+03   -1.11793e+03    3.30177e+03    3.01236e+02   -5.60275e-01
 Pressure (bar)   Constr. rmsd
   -7.54814e+01    1.52413e-06

           Step           Time
         410000      410.00000

   Energies (kJ/mol)
          Angle        LJ (SR)  Disper. corr.   Coulomb (SR)      Potential
    2.14048e+02    5.73391e+02   -4.12767e+00   -3.80201e+03   -3.01869e+03
    Kinetic En.   Total Energy  Conserved En.    Temperature Pres. DC (bar)
    1.99676e+03   -1.02193e+03    3.39274e+03    3.20849e+02   -5.60275e-01
 Pressure (bar)   Constr. rmsd
    8.36585e+01    1.56365e-06

           Step           Time
         420000      420.00000

   Energies (kJ/mol)
          Angle        LJ (SR)  Disper. corr.   Coulomb (SR)      Potential
    2.19109e+02    4.53814e+02   -4.12767e+00   -3.59209e+03   -2.92330e+03
    Kinetic En.   Total Energy  Conserved En.    Temperature Pres. DC (bar)
    1.79457e+03   -1.12873e+03    3.48905e+03    2.88359e+02   -5.60275e-01
 Pressure (bar)   Constr. rmsd
    1.53559e+02    1.68617e-06

           Step           Time
         430000      430.00000

   Energies (kJ/mol)
          Angle        LJ (SR)  Disper. corr.   Coulomb (SR)      Potential
    2.24810e+02    4.49095e+02   -4.12767e+00   -3.61372e+03   -2.94394e+03
    Kinetic En.   Total Energy  Conserved En.    Temperature Pres. DC (bar)
    1.77784e+03   -1.16610e+03    3.55163e+03    2.85672e+02   -5.60275e-01
 Pressure (bar)   Constr. rmsd
    1.30974e+01    1.67609e-06

           Step           Time
         440000      440.00000

   Energies (kJ/mol)
          Angle        LJ (SR)  Disper. corr.   Coulomb (SR)      Potential
    2.12641e+02    4.35656e+02   -4.12767e+00   -3.73142e+03   -3.08725e+03
    Kinetic En.   Total Energy  Conserved En.    Temperature Pres. DC (bar)
    1.77543e+03   -1.31182e+03    3.60888e+03    2.85285e+02   -5.60275e-01
 Pressure (bar)   Constr. rmsd
   -7.29947e+00    1.57833e-06

           Step           Time
         450000      450.00000

   Energies (kJ/mol)
          Angle        LJ (SR)  Disper. corr.   Coulomb (SR)      Potential
    1.99680e+02    5.12431e+02   -4.12767e+00   -3.91889e+03   -3.21091e+03
    Kinetic En.   Total Energy  Conserved En.    Temperature Pres. DC (bar)
    1.83533e+03   -1.37557e+03    3.68276e+03    2.94910e+02   -5.60275e-01
 Pressure (bar)   Constr. rmsd
    2.73769e+01    1.58012e-06

           Step           Time
         460000      460.00000

   Energies (kJ/mol)
          Angle        LJ (SR)  Disper. corr.   Coulomb (SR)      Potential
    1.86661e+02    4.49816e+02   -4.12767e+00   -3.75740e+03   -3.12505e+03
    Kinetic En.   Total Energy  Conserved En.    Temperature Pres. DC (bar)
    1.89438e+03   -1.23067e+03    3.79015e+03    3.04397e+02   -5.60275e-01
 Pressure (bar)   Constr. rmsd
    1.81244e+01    1.63746e-06

           Step           Time
         470000      470.00000

   Energies (kJ/mol)
          Angle        LJ (SR)  Disper. corr.   Coulomb (SR)      Potential
    2.02022e+02    4.35549e+02   -4.12767e+00   -3.78241e+03   -3.14896e+03
    Kinetic En.   Total Energy  Conserved En.    Temperature Pres. DC (bar)
    1.84588e+03   -1.30308e+03    3.88986e+03    2.96604e+02   -5.60275e-01
 Pressure (bar)   Constr. rmsd
    1.49881e+02    1.62864e-06

           Step           Time
         480000      480.00000

   Energies (kJ/mol)
          Angle        LJ (SR)  Disper. corr.   Coulomb (SR)      Potential
    1.86799e+02    4.96521e+02   -4.12767e+00   -3.74623e+03   -3.06704e+03
    Kinetic En.   Total Energy  Conserved En.    Temperature Pres. DC (bar)
    1.78824e+03   -1.27879e+03    3.95178e+03    2.87343e+02   -5.60275e-01
 Pressure (bar)   Constr. rmsd
   -5.50836e+01    1.51702e-06

           Step           Time
         490000      490.00000

   Energies (kJ/mol)
          Angle        LJ (SR)  Disper. corr.   Coulomb (SR)      Potential
    1.97517e+02    5.48919e+02   -4.12767e+00   -4.01410e+03   -3.27179e+03
    Kinetic En.   Total Energy  Conserved En.    Temperature Pres. DC (bar)
    1.90973e+03   -1.36206e+03    4.02277e+03    3.06865e+02   -5.60275e-01
 Pressure (bar)   Constr. rmsd
    6.39596e+01    1.44242e-06

           Step           Time
         500000      500.00000

Writing checkpoint, step 500000 at Thu Oct 12 03:15:35 2023


   Energies (kJ/mol)
          Angle        LJ (SR)  Disper. corr.   Coulomb (SR)      Potential
    1.89703e+02    5.87858e+02   -4.12767e+00   -3.99146e+03   -3.21803e+03
    Kinetic En.   Total Energy  Conserved En.    Temperature Pres. DC (bar)
    1.89777e+03   -1.32025e+03    4.14812e+03    3.04942e+02   -5.60275e-01
 Pressure (bar)   Constr. rmsd
    1.20195e+02    1.43095e-06


Energy conservation over simulation part #1 of length 500 ns, time 0 to 500 ns
  Conserved energy drift: 1.17e-02 kJ/mol/ps per atom


	<======  ###############  ==>
	<====  A V E R A G E S  ====>
	<==  ###############  ======>

	Statistics over 500001 steps using 5001 frames

   Energies (kJ/mol)
          Angle        LJ (SR)  Disper. corr.   Coulomb (SR)      Potential
    1.46873e+02    4.03015e+02   -4.12767e+00   -3.24103e+03   -2.69527e+03
    Kinetic En.   Total Energy  Conserved En.    Temperature Pres. DC (bar)
    1.85507e+03   -8.40197e+02    2.04122e+03    2.98081e+02   -5.60275e-01
 Pressure (bar)   Constr. rmsd
    3.78053e+01    0.00000e+00

   Total Virial (kJ/mol)
    4.76923e+02    2.56903e-01    2.55304e+00
    2.71474e-01    4.74472e+02    1.21962e+00
    2.55655e+00    1.21921e+00    4.76795e+02

   Pressure (bar)
    3.82182e+01    4.92345e-03   -8.88899e-01
    1.05215e-03    3.89777e+01    3.55828e-01
   -8.89831e-01    3.55937e-01    3.62200e+01


	M E G A - F L O P S   A C C O U N T I N G

 NB=Group-cutoff nonbonded kernels    NxN=N-by-N cluster Verlet kernels
 RF=Reaction-Field  VdW=Van der Waals  QSTab=quadratic-spline table
 W3=SPC/TIP3p  W4=TIP4p (single or pairs)
 V&F=Potential and force  V=Potential only  F=Force only

 Computing:                               M-Number         M-Flops  % Flops
-----------------------------------------------------------------------------
 Pair Search distance check             418.412096        3765.709     0.3
 NxN RF Elec. + LJ [F]                20291.757952      771086.802    67.0
 NxN RF Elec. + LJ [V&F]                204.974008       11068.596     1.0
 NxN RF Electrostatics [F]             9510.726976      294832.536    25.6
 NxN RF Electrostatics [V&F]             96.087240        3459.141     0.3
 Shift-X                                  8.750700          52.504     0.0
 Angles                                 150.000300       25200.050     2.2
 Virial                                   3.725745          67.063     0.0
 Stop-CM                                  3.501400          35.014     0.0
 Calc-Ekin                               70.001400        1890.038     0.2
 Lincs                                  150.000900        9000.054     0.8
 Lincs-Mat                             1800.010800        7200.043     0.6
 Constraint-V                           450.001800        4050.016     0.4
 Constraint-Vir                           3.000600          72.014     0.0
 Settle                                  50.000300       18500.111     1.6
-----------------------------------------------------------------------------
 Total                                                 1150279.693   100.0
-----------------------------------------------------------------------------


     R E A L   C Y C L E   A N D   T I M E   A C C O U N T I N G

On 1 MPI rank, each using 12 OpenMP threads

 Computing:          Num   Num      Call    Wall time         Giga-Cycles
                     Ranks Threads  Count      (s)         total sum    %
-----------------------------------------------------------------------------
 Neighbor search        1   12      12501       1.624         48.632   3.0
 Force                  1   12     500001      20.150        603.530  37.3
 NB X/F buffer ops.     1   12     987501      12.632        378.357  23.4
 Write traj.            1   12        501       0.174          5.211   0.3
 Update                 1   12     500001       6.452        193.239  11.9
 Constraints            1   12     500003      10.168        304.547  18.8
 Rest                                           2.892         86.611   5.3
-----------------------------------------------------------------------------
 Total                                         54.091       1620.127 100.0
-----------------------------------------------------------------------------

               Core t (s)   Wall t (s)        (%)
       Time:      649.087       54.091     1200.0
                 (ns/day)    (hour/ns)
Performance:      798.661        0.030
Finished mdrun on rank 0 Thu Oct 12 03:15:35 2023

